[0.114s] DEBUG:colcon:Command line arguments: ['/usr/bin/colcon', 'build', '--event-handlers', 'status+', 'console_start_end+', '--cmake-args', '-G', 'CodeBlocks - Unix Makefiles', '-DCMAKE_BUILD_TYPE=Debug']
[0.114s] DEBUG:colcon:Parsed command line arguments: Namespace(log_base=None, log_level=None, verb_name='build', build_base='build', install_base='install', merge_install=False, symlink_install=False, test_result_base=None, continue_on_error=False, executor='parallel', parallel_workers=8, event_handlers=['status+', 'console_start_end+'], ignore_user_meta=False, metas=['./colcon.meta'], base_paths=['.'], packages_ignore=None, packages_ignore_regex=None, paths=None, packages_up_to=None, packages_up_to_regex=None, packages_above=None, packages_above_and_dependencies=None, packages_above_depth=None, packages_select_by_dep=None, packages_skip_by_dep=None, packages_skip_up_to=None, packages_select_build_failed=False, packages_skip_build_finished=False, packages_select_test_failures=False, packages_skip_test_passed=False, packages_select=None, packages_skip=None, packages_select_regex=None, packages_skip_regex=None, packages_start=None, packages_end=None, allow_overriding=[], cmake_args=['-G', 'CodeBlocks - Unix Makefiles', '-DCMAKE_BUILD_TYPE=Debug'], cmake_target=None, cmake_target_skip_unavailable=False, cmake_clean_cache=False, cmake_clean_first=False, cmake_force_configure=False, ament_cmake_args=None, catkin_cmake_args=None, catkin_skip_building_tests=False, mixin_files=None, mixin=None, verb_parser=<colcon_mixin.mixin.mixin_argument.MixinArgumentDecorator object at 0x7f13a9851e10>, verb_extension=<colcon_core.verb.build.BuildVerb object at 0x7f13a9966d10>, main=<bound method BuildVerb.main of <colcon_core.verb.build.BuildVerb object at 0x7f13a9966d10>>, mixin_verb=('build',))
[0.290s] Level 1:colcon.colcon_core.package_discovery:discover_packages(colcon_meta) check parameters
[0.290s] Level 1:colcon.colcon_core.package_discovery:discover_packages(recursive) check parameters
[0.290s] Level 1:colcon.colcon_core.package_discovery:discover_packages(ignore) check parameters
[0.290s] Level 1:colcon.colcon_core.package_discovery:discover_packages(path) check parameters
[0.290s] Level 1:colcon.colcon_core.package_discovery:discover_packages(colcon_meta) discover
[0.290s] Level 1:colcon.colcon_core.package_discovery:discover_packages(recursive) discover
[0.290s] INFO:colcon.colcon_core.package_discovery:Crawling recursively for packages in '/home/uuv/Development/rov-ros2/ws_desktop_qt'
[0.290s] Level 1:colcon.colcon_core.package_identification:_identify(.) by extensions ['ignore', 'ignore_ament_install']
[0.290s] Level 1:colcon.colcon_core.package_identification:_identify(.) by extension 'ignore'
[0.290s] Level 1:colcon.colcon_core.package_identification:_identify(.) by extension 'ignore_ament_install'
[0.291s] Level 1:colcon.colcon_core.package_identification:_identify(.) by extensions ['colcon_pkg']
[0.291s] Level 1:colcon.colcon_core.package_identification:_identify(.) by extension 'colcon_pkg'
[0.291s] Level 1:colcon.colcon_core.package_identification:_identify(.) by extensions ['colcon_meta']
[0.291s] Level 1:colcon.colcon_core.package_identification:_identify(.) by extension 'colcon_meta'
[0.291s] Level 1:colcon.colcon_core.package_identification:_identify(.) by extensions ['ros']
[0.291s] Level 1:colcon.colcon_core.package_identification:_identify(.) by extension 'ros'
[0.301s] Level 1:colcon.colcon_core.package_identification:_identify(.) by extensions ['cmake', 'python']
[0.301s] Level 1:colcon.colcon_core.package_identification:_identify(.) by extension 'cmake'
[0.301s] Level 1:colcon.colcon_core.package_identification:_identify(.) by extension 'python'
[0.301s] Level 1:colcon.colcon_core.package_identification:_identify(.) by extensions ['python_setup_py']
[0.301s] Level 1:colcon.colcon_core.package_identification:_identify(.) by extension 'python_setup_py'
[0.301s] Level 1:colcon.colcon_core.package_identification:_identify(build) by extensions ['ignore', 'ignore_ament_install']
[0.301s] Level 1:colcon.colcon_core.package_identification:_identify(build) by extension 'ignore'
[0.302s] Level 1:colcon.colcon_core.package_identification:_identify(build) ignored
[0.302s] Level 1:colcon.colcon_core.package_identification:_identify(install) by extensions ['ignore', 'ignore_ament_install']
[0.302s] Level 1:colcon.colcon_core.package_identification:_identify(install) by extension 'ignore'
[0.302s] Level 1:colcon.colcon_core.package_identification:_identify(install) ignored
[0.302s] Level 1:colcon.colcon_core.package_identification:_identify(log) by extensions ['ignore', 'ignore_ament_install']
[0.302s] Level 1:colcon.colcon_core.package_identification:_identify(log) by extension 'ignore'
[0.302s] Level 1:colcon.colcon_core.package_identification:_identify(log) ignored
[0.302s] Level 1:colcon.colcon_core.package_identification:_identify(src) by extensions ['ignore', 'ignore_ament_install']
[0.302s] Level 1:colcon.colcon_core.package_identification:_identify(src) by extension 'ignore'
[0.302s] Level 1:colcon.colcon_core.package_identification:_identify(src) by extension 'ignore_ament_install'
[0.302s] Level 1:colcon.colcon_core.package_identification:_identify(src) by extensions ['colcon_pkg']
[0.302s] Level 1:colcon.colcon_core.package_identification:_identify(src) by extension 'colcon_pkg'
[0.302s] Level 1:colcon.colcon_core.package_identification:_identify(src) by extensions ['colcon_meta']
[0.302s] Level 1:colcon.colcon_core.package_identification:_identify(src) by extension 'colcon_meta'
[0.302s] Level 1:colcon.colcon_core.package_identification:_identify(src) by extensions ['ros']
[0.302s] Level 1:colcon.colcon_core.package_identification:_identify(src) by extension 'ros'
[0.303s] Level 1:colcon.colcon_core.package_identification:_identify(src) by extensions ['cmake', 'python']
[0.303s] Level 1:colcon.colcon_core.package_identification:_identify(src) by extension 'cmake'
[0.303s] Level 1:colcon.colcon_core.package_identification:_identify(src) by extension 'python'
[0.303s] Level 1:colcon.colcon_core.package_identification:_identify(src) by extensions ['python_setup_py']
[0.303s] Level 1:colcon.colcon_core.package_identification:_identify(src) by extension 'python_setup_py'
[0.303s] Level 1:colcon.colcon_core.package_identification:_identify(src/desktop_qt) by extensions ['ignore', 'ignore_ament_install']
[0.303s] Level 1:colcon.colcon_core.package_identification:_identify(src/desktop_qt) by extension 'ignore'
[0.303s] Level 1:colcon.colcon_core.package_identification:_identify(src/desktop_qt) by extension 'ignore_ament_install'
[0.303s] Level 1:colcon.colcon_core.package_identification:_identify(src/desktop_qt) by extensions ['colcon_pkg']
[0.303s] Level 1:colcon.colcon_core.package_identification:_identify(src/desktop_qt) by extension 'colcon_pkg'
[0.303s] Level 1:colcon.colcon_core.package_identification:_identify(src/desktop_qt) by extensions ['colcon_meta']
[0.303s] Level 1:colcon.colcon_core.package_identification:_identify(src/desktop_qt) by extension 'colcon_meta'
[0.303s] Level 1:colcon.colcon_core.package_identification:_identify(src/desktop_qt) by extensions ['ros']
[0.303s] Level 1:colcon.colcon_core.package_identification:_identify(src/desktop_qt) by extension 'ros'
[0.306s] DEBUG:colcon.colcon_core.package_identification:Package 'src/desktop_qt' with type 'ros.ament_cmake' and name 'desktop_qt'
[0.306s] Level 1:colcon.colcon_core.package_identification:_identify(src/px4_msgs) by extensions ['ignore', 'ignore_ament_install']
[0.306s] Level 1:colcon.colcon_core.package_identification:_identify(src/px4_msgs) by extension 'ignore'
[0.306s] Level 1:colcon.colcon_core.package_identification:_identify(src/px4_msgs) by extension 'ignore_ament_install'
[0.306s] Level 1:colcon.colcon_core.package_identification:_identify(src/px4_msgs) by extensions ['colcon_pkg']
[0.306s] Level 1:colcon.colcon_core.package_identification:_identify(src/px4_msgs) by extension 'colcon_pkg'
[0.306s] Level 1:colcon.colcon_core.package_identification:_identify(src/px4_msgs) by extensions ['colcon_meta']
[0.306s] Level 1:colcon.colcon_core.package_identification:_identify(src/px4_msgs) by extension 'colcon_meta'
[0.306s] Level 1:colcon.colcon_core.package_identification:_identify(src/px4_msgs) by extensions ['ros']
[0.306s] Level 1:colcon.colcon_core.package_identification:_identify(src/px4_msgs) by extension 'ros'
[0.307s] DEBUG:colcon.colcon_core.package_identification:Package 'src/px4_msgs' with type 'ros.ament_cmake' and name 'px4_msgs'
[0.307s] Level 1:colcon.colcon_core.package_identification:_identify(src/px4_ros_com) by extensions ['ignore', 'ignore_ament_install']
[0.307s] Level 1:colcon.colcon_core.package_identification:_identify(src/px4_ros_com) by extension 'ignore'
[0.307s] Level 1:colcon.colcon_core.package_identification:_identify(src/px4_ros_com) by extension 'ignore_ament_install'
[0.307s] Level 1:colcon.colcon_core.package_identification:_identify(src/px4_ros_com) by extensions ['colcon_pkg']
[0.307s] Level 1:colcon.colcon_core.package_identification:_identify(src/px4_ros_com) by extension 'colcon_pkg'
[0.307s] Level 1:colcon.colcon_core.package_identification:_identify(src/px4_ros_com) by extensions ['colcon_meta']
[0.307s] Level 1:colcon.colcon_core.package_identification:_identify(src/px4_ros_com) by extension 'colcon_meta'
[0.307s] Level 1:colcon.colcon_core.package_identification:_identify(src/px4_ros_com) by extensions ['ros']
[0.307s] Level 1:colcon.colcon_core.package_identification:_identify(src/px4_ros_com) by extension 'ros'
[0.309s] DEBUG:colcon.colcon_core.package_identification:Package 'src/px4_ros_com' with type 'ros.ament_cmake' and name 'px4_ros_com'
[0.309s] Level 1:colcon.colcon_core.package_identification:_identify(src/qt-uic-py) by extensions ['ignore', 'ignore_ament_install']
[0.309s] Level 1:colcon.colcon_core.package_identification:_identify(src/qt-uic-py) by extension 'ignore'
[0.309s] Level 1:colcon.colcon_core.package_identification:_identify(src/qt-uic-py) by extension 'ignore_ament_install'
[0.309s] Level 1:colcon.colcon_core.package_identification:_identify(src/qt-uic-py) by extensions ['colcon_pkg']
[0.309s] Level 1:colcon.colcon_core.package_identification:_identify(src/qt-uic-py) by extension 'colcon_pkg'
[0.309s] Level 1:colcon.colcon_core.package_identification:_identify(src/qt-uic-py) by extensions ['colcon_meta']
[0.309s] Level 1:colcon.colcon_core.package_identification:_identify(src/qt-uic-py) by extension 'colcon_meta'
[0.309s] Level 1:colcon.colcon_core.package_identification:_identify(src/qt-uic-py) by extensions ['ros']
[0.309s] Level 1:colcon.colcon_core.package_identification:_identify(src/qt-uic-py) by extension 'ros'
[0.310s] DEBUG:colcon.colcon_core.package_identification:Package 'src/qt-uic-py' with type 'ros.ament_python' and name 'qt-uic-py'
[0.310s] Level 1:colcon.colcon_core.package_discovery:discover_packages(recursive) using defaults
[0.310s] Level 1:colcon.colcon_core.package_discovery:discover_packages(ignore) discover
[0.310s] Level 1:colcon.colcon_core.package_discovery:discover_packages(ignore) using defaults
[0.310s] Level 1:colcon.colcon_core.package_discovery:discover_packages(path) discover
[0.310s] Level 1:colcon.colcon_core.package_discovery:discover_packages(path) using defaults
[0.341s] Level 1:colcon.colcon_core.package_discovery:discover_packages(prefix_path) check parameters
[0.341s] Level 1:colcon.colcon_core.package_discovery:discover_packages(prefix_path) discover
[0.342s] DEBUG:colcon.colcon_installed_package_information.package_discovery:Found 4 installed packages in /home/uuv/Development/rov-ros2/ws_desktop_qt/install
[0.344s] DEBUG:colcon.colcon_installed_package_information.package_discovery:Found 272 installed packages in /opt/ros/humble
[0.345s] Level 1:colcon.colcon_core.package_discovery:discover_packages(prefix_path) using defaults
[0.384s] Level 5:colcon.colcon_core.verb:set package 'px4_msgs' build argument 'cmake_args' from command line to '['-G', 'CodeBlocks - Unix Makefiles', '-DCMAKE_BUILD_TYPE=Debug']'
[0.384s] Level 5:colcon.colcon_core.verb:set package 'px4_msgs' build argument 'cmake_target' from command line to 'None'
[0.384s] Level 5:colcon.colcon_core.verb:set package 'px4_msgs' build argument 'cmake_target_skip_unavailable' from command line to 'False'
[0.385s] Level 5:colcon.colcon_core.verb:set package 'px4_msgs' build argument 'cmake_clean_cache' from command line to 'False'
[0.385s] Level 5:colcon.colcon_core.verb:set package 'px4_msgs' build argument 'cmake_clean_first' from command line to 'False'
[0.385s] Level 5:colcon.colcon_core.verb:set package 'px4_msgs' build argument 'cmake_force_configure' from command line to 'False'
[0.385s] Level 5:colcon.colcon_core.verb:set package 'px4_msgs' build argument 'ament_cmake_args' from command line to 'None'
[0.385s] Level 5:colcon.colcon_core.verb:set package 'px4_msgs' build argument 'catkin_cmake_args' from command line to 'None'
[0.385s] Level 5:colcon.colcon_core.verb:set package 'px4_msgs' build argument 'catkin_skip_building_tests' from command line to 'False'
[0.385s] DEBUG:colcon.colcon_core.verb:Building package 'px4_msgs' with the following arguments: {'ament_cmake_args': None, 'build_base': '/home/uuv/Development/rov-ros2/ws_desktop_qt/build/px4_msgs', 'catkin_cmake_args': None, 'catkin_skip_building_tests': False, 'cmake_args': ['-G', 'CodeBlocks - Unix Makefiles', '-DCMAKE_BUILD_TYPE=Debug'], 'cmake_clean_cache': False, 'cmake_clean_first': False, 'cmake_force_configure': False, 'cmake_target': None, 'cmake_target_skip_unavailable': False, 'install_base': '/home/uuv/Development/rov-ros2/ws_desktop_qt/install/px4_msgs', 'merge_install': False, 'path': '/home/uuv/Development/rov-ros2/ws_desktop_qt/src/px4_msgs', 'symlink_install': False, 'test_result_base': None}
[0.385s] Level 5:colcon.colcon_core.verb:set package 'qt-uic-py' build argument 'cmake_args' from command line to '['-G', 'CodeBlocks - Unix Makefiles', '-DCMAKE_BUILD_TYPE=Debug']'
[0.385s] Level 5:colcon.colcon_core.verb:set package 'qt-uic-py' build argument 'cmake_target' from command line to 'None'
[0.385s] Level 5:colcon.colcon_core.verb:set package 'qt-uic-py' build argument 'cmake_target_skip_unavailable' from command line to 'False'
[0.385s] Level 5:colcon.colcon_core.verb:set package 'qt-uic-py' build argument 'cmake_clean_cache' from command line to 'False'
[0.385s] Level 5:colcon.colcon_core.verb:set package 'qt-uic-py' build argument 'cmake_clean_first' from command line to 'False'
[0.385s] Level 5:colcon.colcon_core.verb:set package 'qt-uic-py' build argument 'cmake_force_configure' from command line to 'False'
[0.385s] Level 5:colcon.colcon_core.verb:set package 'qt-uic-py' build argument 'ament_cmake_args' from command line to 'None'
[0.385s] Level 5:colcon.colcon_core.verb:set package 'qt-uic-py' build argument 'catkin_cmake_args' from command line to 'None'
[0.385s] Level 5:colcon.colcon_core.verb:set package 'qt-uic-py' build argument 'catkin_skip_building_tests' from command line to 'False'
[0.385s] DEBUG:colcon.colcon_core.verb:Building package 'qt-uic-py' with the following arguments: {'ament_cmake_args': None, 'build_base': '/home/uuv/Development/rov-ros2/ws_desktop_qt/build/qt-uic-py', 'catkin_cmake_args': None, 'catkin_skip_building_tests': False, 'cmake_args': ['-G', 'CodeBlocks - Unix Makefiles', '-DCMAKE_BUILD_TYPE=Debug'], 'cmake_clean_cache': False, 'cmake_clean_first': False, 'cmake_force_configure': False, 'cmake_target': None, 'cmake_target_skip_unavailable': False, 'install_base': '/home/uuv/Development/rov-ros2/ws_desktop_qt/install/qt-uic-py', 'merge_install': False, 'path': '/home/uuv/Development/rov-ros2/ws_desktop_qt/src/qt-uic-py', 'symlink_install': False, 'test_result_base': None}
[0.386s] Level 5:colcon.colcon_core.verb:set package 'desktop_qt' build argument 'cmake_args' from command line to '['-G', 'CodeBlocks - Unix Makefiles', '-DCMAKE_BUILD_TYPE=Debug']'
[0.386s] Level 5:colcon.colcon_core.verb:set package 'desktop_qt' build argument 'cmake_target' from command line to 'None'
[0.386s] Level 5:colcon.colcon_core.verb:set package 'desktop_qt' build argument 'cmake_target_skip_unavailable' from command line to 'False'
[0.386s] Level 5:colcon.colcon_core.verb:set package 'desktop_qt' build argument 'cmake_clean_cache' from command line to 'False'
[0.386s] Level 5:colcon.colcon_core.verb:set package 'desktop_qt' build argument 'cmake_clean_first' from command line to 'False'
[0.386s] Level 5:colcon.colcon_core.verb:set package 'desktop_qt' build argument 'cmake_force_configure' from command line to 'False'
[0.386s] Level 5:colcon.colcon_core.verb:set package 'desktop_qt' build argument 'ament_cmake_args' from command line to 'None'
[0.386s] Level 5:colcon.colcon_core.verb:set package 'desktop_qt' build argument 'catkin_cmake_args' from command line to 'None'
[0.386s] Level 5:colcon.colcon_core.verb:set package 'desktop_qt' build argument 'catkin_skip_building_tests' from command line to 'False'
[0.386s] DEBUG:colcon.colcon_core.verb:Building package 'desktop_qt' with the following arguments: {'ament_cmake_args': None, 'build_base': '/home/uuv/Development/rov-ros2/ws_desktop_qt/build/desktop_qt', 'catkin_cmake_args': None, 'catkin_skip_building_tests': False, 'cmake_args': ['-G', 'CodeBlocks - Unix Makefiles', '-DCMAKE_BUILD_TYPE=Debug'], 'cmake_clean_cache': False, 'cmake_clean_first': False, 'cmake_force_configure': False, 'cmake_target': None, 'cmake_target_skip_unavailable': False, 'install_base': '/home/uuv/Development/rov-ros2/ws_desktop_qt/install/desktop_qt', 'merge_install': False, 'path': '/home/uuv/Development/rov-ros2/ws_desktop_qt/src/desktop_qt', 'symlink_install': False, 'test_result_base': None}
[0.386s] Level 5:colcon.colcon_core.verb:set package 'px4_ros_com' build argument 'cmake_args' from command line to '['-G', 'CodeBlocks - Unix Makefiles', '-DCMAKE_BUILD_TYPE=Debug']'
[0.386s] Level 5:colcon.colcon_core.verb:set package 'px4_ros_com' build argument 'cmake_target' from command line to 'None'
[0.386s] Level 5:colcon.colcon_core.verb:set package 'px4_ros_com' build argument 'cmake_target_skip_unavailable' from command line to 'False'
[0.386s] Level 5:colcon.colcon_core.verb:set package 'px4_ros_com' build argument 'cmake_clean_cache' from command line to 'False'
[0.386s] Level 5:colcon.colcon_core.verb:set package 'px4_ros_com' build argument 'cmake_clean_first' from command line to 'False'
[0.386s] Level 5:colcon.colcon_core.verb:set package 'px4_ros_com' build argument 'cmake_force_configure' from command line to 'False'
[0.386s] Level 5:colcon.colcon_core.verb:set package 'px4_ros_com' build argument 'ament_cmake_args' from command line to 'None'
[0.386s] Level 5:colcon.colcon_core.verb:set package 'px4_ros_com' build argument 'catkin_cmake_args' from command line to 'None'
[0.386s] Level 5:colcon.colcon_core.verb:set package 'px4_ros_com' build argument 'catkin_skip_building_tests' from command line to 'False'
[0.387s] DEBUG:colcon.colcon_core.verb:Building package 'px4_ros_com' with the following arguments: {'ament_cmake_args': None, 'build_base': '/home/uuv/Development/rov-ros2/ws_desktop_qt/build/px4_ros_com', 'catkin_cmake_args': None, 'catkin_skip_building_tests': False, 'cmake_args': ['-G', 'CodeBlocks - Unix Makefiles', '-DCMAKE_BUILD_TYPE=Debug'], 'cmake_clean_cache': False, 'cmake_clean_first': False, 'cmake_force_configure': False, 'cmake_target': None, 'cmake_target_skip_unavailable': False, 'install_base': '/home/uuv/Development/rov-ros2/ws_desktop_qt/install/px4_ros_com', 'merge_install': False, 'path': '/home/uuv/Development/rov-ros2/ws_desktop_qt/src/px4_ros_com', 'symlink_install': False, 'test_result_base': None}
[0.387s] INFO:colcon.colcon_core.executor:Executing jobs using 'parallel' executor
[0.388s] DEBUG:colcon.colcon_parallel_executor.executor.parallel:run_until_complete
[0.388s] INFO:colcon.colcon_ros.task.ament_cmake.build:Building ROS package in '/home/uuv/Development/rov-ros2/ws_desktop_qt/src/px4_msgs' with build type 'ament_cmake'
[0.388s] INFO:colcon.colcon_cmake.task.cmake.build:Building CMake package in '/home/uuv/Development/rov-ros2/ws_desktop_qt/src/px4_msgs'
[0.390s] INFO:colcon.colcon_core.plugin_system:Skipping extension 'colcon_core.shell.bat': Not used on non-Windows systems
[0.390s] INFO:colcon.colcon_core.shell:Skip shell extension 'powershell' for command environment: Not usable outside of PowerShell
[0.390s] DEBUG:colcon.colcon_core.shell:Skip shell extension 'dsv' for command environment
[0.394s] INFO:colcon.colcon_ros.task.ament_python.build:Building ROS package in '/home/uuv/Development/rov-ros2/ws_desktop_qt/src/qt-uic-py' with build type 'ament_python'
[0.394s] Level 1:colcon.colcon_core.shell:create_environment_hook('qt-uic-py', 'ament_prefix_path')
[0.395s] INFO:colcon.colcon_core.shell:Creating environment hook '/home/uuv/Development/rov-ros2/ws_desktop_qt/install/qt-uic-py/share/qt-uic-py/hook/ament_prefix_path.ps1'
[0.395s] INFO:colcon.colcon_core.shell:Creating environment descriptor '/home/uuv/Development/rov-ros2/ws_desktop_qt/install/qt-uic-py/share/qt-uic-py/hook/ament_prefix_path.dsv'
[0.396s] INFO:colcon.colcon_core.shell:Creating environment hook '/home/uuv/Development/rov-ros2/ws_desktop_qt/install/qt-uic-py/share/qt-uic-py/hook/ament_prefix_path.sh'
[0.397s] INFO:colcon.colcon_core.shell:Skip shell extension 'powershell' for command environment: Not usable outside of PowerShell
[0.397s] DEBUG:colcon.colcon_core.shell:Skip shell extension 'dsv' for command environment
[0.406s] DEBUG:colcon.colcon_core.event_handler.log_command:Invoking command in '/home/uuv/Development/rov-ros2/ws_desktop_qt/build/px4_msgs': CMAKE_PREFIX_PATH=${CMAKE_PREFIX_PATH}:/home/uuv/Development/rov-ros2/ws_desktop_qt/install/qt-uic-py:/opt/ros/humble /usr/bin/cmake --build /home/uuv/Development/rov-ros2/ws_desktop_qt/build/px4_msgs -- -j8 -l8
[0.678s] INFO:colcon.colcon_core.task.python.build:Building Python package in '/home/uuv/Development/rov-ros2/ws_desktop_qt/src/qt-uic-py'
[0.678s] INFO:colcon.colcon_core.shell:Skip shell extension 'powershell' for command environment: Not usable outside of PowerShell
[0.678s] DEBUG:colcon.colcon_core.shell:Skip shell extension 'dsv' for command environment
[1.035s] DEBUG:colcon.colcon_core.event_handler.log_command:Invoking command in '/home/uuv/Development/rov-ros2/ws_desktop_qt/src/qt-uic-py': PYTHONPATH=/home/uuv/Development/rov-ros2/ws_desktop_qt/build/qt-uic-py/prefix_override:/usr/lib/python3/dist-packages/colcon_core/task/python/colcon_distutils_commands:/home/uuv/Development/rov-ros2/ws_desktop_qt/install/qt-uic-py/lib/python3.10/site-packages:${PYTHONPATH} /usr/bin/python3 -W ignore:setup.py install is deprecated -W ignore:easy_install command is deprecated setup.py egg_info --egg-base ../../build/qt-uic-py build --build-base /home/uuv/Development/rov-ros2/ws_desktop_qt/build/qt-uic-py/build install --record /home/uuv/Development/rov-ros2/ws_desktop_qt/build/qt-uic-py/install.log --single-version-externally-managed install_data
[1.450s] DEBUG:colcon.colcon_core.event_handler.log_command:Invoked command in '/home/uuv/Development/rov-ros2/ws_desktop_qt/src/qt-uic-py' returned '0': PYTHONPATH=/home/uuv/Development/rov-ros2/ws_desktop_qt/build/qt-uic-py/prefix_override:/usr/lib/python3/dist-packages/colcon_core/task/python/colcon_distutils_commands:/home/uuv/Development/rov-ros2/ws_desktop_qt/install/qt-uic-py/lib/python3.10/site-packages:${PYTHONPATH} /usr/bin/python3 -W ignore:setup.py install is deprecated -W ignore:easy_install command is deprecated setup.py egg_info --egg-base ../../build/qt-uic-py build --build-base /home/uuv/Development/rov-ros2/ws_desktop_qt/build/qt-uic-py/build install --record /home/uuv/Development/rov-ros2/ws_desktop_qt/build/qt-uic-py/install.log --single-version-externally-managed install_data
[1.453s] Level 1:colcon.colcon_core.environment:checking '/home/uuv/Development/rov-ros2/ws_desktop_qt/install/qt-uic-py' for CMake module files
[1.454s] Level 1:colcon.colcon_core.environment:checking '/home/uuv/Development/rov-ros2/ws_desktop_qt/install/qt-uic-py' for CMake config files
[1.455s] Level 1:colcon.colcon_core.environment:checking '/home/uuv/Development/rov-ros2/ws_desktop_qt/install/qt-uic-py/lib'
[1.455s] Level 1:colcon.colcon_core.environment:checking '/home/uuv/Development/rov-ros2/ws_desktop_qt/install/qt-uic-py/bin'
[1.455s] Level 1:colcon.colcon_core.environment:checking '/home/uuv/Development/rov-ros2/ws_desktop_qt/install/qt-uic-py/lib/pkgconfig/qt-uic-py.pc'
[1.456s] Level 1:colcon.colcon_core.environment:checking '/home/uuv/Development/rov-ros2/ws_desktop_qt/install/qt-uic-py/lib/python3.10/site-packages'
[1.456s] Level 1:colcon.colcon_core.shell:create_environment_hook('qt-uic-py', 'pythonpath')
[1.456s] INFO:colcon.colcon_core.shell:Creating environment hook '/home/uuv/Development/rov-ros2/ws_desktop_qt/install/qt-uic-py/share/qt-uic-py/hook/pythonpath.ps1'
[1.457s] INFO:colcon.colcon_core.shell:Creating environment descriptor '/home/uuv/Development/rov-ros2/ws_desktop_qt/install/qt-uic-py/share/qt-uic-py/hook/pythonpath.dsv'
[1.458s] INFO:colcon.colcon_core.shell:Creating environment hook '/home/uuv/Development/rov-ros2/ws_desktop_qt/install/qt-uic-py/share/qt-uic-py/hook/pythonpath.sh'
[1.458s] Level 1:colcon.colcon_core.environment:checking '/home/uuv/Development/rov-ros2/ws_desktop_qt/install/qt-uic-py/bin'
[1.459s] Level 1:colcon.colcon_core.environment:create_environment_scripts_only(qt-uic-py)
[1.459s] INFO:colcon.colcon_core.shell:Creating package script '/home/uuv/Development/rov-ros2/ws_desktop_qt/install/qt-uic-py/share/qt-uic-py/package.ps1'
[1.461s] INFO:colcon.colcon_core.shell:Creating package descriptor '/home/uuv/Development/rov-ros2/ws_desktop_qt/install/qt-uic-py/share/qt-uic-py/package.dsv'
[1.462s] INFO:colcon.colcon_core.shell:Creating package script '/home/uuv/Development/rov-ros2/ws_desktop_qt/install/qt-uic-py/share/qt-uic-py/package.sh'
[1.463s] INFO:colcon.colcon_core.shell:Creating package script '/home/uuv/Development/rov-ros2/ws_desktop_qt/install/qt-uic-py/share/qt-uic-py/package.bash'
[1.464s] INFO:colcon.colcon_core.shell:Creating package script '/home/uuv/Development/rov-ros2/ws_desktop_qt/install/qt-uic-py/share/qt-uic-py/package.zsh'
[1.466s] Level 1:colcon.colcon_core.environment:create_file_with_runtime_dependencies(/home/uuv/Development/rov-ros2/ws_desktop_qt/install/qt-uic-py/share/colcon-core/packages/qt-uic-py)
[1.632s] DEBUG:colcon.colcon_core.event_handler.log_command:Invoked command in '/home/uuv/Development/rov-ros2/ws_desktop_qt/build/px4_msgs' returned '0': CMAKE_PREFIX_PATH=${CMAKE_PREFIX_PATH}:/home/uuv/Development/rov-ros2/ws_desktop_qt/install/qt-uic-py:/opt/ros/humble /usr/bin/cmake --build /home/uuv/Development/rov-ros2/ws_desktop_qt/build/px4_msgs -- -j8 -l8
[1.643s] DEBUG:colcon.colcon_core.event_handler.log_command:Invoking command in '/home/uuv/Development/rov-ros2/ws_desktop_qt/build/px4_msgs': CMAKE_PREFIX_PATH=${CMAKE_PREFIX_PATH}:/home/uuv/Development/rov-ros2/ws_desktop_qt/install/qt-uic-py:/opt/ros/humble /usr/bin/cmake --install /home/uuv/Development/rov-ros2/ws_desktop_qt/build/px4_msgs
[2.067s] Level 1:colcon.colcon_core.environment:create_environment_scripts_only(px4_msgs)
[2.067s] Level 1:colcon.colcon_core.environment:checking '/home/uuv/Development/rov-ros2/ws_desktop_qt/install/px4_msgs' for CMake module files
[2.068s] DEBUG:colcon.colcon_core.event_handler.log_command:Invoked command in '/home/uuv/Development/rov-ros2/ws_desktop_qt/build/px4_msgs' returned '0': CMAKE_PREFIX_PATH=${CMAKE_PREFIX_PATH}:/home/uuv/Development/rov-ros2/ws_desktop_qt/install/qt-uic-py:/opt/ros/humble /usr/bin/cmake --install /home/uuv/Development/rov-ros2/ws_desktop_qt/build/px4_msgs
[2.068s] Level 1:colcon.colcon_core.environment:checking '/home/uuv/Development/rov-ros2/ws_desktop_qt/install/px4_msgs' for CMake config files
[2.073s] Level 1:colcon.colcon_core.shell:create_environment_hook('px4_msgs', 'cmake_prefix_path')
[2.074s] INFO:colcon.colcon_core.shell:Creating environment hook '/home/uuv/Development/rov-ros2/ws_desktop_qt/install/px4_msgs/share/px4_msgs/hook/cmake_prefix_path.ps1'
[2.074s] INFO:colcon.colcon_core.shell:Creating environment descriptor '/home/uuv/Development/rov-ros2/ws_desktop_qt/install/px4_msgs/share/px4_msgs/hook/cmake_prefix_path.dsv'
[2.074s] INFO:colcon.colcon_core.shell:Creating environment hook '/home/uuv/Development/rov-ros2/ws_desktop_qt/install/px4_msgs/share/px4_msgs/hook/cmake_prefix_path.sh'
[2.075s] Level 1:colcon.colcon_core.environment:checking '/home/uuv/Development/rov-ros2/ws_desktop_qt/install/px4_msgs/lib'
[2.075s] Level 1:colcon.colcon_core.shell:create_environment_hook('px4_msgs', 'ld_library_path_lib')
[2.075s] INFO:colcon.colcon_core.shell:Creating environment hook '/home/uuv/Development/rov-ros2/ws_desktop_qt/install/px4_msgs/share/px4_msgs/hook/ld_library_path_lib.ps1'
[2.076s] INFO:colcon.colcon_core.shell:Creating environment descriptor '/home/uuv/Development/rov-ros2/ws_desktop_qt/install/px4_msgs/share/px4_msgs/hook/ld_library_path_lib.dsv'
[2.076s] INFO:colcon.colcon_core.shell:Creating environment hook '/home/uuv/Development/rov-ros2/ws_desktop_qt/install/px4_msgs/share/px4_msgs/hook/ld_library_path_lib.sh'
[2.076s] Level 1:colcon.colcon_core.environment:checking '/home/uuv/Development/rov-ros2/ws_desktop_qt/install/px4_msgs/bin'
[2.076s] Level 1:colcon.colcon_core.environment:checking '/home/uuv/Development/rov-ros2/ws_desktop_qt/install/px4_msgs/lib/pkgconfig/px4_msgs.pc'
[2.077s] Level 1:colcon.colcon_core.environment:checking '/home/uuv/Development/rov-ros2/ws_desktop_qt/install/px4_msgs/lib/python3.10/site-packages'
[2.077s] Level 1:colcon.colcon_core.environment:checking '/home/uuv/Development/rov-ros2/ws_desktop_qt/install/px4_msgs/bin'
[2.077s] INFO:colcon.colcon_core.shell:Creating package script '/home/uuv/Development/rov-ros2/ws_desktop_qt/install/px4_msgs/share/px4_msgs/package.ps1'
[2.078s] INFO:colcon.colcon_core.shell:Creating package descriptor '/home/uuv/Development/rov-ros2/ws_desktop_qt/install/px4_msgs/share/px4_msgs/package.dsv'
[2.078s] INFO:colcon.colcon_core.shell:Creating package script '/home/uuv/Development/rov-ros2/ws_desktop_qt/install/px4_msgs/share/px4_msgs/package.sh'
[2.078s] INFO:colcon.colcon_core.shell:Creating package script '/home/uuv/Development/rov-ros2/ws_desktop_qt/install/px4_msgs/share/px4_msgs/package.bash'
[2.079s] INFO:colcon.colcon_core.shell:Creating package script '/home/uuv/Development/rov-ros2/ws_desktop_qt/install/px4_msgs/share/px4_msgs/package.zsh'
[2.079s] Level 1:colcon.colcon_core.environment:create_file_with_runtime_dependencies(/home/uuv/Development/rov-ros2/ws_desktop_qt/install/px4_msgs/share/colcon-core/packages/px4_msgs)
[2.080s] Level 1:colcon.colcon_core.environment:create_environment_scripts_only(px4_msgs)
[2.080s] Level 1:colcon.colcon_core.environment:checking '/home/uuv/Development/rov-ros2/ws_desktop_qt/install/px4_msgs' for CMake module files
[2.080s] Level 1:colcon.colcon_core.environment:checking '/home/uuv/Development/rov-ros2/ws_desktop_qt/install/px4_msgs' for CMake config files
[2.085s] Level 1:colcon.colcon_core.shell:create_environment_hook('px4_msgs', 'cmake_prefix_path')
[2.086s] INFO:colcon.colcon_core.shell:Creating environment hook '/home/uuv/Development/rov-ros2/ws_desktop_qt/install/px4_msgs/share/px4_msgs/hook/cmake_prefix_path.ps1'
[2.086s] INFO:colcon.colcon_core.shell:Creating environment descriptor '/home/uuv/Development/rov-ros2/ws_desktop_qt/install/px4_msgs/share/px4_msgs/hook/cmake_prefix_path.dsv'
[2.086s] INFO:colcon.colcon_core.shell:Creating environment hook '/home/uuv/Development/rov-ros2/ws_desktop_qt/install/px4_msgs/share/px4_msgs/hook/cmake_prefix_path.sh'
[2.087s] Level 1:colcon.colcon_core.environment:checking '/home/uuv/Development/rov-ros2/ws_desktop_qt/install/px4_msgs/lib'
[2.087s] Level 1:colcon.colcon_core.shell:create_environment_hook('px4_msgs', 'ld_library_path_lib')
[2.087s] INFO:colcon.colcon_core.shell:Creating environment hook '/home/uuv/Development/rov-ros2/ws_desktop_qt/install/px4_msgs/share/px4_msgs/hook/ld_library_path_lib.ps1'
[2.087s] INFO:colcon.colcon_core.shell:Creating environment descriptor '/home/uuv/Development/rov-ros2/ws_desktop_qt/install/px4_msgs/share/px4_msgs/hook/ld_library_path_lib.dsv'
[2.088s] INFO:colcon.colcon_core.shell:Creating environment hook '/home/uuv/Development/rov-ros2/ws_desktop_qt/install/px4_msgs/share/px4_msgs/hook/ld_library_path_lib.sh'
[2.088s] Level 1:colcon.colcon_core.environment:checking '/home/uuv/Development/rov-ros2/ws_desktop_qt/install/px4_msgs/bin'
[2.088s] Level 1:colcon.colcon_core.environment:checking '/home/uuv/Development/rov-ros2/ws_desktop_qt/install/px4_msgs/lib/pkgconfig/px4_msgs.pc'
[2.088s] Level 1:colcon.colcon_core.environment:checking '/home/uuv/Development/rov-ros2/ws_desktop_qt/install/px4_msgs/lib/python3.10/site-packages'
[2.089s] Level 1:colcon.colcon_core.environment:checking '/home/uuv/Development/rov-ros2/ws_desktop_qt/install/px4_msgs/bin'
[2.089s] INFO:colcon.colcon_core.shell:Creating package script '/home/uuv/Development/rov-ros2/ws_desktop_qt/install/px4_msgs/share/px4_msgs/package.ps1'
[2.089s] INFO:colcon.colcon_core.shell:Creating package descriptor '/home/uuv/Development/rov-ros2/ws_desktop_qt/install/px4_msgs/share/px4_msgs/package.dsv'
[2.090s] INFO:colcon.colcon_core.shell:Creating package script '/home/uuv/Development/rov-ros2/ws_desktop_qt/install/px4_msgs/share/px4_msgs/package.sh'
[2.090s] INFO:colcon.colcon_core.shell:Creating package script '/home/uuv/Development/rov-ros2/ws_desktop_qt/install/px4_msgs/share/px4_msgs/package.bash'
[2.091s] INFO:colcon.colcon_core.shell:Creating package script '/home/uuv/Development/rov-ros2/ws_desktop_qt/install/px4_msgs/share/px4_msgs/package.zsh'
[2.091s] Level 1:colcon.colcon_core.environment:create_file_with_runtime_dependencies(/home/uuv/Development/rov-ros2/ws_desktop_qt/install/px4_msgs/share/colcon-core/packages/px4_msgs)
[2.091s] INFO:colcon.colcon_ros.task.ament_cmake.build:Building ROS package in '/home/uuv/Development/rov-ros2/ws_desktop_qt/src/desktop_qt' with build type 'ament_cmake'
[2.092s] INFO:colcon.colcon_cmake.task.cmake.build:Building CMake package in '/home/uuv/Development/rov-ros2/ws_desktop_qt/src/desktop_qt'
[2.092s] INFO:colcon.colcon_core.shell:Skip shell extension 'powershell' for command environment: Not usable outside of PowerShell
[2.092s] DEBUG:colcon.colcon_core.shell:Skip shell extension 'dsv' for command environment
[2.096s] INFO:colcon.colcon_ros.task.ament_cmake.build:Building ROS package in '/home/uuv/Development/rov-ros2/ws_desktop_qt/src/px4_ros_com' with build type 'ament_cmake'
[2.096s] INFO:colcon.colcon_cmake.task.cmake.build:Building CMake package in '/home/uuv/Development/rov-ros2/ws_desktop_qt/src/px4_ros_com'
[2.096s] INFO:colcon.colcon_core.shell:Skip shell extension 'powershell' for command environment: Not usable outside of PowerShell
[2.097s] DEBUG:colcon.colcon_core.shell:Skip shell extension 'dsv' for command environment
[2.105s] DEBUG:colcon.colcon_core.event_handler.log_command:Invoking command in '/home/uuv/Development/rov-ros2/ws_desktop_qt/build/desktop_qt': CMAKE_PREFIX_PATH=/home/uuv/Development/rov-ros2/ws_desktop_qt/install/px4_msgs:/home/uuv/Development/rov-ros2/ws_desktop_qt/install/desktop_qt:/home/uuv/Development/rov-ros2/ws_desktop_qt/install/px4_ros_com:/home/uuv/Development/rov-ros2/ws_desktop_qt/install/qt-uic-py:/opt/ros/humble LD_LIBRARY_PATH=/home/uuv/Development/rov-ros2/ws_desktop_qt/install/px4_msgs/lib:/home/uuv/Development/rov-ros2/ws_desktop_qt/install/px4_ros_com/lib:/opt/ros/humble/opt/rviz_ogre_vendor/lib:/opt/ros/humble/lib/x86_64-linux-gnu:/opt/ros/humble/lib:/snap/qtcreator-ros/116/lib:/snap/qtcreator-ros/116/usr/lib/x86_64-linux-gnu /usr/bin/cmake --build /home/uuv/Development/rov-ros2/ws_desktop_qt/build/desktop_qt -- -j8 -l8
[2.109s] DEBUG:colcon.colcon_core.event_handler.log_command:Invoking command in '/home/uuv/Development/rov-ros2/ws_desktop_qt/build/px4_ros_com': CMAKE_PREFIX_PATH=/home/uuv/Development/rov-ros2/ws_desktop_qt/install/px4_msgs:/home/uuv/Development/rov-ros2/ws_desktop_qt/install/desktop_qt:/home/uuv/Development/rov-ros2/ws_desktop_qt/install/px4_ros_com:/home/uuv/Development/rov-ros2/ws_desktop_qt/install/qt-uic-py:/opt/ros/humble LD_LIBRARY_PATH=/home/uuv/Development/rov-ros2/ws_desktop_qt/install/px4_msgs/lib:/home/uuv/Development/rov-ros2/ws_desktop_qt/install/px4_ros_com/lib:/opt/ros/humble/opt/rviz_ogre_vendor/lib:/opt/ros/humble/lib/x86_64-linux-gnu:/opt/ros/humble/lib:/snap/qtcreator-ros/116/lib:/snap/qtcreator-ros/116/usr/lib/x86_64-linux-gnu /usr/bin/cmake --build /home/uuv/Development/rov-ros2/ws_desktop_qt/build/px4_ros_com -- -j8 -l8
[2.246s] DEBUG:colcon.colcon_core.event_handler.log_command:Invoked command in '/home/uuv/Development/rov-ros2/ws_desktop_qt/build/desktop_qt' returned '0': CMAKE_PREFIX_PATH=/home/uuv/Development/rov-ros2/ws_desktop_qt/install/px4_msgs:/home/uuv/Development/rov-ros2/ws_desktop_qt/install/desktop_qt:/home/uuv/Development/rov-ros2/ws_desktop_qt/install/px4_ros_com:/home/uuv/Development/rov-ros2/ws_desktop_qt/install/qt-uic-py:/opt/ros/humble LD_LIBRARY_PATH=/home/uuv/Development/rov-ros2/ws_desktop_qt/install/px4_msgs/lib:/home/uuv/Development/rov-ros2/ws_desktop_qt/install/px4_ros_com/lib:/opt/ros/humble/opt/rviz_ogre_vendor/lib:/opt/ros/humble/lib/x86_64-linux-gnu:/opt/ros/humble/lib:/snap/qtcreator-ros/116/lib:/snap/qtcreator-ros/116/usr/lib/x86_64-linux-gnu /usr/bin/cmake --build /home/uuv/Development/rov-ros2/ws_desktop_qt/build/desktop_qt -- -j8 -l8
[2.248s] DEBUG:colcon.colcon_core.event_handler.log_command:Invoking command in '/home/uuv/Development/rov-ros2/ws_desktop_qt/build/desktop_qt': CMAKE_PREFIX_PATH=/home/uuv/Development/rov-ros2/ws_desktop_qt/install/px4_msgs:/home/uuv/Development/rov-ros2/ws_desktop_qt/install/desktop_qt:/home/uuv/Development/rov-ros2/ws_desktop_qt/install/px4_ros_com:/home/uuv/Development/rov-ros2/ws_desktop_qt/install/qt-uic-py:/opt/ros/humble LD_LIBRARY_PATH=/home/uuv/Development/rov-ros2/ws_desktop_qt/install/px4_msgs/lib:/home/uuv/Development/rov-ros2/ws_desktop_qt/install/px4_ros_com/lib:/opt/ros/humble/opt/rviz_ogre_vendor/lib:/opt/ros/humble/lib/x86_64-linux-gnu:/opt/ros/humble/lib:/snap/qtcreator-ros/116/lib:/snap/qtcreator-ros/116/usr/lib/x86_64-linux-gnu /usr/bin/cmake --install /home/uuv/Development/rov-ros2/ws_desktop_qt/build/desktop_qt
[2.259s] Level 1:colcon.colcon_core.environment:create_environment_scripts_only(desktop_qt)
[2.259s] Level 1:colcon.colcon_core.environment:checking '/home/uuv/Development/rov-ros2/ws_desktop_qt/install/desktop_qt' for CMake module files
[2.260s] DEBUG:colcon.colcon_core.event_handler.log_command:Invoked command in '/home/uuv/Development/rov-ros2/ws_desktop_qt/build/desktop_qt' returned '0': CMAKE_PREFIX_PATH=/home/uuv/Development/rov-ros2/ws_desktop_qt/install/px4_msgs:/home/uuv/Development/rov-ros2/ws_desktop_qt/install/desktop_qt:/home/uuv/Development/rov-ros2/ws_desktop_qt/install/px4_ros_com:/home/uuv/Development/rov-ros2/ws_desktop_qt/install/qt-uic-py:/opt/ros/humble LD_LIBRARY_PATH=/home/uuv/Development/rov-ros2/ws_desktop_qt/install/px4_msgs/lib:/home/uuv/Development/rov-ros2/ws_desktop_qt/install/px4_ros_com/lib:/opt/ros/humble/opt/rviz_ogre_vendor/lib:/opt/ros/humble/lib/x86_64-linux-gnu:/opt/ros/humble/lib:/snap/qtcreator-ros/116/lib:/snap/qtcreator-ros/116/usr/lib/x86_64-linux-gnu /usr/bin/cmake --install /home/uuv/Development/rov-ros2/ws_desktop_qt/build/desktop_qt
[2.260s] Level 1:colcon.colcon_core.environment:checking '/home/uuv/Development/rov-ros2/ws_desktop_qt/install/desktop_qt' for CMake config files
[2.261s] Level 1:colcon.colcon_core.shell:create_environment_hook('desktop_qt', 'cmake_prefix_path')
[2.261s] INFO:colcon.colcon_core.shell:Creating environment hook '/home/uuv/Development/rov-ros2/ws_desktop_qt/install/desktop_qt/share/desktop_qt/hook/cmake_prefix_path.ps1'
[2.261s] INFO:colcon.colcon_core.shell:Creating environment descriptor '/home/uuv/Development/rov-ros2/ws_desktop_qt/install/desktop_qt/share/desktop_qt/hook/cmake_prefix_path.dsv'
[2.262s] INFO:colcon.colcon_core.shell:Creating environment hook '/home/uuv/Development/rov-ros2/ws_desktop_qt/install/desktop_qt/share/desktop_qt/hook/cmake_prefix_path.sh'
[2.262s] Level 1:colcon.colcon_core.environment:checking '/home/uuv/Development/rov-ros2/ws_desktop_qt/install/desktop_qt/bin'
[2.262s] Level 1:colcon.colcon_core.environment:checking '/home/uuv/Development/rov-ros2/ws_desktop_qt/install/desktop_qt/lib/pkgconfig/desktop_qt.pc'
[2.263s] Level 1:colcon.colcon_core.environment:checking '/home/uuv/Development/rov-ros2/ws_desktop_qt/install/desktop_qt/lib/python3.10/site-packages'
[2.263s] Level 1:colcon.colcon_core.environment:checking '/home/uuv/Development/rov-ros2/ws_desktop_qt/install/desktop_qt/bin'
[2.263s] INFO:colcon.colcon_core.shell:Creating package script '/home/uuv/Development/rov-ros2/ws_desktop_qt/install/desktop_qt/share/desktop_qt/package.ps1'
[2.264s] INFO:colcon.colcon_core.shell:Creating package descriptor '/home/uuv/Development/rov-ros2/ws_desktop_qt/install/desktop_qt/share/desktop_qt/package.dsv'
[2.264s] INFO:colcon.colcon_core.shell:Creating package script '/home/uuv/Development/rov-ros2/ws_desktop_qt/install/desktop_qt/share/desktop_qt/package.sh'
[2.265s] INFO:colcon.colcon_core.shell:Creating package script '/home/uuv/Development/rov-ros2/ws_desktop_qt/install/desktop_qt/share/desktop_qt/package.bash'
[2.265s] INFO:colcon.colcon_core.shell:Creating package script '/home/uuv/Development/rov-ros2/ws_desktop_qt/install/desktop_qt/share/desktop_qt/package.zsh'
[2.265s] Level 1:colcon.colcon_core.environment:create_file_with_runtime_dependencies(/home/uuv/Development/rov-ros2/ws_desktop_qt/install/desktop_qt/share/colcon-core/packages/desktop_qt)
[2.266s] Level 1:colcon.colcon_core.environment:create_environment_scripts_only(desktop_qt)
[2.266s] Level 1:colcon.colcon_core.environment:checking '/home/uuv/Development/rov-ros2/ws_desktop_qt/install/desktop_qt' for CMake module files
[2.266s] Level 1:colcon.colcon_core.environment:checking '/home/uuv/Development/rov-ros2/ws_desktop_qt/install/desktop_qt' for CMake config files
[2.267s] Level 1:colcon.colcon_core.shell:create_environment_hook('desktop_qt', 'cmake_prefix_path')
[2.267s] INFO:colcon.colcon_core.shell:Creating environment hook '/home/uuv/Development/rov-ros2/ws_desktop_qt/install/desktop_qt/share/desktop_qt/hook/cmake_prefix_path.ps1'
[2.267s] INFO:colcon.colcon_core.shell:Creating environment descriptor '/home/uuv/Development/rov-ros2/ws_desktop_qt/install/desktop_qt/share/desktop_qt/hook/cmake_prefix_path.dsv'
[2.268s] INFO:colcon.colcon_core.shell:Creating environment hook '/home/uuv/Development/rov-ros2/ws_desktop_qt/install/desktop_qt/share/desktop_qt/hook/cmake_prefix_path.sh'
[2.268s] Level 1:colcon.colcon_core.environment:checking '/home/uuv/Development/rov-ros2/ws_desktop_qt/install/desktop_qt/bin'
[2.268s] Level 1:colcon.colcon_core.environment:checking '/home/uuv/Development/rov-ros2/ws_desktop_qt/install/desktop_qt/lib/pkgconfig/desktop_qt.pc'
[2.269s] Level 1:colcon.colcon_core.environment:checking '/home/uuv/Development/rov-ros2/ws_desktop_qt/install/desktop_qt/lib/python3.10/site-packages'
[2.269s] Level 1:colcon.colcon_core.environment:checking '/home/uuv/Development/rov-ros2/ws_desktop_qt/install/desktop_qt/bin'
[2.269s] INFO:colcon.colcon_core.shell:Creating package script '/home/uuv/Development/rov-ros2/ws_desktop_qt/install/desktop_qt/share/desktop_qt/package.ps1'
[2.270s] INFO:colcon.colcon_core.shell:Creating package descriptor '/home/uuv/Development/rov-ros2/ws_desktop_qt/install/desktop_qt/share/desktop_qt/package.dsv'
[2.270s] INFO:colcon.colcon_core.shell:Creating package script '/home/uuv/Development/rov-ros2/ws_desktop_qt/install/desktop_qt/share/desktop_qt/package.sh'
[2.271s] INFO:colcon.colcon_core.shell:Creating package script '/home/uuv/Development/rov-ros2/ws_desktop_qt/install/desktop_qt/share/desktop_qt/package.bash'
[2.271s] INFO:colcon.colcon_core.shell:Creating package script '/home/uuv/Development/rov-ros2/ws_desktop_qt/install/desktop_qt/share/desktop_qt/package.zsh'
[2.272s] Level 1:colcon.colcon_core.environment:create_file_with_runtime_dependencies(/home/uuv/Development/rov-ros2/ws_desktop_qt/install/desktop_qt/share/colcon-core/packages/desktop_qt)
[2.487s] DEBUG:colcon.colcon_core.event_handler.log_command:Invoked command in '/home/uuv/Development/rov-ros2/ws_desktop_qt/build/px4_ros_com' returned '0': CMAKE_PREFIX_PATH=/home/uuv/Development/rov-ros2/ws_desktop_qt/install/px4_msgs:/home/uuv/Development/rov-ros2/ws_desktop_qt/install/desktop_qt:/home/uuv/Development/rov-ros2/ws_desktop_qt/install/px4_ros_com:/home/uuv/Development/rov-ros2/ws_desktop_qt/install/qt-uic-py:/opt/ros/humble LD_LIBRARY_PATH=/home/uuv/Development/rov-ros2/ws_desktop_qt/install/px4_msgs/lib:/home/uuv/Development/rov-ros2/ws_desktop_qt/install/px4_ros_com/lib:/opt/ros/humble/opt/rviz_ogre_vendor/lib:/opt/ros/humble/lib/x86_64-linux-gnu:/opt/ros/humble/lib:/snap/qtcreator-ros/116/lib:/snap/qtcreator-ros/116/usr/lib/x86_64-linux-gnu /usr/bin/cmake --build /home/uuv/Development/rov-ros2/ws_desktop_qt/build/px4_ros_com -- -j8 -l8
[2.489s] DEBUG:colcon.colcon_core.event_handler.log_command:Invoking command in '/home/uuv/Development/rov-ros2/ws_desktop_qt/build/px4_ros_com': CMAKE_PREFIX_PATH=/home/uuv/Development/rov-ros2/ws_desktop_qt/install/px4_msgs:/home/uuv/Development/rov-ros2/ws_desktop_qt/install/desktop_qt:/home/uuv/Development/rov-ros2/ws_desktop_qt/install/px4_ros_com:/home/uuv/Development/rov-ros2/ws_desktop_qt/install/qt-uic-py:/opt/ros/humble LD_LIBRARY_PATH=/home/uuv/Development/rov-ros2/ws_desktop_qt/install/px4_msgs/lib:/home/uuv/Development/rov-ros2/ws_desktop_qt/install/px4_ros_com/lib:/opt/ros/humble/opt/rviz_ogre_vendor/lib:/opt/ros/humble/lib/x86_64-linux-gnu:/opt/ros/humble/lib:/snap/qtcreator-ros/116/lib:/snap/qtcreator-ros/116/usr/lib/x86_64-linux-gnu /usr/bin/cmake --install /home/uuv/Development/rov-ros2/ws_desktop_qt/build/px4_ros_com
[2.542s] Level 1:colcon.colcon_core.environment:create_environment_scripts_only(px4_ros_com)
[2.542s] Level 1:colcon.colcon_core.environment:checking '/home/uuv/Development/rov-ros2/ws_desktop_qt/install/px4_ros_com' for CMake module files
[2.543s] DEBUG:colcon.colcon_core.event_handler.log_command:Invoked command in '/home/uuv/Development/rov-ros2/ws_desktop_qt/build/px4_ros_com' returned '0': CMAKE_PREFIX_PATH=/home/uuv/Development/rov-ros2/ws_desktop_qt/install/px4_msgs:/home/uuv/Development/rov-ros2/ws_desktop_qt/install/desktop_qt:/home/uuv/Development/rov-ros2/ws_desktop_qt/install/px4_ros_com:/home/uuv/Development/rov-ros2/ws_desktop_qt/install/qt-uic-py:/opt/ros/humble LD_LIBRARY_PATH=/home/uuv/Development/rov-ros2/ws_desktop_qt/install/px4_msgs/lib:/home/uuv/Development/rov-ros2/ws_desktop_qt/install/px4_ros_com/lib:/opt/ros/humble/opt/rviz_ogre_vendor/lib:/opt/ros/humble/lib/x86_64-linux-gnu:/opt/ros/humble/lib:/snap/qtcreator-ros/116/lib:/snap/qtcreator-ros/116/usr/lib/x86_64-linux-gnu /usr/bin/cmake --install /home/uuv/Development/rov-ros2/ws_desktop_qt/build/px4_ros_com
[2.543s] Level 1:colcon.colcon_core.environment:checking '/home/uuv/Development/rov-ros2/ws_desktop_qt/install/px4_ros_com' for CMake config files
[2.544s] Level 1:colcon.colcon_core.shell:create_environment_hook('px4_ros_com', 'cmake_prefix_path')
[2.544s] INFO:colcon.colcon_core.shell:Creating environment hook '/home/uuv/Development/rov-ros2/ws_desktop_qt/install/px4_ros_com/share/px4_ros_com/hook/cmake_prefix_path.ps1'
[2.545s] INFO:colcon.colcon_core.shell:Creating environment descriptor '/home/uuv/Development/rov-ros2/ws_desktop_qt/install/px4_ros_com/share/px4_ros_com/hook/cmake_prefix_path.dsv'
[2.545s] INFO:colcon.colcon_core.shell:Creating environment hook '/home/uuv/Development/rov-ros2/ws_desktop_qt/install/px4_ros_com/share/px4_ros_com/hook/cmake_prefix_path.sh'
[2.546s] Level 1:colcon.colcon_core.environment:checking '/home/uuv/Development/rov-ros2/ws_desktop_qt/install/px4_ros_com/lib'
[2.546s] Level 1:colcon.colcon_core.shell:create_environment_hook('px4_ros_com', 'ld_library_path_lib')
[2.546s] INFO:colcon.colcon_core.shell:Creating environment hook '/home/uuv/Development/rov-ros2/ws_desktop_qt/install/px4_ros_com/share/px4_ros_com/hook/ld_library_path_lib.ps1'
[2.546s] INFO:colcon.colcon_core.shell:Creating environment descriptor '/home/uuv/Development/rov-ros2/ws_desktop_qt/install/px4_ros_com/share/px4_ros_com/hook/ld_library_path_lib.dsv'
[2.547s] INFO:colcon.colcon_core.shell:Creating environment hook '/home/uuv/Development/rov-ros2/ws_desktop_qt/install/px4_ros_com/share/px4_ros_com/hook/ld_library_path_lib.sh'
[2.547s] Level 1:colcon.colcon_core.environment:checking '/home/uuv/Development/rov-ros2/ws_desktop_qt/install/px4_ros_com/bin'
[2.547s] Level 1:colcon.colcon_core.environment:checking '/home/uuv/Development/rov-ros2/ws_desktop_qt/install/px4_ros_com/lib/pkgconfig/px4_ros_com.pc'
[2.547s] Level 1:colcon.colcon_core.environment:checking '/home/uuv/Development/rov-ros2/ws_desktop_qt/install/px4_ros_com/lib/python3.10/site-packages'
[2.548s] Level 1:colcon.colcon_core.environment:checking '/home/uuv/Development/rov-ros2/ws_desktop_qt/install/px4_ros_com/bin'
[2.548s] INFO:colcon.colcon_core.shell:Creating package script '/home/uuv/Development/rov-ros2/ws_desktop_qt/install/px4_ros_com/share/px4_ros_com/package.ps1'
[2.548s] INFO:colcon.colcon_core.shell:Creating package descriptor '/home/uuv/Development/rov-ros2/ws_desktop_qt/install/px4_ros_com/share/px4_ros_com/package.dsv'
[2.549s] INFO:colcon.colcon_core.shell:Creating package script '/home/uuv/Development/rov-ros2/ws_desktop_qt/install/px4_ros_com/share/px4_ros_com/package.sh'
[2.549s] INFO:colcon.colcon_core.shell:Creating package script '/home/uuv/Development/rov-ros2/ws_desktop_qt/install/px4_ros_com/share/px4_ros_com/package.bash'
[2.549s] INFO:colcon.colcon_core.shell:Creating package script '/home/uuv/Development/rov-ros2/ws_desktop_qt/install/px4_ros_com/share/px4_ros_com/package.zsh'
[2.550s] Level 1:colcon.colcon_core.environment:create_file_with_runtime_dependencies(/home/uuv/Development/rov-ros2/ws_desktop_qt/install/px4_ros_com/share/colcon-core/packages/px4_ros_com)
[2.550s] Level 1:colcon.colcon_core.environment:create_environment_scripts_only(px4_ros_com)
[2.551s] Level 1:colcon.colcon_core.environment:checking '/home/uuv/Development/rov-ros2/ws_desktop_qt/install/px4_ros_com' for CMake module files
[2.551s] Level 1:colcon.colcon_core.environment:checking '/home/uuv/Development/rov-ros2/ws_desktop_qt/install/px4_ros_com' for CMake config files
[2.552s] Level 1:colcon.colcon_core.shell:create_environment_hook('px4_ros_com', 'cmake_prefix_path')
[2.552s] INFO:colcon.colcon_core.shell:Creating environment hook '/home/uuv/Development/rov-ros2/ws_desktop_qt/install/px4_ros_com/share/px4_ros_com/hook/cmake_prefix_path.ps1'
[2.552s] INFO:colcon.colcon_core.shell:Creating environment descriptor '/home/uuv/Development/rov-ros2/ws_desktop_qt/install/px4_ros_com/share/px4_ros_com/hook/cmake_prefix_path.dsv'
[2.553s] INFO:colcon.colcon_core.shell:Creating environment hook '/home/uuv/Development/rov-ros2/ws_desktop_qt/install/px4_ros_com/share/px4_ros_com/hook/cmake_prefix_path.sh'
[2.553s] Level 1:colcon.colcon_core.environment:checking '/home/uuv/Development/rov-ros2/ws_desktop_qt/install/px4_ros_com/lib'
[2.553s] Level 1:colcon.colcon_core.shell:create_environment_hook('px4_ros_com', 'ld_library_path_lib')
[2.553s] INFO:colcon.colcon_core.shell:Creating environment hook '/home/uuv/Development/rov-ros2/ws_desktop_qt/install/px4_ros_com/share/px4_ros_com/hook/ld_library_path_lib.ps1'
[2.554s] INFO:colcon.colcon_core.shell:Creating environment descriptor '/home/uuv/Development/rov-ros2/ws_desktop_qt/install/px4_ros_com/share/px4_ros_com/hook/ld_library_path_lib.dsv'
[2.554s] INFO:colcon.colcon_core.shell:Creating environment hook '/home/uuv/Development/rov-ros2/ws_desktop_qt/install/px4_ros_com/share/px4_ros_com/hook/ld_library_path_lib.sh'
[2.555s] Level 1:colcon.colcon_core.environment:checking '/home/uuv/Development/rov-ros2/ws_desktop_qt/install/px4_ros_com/bin'
[2.555s] Level 1:colcon.colcon_core.environment:checking '/home/uuv/Development/rov-ros2/ws_desktop_qt/install/px4_ros_com/lib/pkgconfig/px4_ros_com.pc'
[2.555s] Level 1:colcon.colcon_core.environment:checking '/home/uuv/Development/rov-ros2/ws_desktop_qt/install/px4_ros_com/lib/python3.10/site-packages'
[2.555s] Level 1:colcon.colcon_core.environment:checking '/home/uuv/Development/rov-ros2/ws_desktop_qt/install/px4_ros_com/bin'
[2.555s] INFO:colcon.colcon_core.shell:Creating package script '/home/uuv/Development/rov-ros2/ws_desktop_qt/install/px4_ros_com/share/px4_ros_com/package.ps1'
[2.556s] INFO:colcon.colcon_core.shell:Creating package descriptor '/home/uuv/Development/rov-ros2/ws_desktop_qt/install/px4_ros_com/share/px4_ros_com/package.dsv'
[2.556s] INFO:colcon.colcon_core.shell:Creating package script '/home/uuv/Development/rov-ros2/ws_desktop_qt/install/px4_ros_com/share/px4_ros_com/package.sh'
[2.557s] INFO:colcon.colcon_core.shell:Creating package script '/home/uuv/Development/rov-ros2/ws_desktop_qt/install/px4_ros_com/share/px4_ros_com/package.bash'
[2.557s] INFO:colcon.colcon_core.shell:Creating package script '/home/uuv/Development/rov-ros2/ws_desktop_qt/install/px4_ros_com/share/px4_ros_com/package.zsh'
[2.558s] Level 1:colcon.colcon_core.environment:create_file_with_runtime_dependencies(/home/uuv/Development/rov-ros2/ws_desktop_qt/install/px4_ros_com/share/colcon-core/packages/px4_ros_com)
[2.558s] DEBUG:colcon.colcon_parallel_executor.executor.parallel:closing loop
[2.558s] DEBUG:colcon.colcon_parallel_executor.executor.parallel:loop closed
[2.558s] DEBUG:colcon.colcon_parallel_executor.executor.parallel:run_until_complete finished with '0'
[2.558s] DEBUG:colcon.colcon_core.event_reactor:joining thread
[2.564s] INFO:colcon.colcon_core.plugin_system:Skipping extension 'colcon_notification.desktop_notification.terminal_notifier': Not used on non-Darwin systems
[2.564s] INFO:colcon.colcon_core.plugin_system:Skipping extension 'colcon_notification.desktop_notification.win32': Not used on non-Windows systems
[2.564s] INFO:colcon.colcon_notification.desktop_notification:Sending desktop notification using 'notify2'
[2.564s] DEBUG:colcon.colcon_notification.desktop_notification.notify2:Failed to initialize notify2: org.freedesktop.DBus.Error.BadAddress: '=' character not found or has no value following it
[2.564s] DEBUG:colcon.colcon_core.event_reactor:joined thread
[2.564s] INFO:colcon.colcon_core.shell:Creating prefix script '/home/uuv/Development/rov-ros2/ws_desktop_qt/install/local_setup.ps1'
[2.565s] INFO:colcon.colcon_core.shell:Creating prefix util module '/home/uuv/Development/rov-ros2/ws_desktop_qt/install/_local_setup_util_ps1.py'
[2.567s] INFO:colcon.colcon_core.shell:Creating prefix chain script '/home/uuv/Development/rov-ros2/ws_desktop_qt/install/setup.ps1'
[2.568s] INFO:colcon.colcon_core.shell:Creating prefix script '/home/uuv/Development/rov-ros2/ws_desktop_qt/install/local_setup.sh'
[2.569s] INFO:colcon.colcon_core.shell:Creating prefix util module '/home/uuv/Development/rov-ros2/ws_desktop_qt/install/_local_setup_util_sh.py'
[2.569s] INFO:colcon.colcon_core.shell:Creating prefix chain script '/home/uuv/Development/rov-ros2/ws_desktop_qt/install/setup.sh'
[2.571s] INFO:colcon.colcon_core.shell:Creating prefix script '/home/uuv/Development/rov-ros2/ws_desktop_qt/install/local_setup.bash'
[2.571s] INFO:colcon.colcon_core.shell:Creating prefix chain script '/home/uuv/Development/rov-ros2/ws_desktop_qt/install/setup.bash'
[2.573s] INFO:colcon.colcon_core.shell:Creating prefix script '/home/uuv/Development/rov-ros2/ws_desktop_qt/install/local_setup.zsh'
[2.573s] INFO:colcon.colcon_core.shell:Creating prefix chain script '/home/uuv/Development/rov-ros2/ws_desktop_qt/install/setup.zsh'
