[0.013s] Invoking command in '/home/uuv/Development/rov-ros2/ws_desktop_qt/build/px4_ros_com': CMAKE_PREFIX_PATH=/home/uuv/Development/rov-ros2/ws_desktop_qt/install/px4_msgs:/home/uuv/Development/rov-ros2/ws_desktop_qt/install/px4_ros_com:/home/uuv/Development/rov-ros2/ws_desktop_qt/install/qt-uic-py:/opt/ros/humble LD_LIBRARY_PATH=/home/uuv/Development/rov-ros2/ws_desktop_qt/install/px4_msgs/lib:/home/uuv/Development/rov-ros2/ws_desktop_qt/install/px4_ros_com/lib:/opt/ros/humble/opt/rviz_ogre_vendor/lib:/opt/ros/humble/lib/x86_64-linux-gnu:/opt/ros/humble/lib:/snap/qtcreator-ros/116/lib:/snap/qtcreator-ros/116/usr/lib/x86_64-linux-gnu /usr/bin/cmake --build /home/uuv/Development/rov-ros2/ws_desktop_qt/build/px4_ros_com -- -j8 -l8
[0.105s] [ 16%] Built target frame_transforms
[0.109s] [ 33%] Built target sensor_combined_listener
[0.114s] [ 50%] Built target vehicle_gps_position_listener
[0.114s] [ 66%] Built target offboard_control
[0.115s] [ 66%] Built target ament_cmake_python_copy_px4_ros_com
[0.117s] [ 83%] Built target offboard_control_srv
[0.117s] [100%] Built target debug_vect_advertiser
[0.401s] running egg_info
[0.402s] writing px4_ros_com.egg-info/PKG-INFO
[0.402s] writing dependency_links to px4_ros_com.egg-info/dependency_links.txt
[0.402s] writing top-level names to px4_ros_com.egg-info/top_level.txt
[0.404s] reading manifest file 'px4_ros_com.egg-info/SOURCES.txt'
[0.405s] writing manifest file 'px4_ros_com.egg-info/SOURCES.txt'
[0.437s] [100%] Built target ament_cmake_python_build_px4_ros_com_egg
[0.449s] Invoked command in '/home/uuv/Development/rov-ros2/ws_desktop_qt/build/px4_ros_com' returned '0': CMAKE_PREFIX_PATH=/home/uuv/Development/rov-ros2/ws_desktop_qt/install/px4_msgs:/home/uuv/Development/rov-ros2/ws_desktop_qt/install/px4_ros_com:/home/uuv/Development/rov-ros2/ws_desktop_qt/install/qt-uic-py:/opt/ros/humble LD_LIBRARY_PATH=/home/uuv/Development/rov-ros2/ws_desktop_qt/install/px4_msgs/lib:/home/uuv/Development/rov-ros2/ws_desktop_qt/install/px4_ros_com/lib:/opt/ros/humble/opt/rviz_ogre_vendor/lib:/opt/ros/humble/lib/x86_64-linux-gnu:/opt/ros/humble/lib:/snap/qtcreator-ros/116/lib:/snap/qtcreator-ros/116/usr/lib/x86_64-linux-gnu /usr/bin/cmake --build /home/uuv/Development/rov-ros2/ws_desktop_qt/build/px4_ros_com -- -j8 -l8
[0.451s] Invoking command in '/home/uuv/Development/rov-ros2/ws_desktop_qt/build/px4_ros_com': CMAKE_PREFIX_PATH=/home/uuv/Development/rov-ros2/ws_desktop_qt/install/px4_msgs:/home/uuv/Development/rov-ros2/ws_desktop_qt/install/px4_ros_com:/home/uuv/Development/rov-ros2/ws_desktop_qt/install/qt-uic-py:/opt/ros/humble LD_LIBRARY_PATH=/home/uuv/Development/rov-ros2/ws_desktop_qt/install/px4_msgs/lib:/home/uuv/Development/rov-ros2/ws_desktop_qt/install/px4_ros_com/lib:/opt/ros/humble/opt/rviz_ogre_vendor/lib:/opt/ros/humble/lib/x86_64-linux-gnu:/opt/ros/humble/lib:/snap/qtcreator-ros/116/lib:/snap/qtcreator-ros/116/usr/lib/x86_64-linux-gnu /usr/bin/cmake --install /home/uuv/Development/rov-ros2/ws_desktop_qt/build/px4_ros_com
[0.459s] -- Install configuration: "Debug"
[0.460s] -- Up-to-date: /home/uuv/Development/rov-ros2/ws_desktop_qt/install/px4_ros_com/lib/px4_ros_com/sensor_combined_listener
[0.460s] -- Up-to-date: /home/uuv/Development/rov-ros2/ws_desktop_qt/install/px4_ros_com/lib/px4_ros_com/vehicle_gps_position_listener
[0.461s] -- Up-to-date: /home/uuv/Development/rov-ros2/ws_desktop_qt/install/px4_ros_com/lib/px4_ros_com/debug_vect_advertiser
[0.461s] -- Up-to-date: /home/uuv/Development/rov-ros2/ws_desktop_qt/install/px4_ros_com/lib/px4_ros_com/offboard_control
[0.462s] -- Up-to-date: /home/uuv/Development/rov-ros2/ws_desktop_qt/install/px4_ros_com/lib/px4_ros_com/offboard_control_srv
[0.462s] -- Up-to-date: /home/uuv/Development/rov-ros2/ws_desktop_qt/install/px4_ros_com/share/px4_ros_com/environment/library_path.sh
[0.462s] -- Up-to-date: /home/uuv/Development/rov-ros2/ws_desktop_qt/install/px4_ros_com/share/px4_ros_com/environment/library_path.dsv
[0.462s] -- Up-to-date: /home/uuv/Development/rov-ros2/ws_desktop_qt/install/px4_ros_com/include/px4_ros_com
[0.463s] -- Up-to-date: /home/uuv/Development/rov-ros2/ws_desktop_qt/install/px4_ros_com/include/px4_ros_com/frame_transforms.h
[0.463s] -- Up-to-date: /home/uuv/Development/rov-ros2/ws_desktop_qt/install/px4_ros_com/lib/libframe_transforms.so
[0.463s] -- Up-to-date: /home/uuv/Development/rov-ros2/ws_desktop_qt/install/px4_ros_com/share/px4_ros_com//launch
[0.464s] -- Up-to-date: /home/uuv/Development/rov-ros2/ws_desktop_qt/install/px4_ros_com/share/px4_ros_com//launch/sensor_combined_listener.launch.py
[0.464s] -- Up-to-date: /home/uuv/Development/rov-ros2/ws_desktop_qt/install/px4_ros_com/share/px4_ros_com//launch/offboard_control_launch.yaml
[0.464s] -- Up-to-date: /home/uuv/Development/rov-ros2/ws_desktop_qt/install/px4_ros_com/share/px4_ros_com//test
[0.464s] -- Up-to-date: /home/uuv/Development/rov-ros2/ws_desktop_qt/install/px4_ros_com/share/px4_ros_com//test/__init__.py
[0.464s] -- Up-to-date: /home/uuv/Development/rov-ros2/ws_desktop_qt/install/px4_ros_com/share/px4_ros_com//test/test_output.py
[0.464s] -- Up-to-date: /home/uuv/Development/rov-ros2/ws_desktop_qt/install/px4_ros_com/share/px4_ros_com//test/test_input.py
[0.464s] -- Up-to-date: /home/uuv/Development/rov-ros2/ws_desktop_qt/install/px4_ros_com/share/px4_ros_com//test/pipeline_io_test.py
[0.465s] -- Up-to-date: /home/uuv/Development/rov-ros2/ws_desktop_qt/install/px4_ros_com/share/px4_ros_com/environment/pythonpath.sh
[0.465s] -- Up-to-date: /home/uuv/Development/rov-ros2/ws_desktop_qt/install/px4_ros_com/share/px4_ros_com/environment/pythonpath.dsv
[0.465s] -- Up-to-date: /home/uuv/Development/rov-ros2/ws_desktop_qt/install/px4_ros_com/local/lib/python3.10/dist-packages/px4_ros_com-0.1.0-py3.10.egg-info
[0.465s] -- Installing: /home/uuv/Development/rov-ros2/ws_desktop_qt/install/px4_ros_com/local/lib/python3.10/dist-packages/px4_ros_com-0.1.0-py3.10.egg-info/top_level.txt
[0.465s] -- Installing: /home/uuv/Development/rov-ros2/ws_desktop_qt/install/px4_ros_com/local/lib/python3.10/dist-packages/px4_ros_com-0.1.0-py3.10.egg-info/SOURCES.txt
[0.465s] -- Installing: /home/uuv/Development/rov-ros2/ws_desktop_qt/install/px4_ros_com/local/lib/python3.10/dist-packages/px4_ros_com-0.1.0-py3.10.egg-info/dependency_links.txt
[0.465s] -- Installing: /home/uuv/Development/rov-ros2/ws_desktop_qt/install/px4_ros_com/local/lib/python3.10/dist-packages/px4_ros_com-0.1.0-py3.10.egg-info/PKG-INFO
[0.465s] -- Up-to-date: /home/uuv/Development/rov-ros2/ws_desktop_qt/install/px4_ros_com/local/lib/python3.10/dist-packages/px4_ros_com
[0.465s] -- Up-to-date: /home/uuv/Development/rov-ros2/ws_desktop_qt/install/px4_ros_com/local/lib/python3.10/dist-packages/px4_ros_com/module_to_import.py
[0.466s] -- Up-to-date: /home/uuv/Development/rov-ros2/ws_desktop_qt/install/px4_ros_com/local/lib/python3.10/dist-packages/px4_ros_com/__init__.py
[0.503s] Listing '/home/uuv/Development/rov-ros2/ws_desktop_qt/install/px4_ros_com/local/lib/python3.10/dist-packages/px4_ros_com'...
[0.508s] -- Up-to-date: /home/uuv/Development/rov-ros2/ws_desktop_qt/install/px4_ros_com/lib/px4_ros_com/offboard_control.py
[0.509s] -- Up-to-date: /home/uuv/Development/rov-ros2/ws_desktop_qt/install/px4_ros_com/share/ament_index/resource_index/package_run_dependencies/px4_ros_com
[0.509s] -- Up-to-date: /home/uuv/Development/rov-ros2/ws_desktop_qt/install/px4_ros_com/share/ament_index/resource_index/parent_prefix_path/px4_ros_com
[0.509s] -- Up-to-date: /home/uuv/Development/rov-ros2/ws_desktop_qt/install/px4_ros_com/share/px4_ros_com/environment/ament_prefix_path.sh
[0.509s] -- Up-to-date: /home/uuv/Development/rov-ros2/ws_desktop_qt/install/px4_ros_com/share/px4_ros_com/environment/ament_prefix_path.dsv
[0.509s] -- Up-to-date: /home/uuv/Development/rov-ros2/ws_desktop_qt/install/px4_ros_com/share/px4_ros_com/environment/path.sh
[0.510s] -- Up-to-date: /home/uuv/Development/rov-ros2/ws_desktop_qt/install/px4_ros_com/share/px4_ros_com/environment/path.dsv
[0.510s] -- Up-to-date: /home/uuv/Development/rov-ros2/ws_desktop_qt/install/px4_ros_com/share/px4_ros_com/local_setup.bash
[0.510s] -- Up-to-date: /home/uuv/Development/rov-ros2/ws_desktop_qt/install/px4_ros_com/share/px4_ros_com/local_setup.sh
[0.510s] -- Up-to-date: /home/uuv/Development/rov-ros2/ws_desktop_qt/install/px4_ros_com/share/px4_ros_com/local_setup.zsh
[0.510s] -- Up-to-date: /home/uuv/Development/rov-ros2/ws_desktop_qt/install/px4_ros_com/share/px4_ros_com/local_setup.dsv
[0.510s] -- Installing: /home/uuv/Development/rov-ros2/ws_desktop_qt/install/px4_ros_com/share/px4_ros_com/package.dsv
[0.510s] -- Up-to-date: /home/uuv/Development/rov-ros2/ws_desktop_qt/install/px4_ros_com/share/ament_index/resource_index/packages/px4_ros_com
[0.510s] -- Up-to-date: /home/uuv/Development/rov-ros2/ws_desktop_qt/install/px4_ros_com/share/px4_ros_com/cmake/export_frame_transformsExport.cmake
[0.510s] -- Up-to-date: /home/uuv/Development/rov-ros2/ws_desktop_qt/install/px4_ros_com/share/px4_ros_com/cmake/export_frame_transformsExport-debug.cmake
[0.510s] -- Up-to-date: /home/uuv/Development/rov-ros2/ws_desktop_qt/install/px4_ros_com/share/px4_ros_com/cmake/ament_cmake_export_dependencies-extras.cmake
[0.511s] -- Up-to-date: /home/uuv/Development/rov-ros2/ws_desktop_qt/install/px4_ros_com/share/px4_ros_com/cmake/ament_cmake_export_targets-extras.cmake
[0.511s] -- Up-to-date: /home/uuv/Development/rov-ros2/ws_desktop_qt/install/px4_ros_com/share/px4_ros_com/cmake/ament_cmake_export_include_directories-extras.cmake
[0.511s] -- Up-to-date: /home/uuv/Development/rov-ros2/ws_desktop_qt/install/px4_ros_com/share/px4_ros_com/cmake/ament_cmake_export_libraries-extras.cmake
[0.511s] -- Up-to-date: /home/uuv/Development/rov-ros2/ws_desktop_qt/install/px4_ros_com/share/px4_ros_com/cmake/px4_ros_comConfig.cmake
[0.513s] -- Up-to-date: /home/uuv/Development/rov-ros2/ws_desktop_qt/install/px4_ros_com/share/px4_ros_com/cmake/px4_ros_comConfig-version.cmake
[0.513s] -- Up-to-date: /home/uuv/Development/rov-ros2/ws_desktop_qt/install/px4_ros_com/share/px4_ros_com/package.xml
[0.513s] Invoked command in '/home/uuv/Development/rov-ros2/ws_desktop_qt/build/px4_ros_com' returned '0': CMAKE_PREFIX_PATH=/home/uuv/Development/rov-ros2/ws_desktop_qt/install/px4_msgs:/home/uuv/Development/rov-ros2/ws_desktop_qt/install/px4_ros_com:/home/uuv/Development/rov-ros2/ws_desktop_qt/install/qt-uic-py:/opt/ros/humble LD_LIBRARY_PATH=/home/uuv/Development/rov-ros2/ws_desktop_qt/install/px4_msgs/lib:/home/uuv/Development/rov-ros2/ws_desktop_qt/install/px4_ros_com/lib:/opt/ros/humble/opt/rviz_ogre_vendor/lib:/opt/ros/humble/lib/x86_64-linux-gnu:/opt/ros/humble/lib:/snap/qtcreator-ros/116/lib:/snap/qtcreator-ros/116/usr/lib/x86_64-linux-gnu /usr/bin/cmake --install /home/uuv/Development/rov-ros2/ws_desktop_qt/build/px4_ros_com
