[0.709s] Invoking command in '/home/uuv/Development/rov-ros2/ws_desktop_qt/src/qt-uic-py': PYTHONPATH=/home/uuv/Development/rov-ros2/ws_desktop_qt/build/qt-uic-py/prefix_override:/usr/lib/python3/dist-packages/colcon_core/task/python/colcon_distutils_commands:/home/uuv/Development/rov-ros2/ws_desktop_qt/install/qt-uic-py/lib/python3.10/site-packages:${PYTHONPATH} /usr/bin/python3 -W ignore:setup.py install is deprecated -W ignore:easy_install command is deprecated setup.py egg_info --egg-base ../../build/qt-uic-py build --build-base /home/uuv/Development/rov-ros2/ws_desktop_qt/build/qt-uic-py/build install --record /home/uuv/Development/rov-ros2/ws_desktop_qt/build/qt-uic-py/install.log --single-version-externally-managed install_data
[1.107s] running egg_info
[1.109s] writing ../../build/qt-uic-py/qt_uic_py.egg-info/PKG-INFO
[1.109s] writing dependency_links to ../../build/qt-uic-py/qt_uic_py.egg-info/dependency_links.txt
[1.109s] writing entry points to ../../build/qt-uic-py/qt_uic_py.egg-info/entry_points.txt
[1.109s] writing requirements to ../../build/qt-uic-py/qt_uic_py.egg-info/requires.txt
[1.109s] writing top-level names to ../../build/qt-uic-py/qt_uic_py.egg-info/top_level.txt
[1.112s] reading manifest file '../../build/qt-uic-py/qt_uic_py.egg-info/SOURCES.txt'
[1.113s] writing manifest file '../../build/qt-uic-py/qt_uic_py.egg-info/SOURCES.txt'
[1.113s] running build
[1.113s] running build_py
[1.114s] running install
[1.114s] running install_lib
[1.115s] running install_data
[1.115s] running install_egg_info
[1.117s] removing '/home/uuv/Development/rov-ros2/ws_desktop_qt/install/qt-uic-py/lib/python3.10/site-packages/qt_uic_py-0.0.0-py3.10.egg-info' (and everything under it)
[1.117s] Copying ../../build/qt-uic-py/qt_uic_py.egg-info to /home/uuv/Development/rov-ros2/ws_desktop_qt/install/qt-uic-py/lib/python3.10/site-packages/qt_uic_py-0.0.0-py3.10.egg-info
[1.119s] running install_scripts
[1.144s] writing list of installed files to '/home/uuv/Development/rov-ros2/ws_desktop_qt/build/qt-uic-py/install.log'
[1.172s] Invoked command in '/home/uuv/Development/rov-ros2/ws_desktop_qt/src/qt-uic-py' returned '0': PYTHONPATH=/home/uuv/Development/rov-ros2/ws_desktop_qt/build/qt-uic-py/prefix_override:/usr/lib/python3/dist-packages/colcon_core/task/python/colcon_distutils_commands:/home/uuv/Development/rov-ros2/ws_desktop_qt/install/qt-uic-py/lib/python3.10/site-packages:${PYTHONPATH} /usr/bin/python3 -W ignore:setup.py install is deprecated -W ignore:easy_install command is deprecated setup.py egg_info --egg-base ../../build/qt-uic-py build --build-base /home/uuv/Development/rov-ros2/ws_desktop_qt/build/qt-uic-py/build install --record /home/uuv/Development/rov-ros2/ws_desktop_qt/build/qt-uic-py/install.log --single-version-externally-managed install_data
