[0.125s] DEBUG:colcon:Command line arguments: ['/usr/bin/colcon', 'build', '--event-handlers', 'status+', 'console_start_end+', '--cmake-args', '-G', 'CodeBlocks - Unix Makefiles', '-DCMAKE_BUILD_TYPE=Debug']
[0.126s] DEBUG:colcon:Parsed command line arguments: Namespace(log_base=None, log_level=None, verb_name='build', build_base='build', install_base='install', merge_install=False, symlink_install=False, test_result_base=None, continue_on_error=False, executor='parallel', parallel_workers=8, event_handlers=['status+', 'console_start_end+'], ignore_user_meta=False, metas=['./colcon.meta'], base_paths=['.'], packages_ignore=None, packages_ignore_regex=None, paths=None, packages_up_to=None, packages_up_to_regex=None, packages_above=None, packages_above_and_dependencies=None, packages_above_depth=None, packages_select_by_dep=None, packages_skip_by_dep=None, packages_skip_up_to=None, packages_select_build_failed=False, packages_skip_build_finished=False, packages_select_test_failures=False, packages_skip_test_passed=False, packages_select=None, packages_skip=None, packages_select_regex=None, packages_skip_regex=None, packages_start=None, packages_end=None, allow_overriding=[], cmake_args=['-G', 'CodeBlocks - Unix Makefiles', '-DCMAKE_BUILD_TYPE=Debug'], cmake_target=None, cmake_target_skip_unavailable=False, cmake_clean_cache=False, cmake_clean_first=False, cmake_force_configure=False, ament_cmake_args=None, catkin_cmake_args=None, catkin_skip_building_tests=False, mixin_files=None, mixin=None, verb_parser=<colcon_mixin.mixin.mixin_argument.MixinArgumentDecorator object at 0x7a3ccce4de10>, verb_extension=<colcon_core.verb.build.BuildVerb object at 0x7a3cccf62d10>, main=<bound method BuildVerb.main of <colcon_core.verb.build.BuildVerb object at 0x7a3cccf62d10>>, mixin_verb=('build',))
[0.303s] Level 1:colcon.colcon_core.package_discovery:discover_packages(colcon_meta) check parameters
[0.303s] Level 1:colcon.colcon_core.package_discovery:discover_packages(recursive) check parameters
[0.303s] Level 1:colcon.colcon_core.package_discovery:discover_packages(ignore) check parameters
[0.303s] Level 1:colcon.colcon_core.package_discovery:discover_packages(path) check parameters
[0.303s] Level 1:colcon.colcon_core.package_discovery:discover_packages(colcon_meta) discover
[0.304s] Level 1:colcon.colcon_core.package_discovery:discover_packages(recursive) discover
[0.304s] INFO:colcon.colcon_core.package_discovery:Crawling recursively for packages in '/home/uuv/Development/rov-ros2/ws_desktop_qt'
[0.304s] Level 1:colcon.colcon_core.package_identification:_identify(.) by extensions ['ignore', 'ignore_ament_install']
[0.304s] Level 1:colcon.colcon_core.package_identification:_identify(.) by extension 'ignore'
[0.304s] Level 1:colcon.colcon_core.package_identification:_identify(.) by extension 'ignore_ament_install'
[0.304s] Level 1:colcon.colcon_core.package_identification:_identify(.) by extensions ['colcon_pkg']
[0.304s] Level 1:colcon.colcon_core.package_identification:_identify(.) by extension 'colcon_pkg'
[0.304s] Level 1:colcon.colcon_core.package_identification:_identify(.) by extensions ['colcon_meta']
[0.304s] Level 1:colcon.colcon_core.package_identification:_identify(.) by extension 'colcon_meta'
[0.304s] Level 1:colcon.colcon_core.package_identification:_identify(.) by extensions ['ros']
[0.304s] Level 1:colcon.colcon_core.package_identification:_identify(.) by extension 'ros'
[0.314s] Level 1:colcon.colcon_core.package_identification:_identify(.) by extensions ['cmake', 'python']
[0.314s] Level 1:colcon.colcon_core.package_identification:_identify(.) by extension 'cmake'
[0.315s] Level 1:colcon.colcon_core.package_identification:_identify(.) by extension 'python'
[0.315s] Level 1:colcon.colcon_core.package_identification:_identify(.) by extensions ['python_setup_py']
[0.315s] Level 1:colcon.colcon_core.package_identification:_identify(.) by extension 'python_setup_py'
[0.315s] Level 1:colcon.colcon_core.package_identification:_identify(build) by extensions ['ignore', 'ignore_ament_install']
[0.315s] Level 1:colcon.colcon_core.package_identification:_identify(build) by extension 'ignore'
[0.315s] Level 1:colcon.colcon_core.package_identification:_identify(build) ignored
[0.315s] Level 1:colcon.colcon_core.package_identification:_identify(install) by extensions ['ignore', 'ignore_ament_install']
[0.315s] Level 1:colcon.colcon_core.package_identification:_identify(install) by extension 'ignore'
[0.315s] Level 1:colcon.colcon_core.package_identification:_identify(install) ignored
[0.315s] Level 1:colcon.colcon_core.package_identification:_identify(log) by extensions ['ignore', 'ignore_ament_install']
[0.315s] Level 1:colcon.colcon_core.package_identification:_identify(log) by extension 'ignore'
[0.315s] Level 1:colcon.colcon_core.package_identification:_identify(log) ignored
[0.315s] Level 1:colcon.colcon_core.package_identification:_identify(src) by extensions ['ignore', 'ignore_ament_install']
[0.315s] Level 1:colcon.colcon_core.package_identification:_identify(src) by extension 'ignore'
[0.316s] Level 1:colcon.colcon_core.package_identification:_identify(src) by extension 'ignore_ament_install'
[0.316s] Level 1:colcon.colcon_core.package_identification:_identify(src) by extensions ['colcon_pkg']
[0.316s] Level 1:colcon.colcon_core.package_identification:_identify(src) by extension 'colcon_pkg'
[0.316s] Level 1:colcon.colcon_core.package_identification:_identify(src) by extensions ['colcon_meta']
[0.316s] Level 1:colcon.colcon_core.package_identification:_identify(src) by extension 'colcon_meta'
[0.316s] Level 1:colcon.colcon_core.package_identification:_identify(src) by extensions ['ros']
[0.316s] Level 1:colcon.colcon_core.package_identification:_identify(src) by extension 'ros'
[0.316s] Level 1:colcon.colcon_core.package_identification:_identify(src) by extensions ['cmake', 'python']
[0.316s] Level 1:colcon.colcon_core.package_identification:_identify(src) by extension 'cmake'
[0.316s] Level 1:colcon.colcon_core.package_identification:_identify(src) by extension 'python'
[0.316s] Level 1:colcon.colcon_core.package_identification:_identify(src) by extensions ['python_setup_py']
[0.316s] Level 1:colcon.colcon_core.package_identification:_identify(src) by extension 'python_setup_py'
[0.316s] Level 1:colcon.colcon_core.package_identification:_identify(src/desktop_qt) by extensions ['ignore', 'ignore_ament_install']
[0.316s] Level 1:colcon.colcon_core.package_identification:_identify(src/desktop_qt) by extension 'ignore'
[0.316s] Level 1:colcon.colcon_core.package_identification:_identify(src/desktop_qt) by extension 'ignore_ament_install'
[0.316s] Level 1:colcon.colcon_core.package_identification:_identify(src/desktop_qt) by extensions ['colcon_pkg']
[0.316s] Level 1:colcon.colcon_core.package_identification:_identify(src/desktop_qt) by extension 'colcon_pkg'
[0.316s] Level 1:colcon.colcon_core.package_identification:_identify(src/desktop_qt) by extensions ['colcon_meta']
[0.316s] Level 1:colcon.colcon_core.package_identification:_identify(src/desktop_qt) by extension 'colcon_meta'
[0.316s] Level 1:colcon.colcon_core.package_identification:_identify(src/desktop_qt) by extensions ['ros']
[0.316s] Level 1:colcon.colcon_core.package_identification:_identify(src/desktop_qt) by extension 'ros'
[0.319s] DEBUG:colcon.colcon_core.package_identification:Package 'src/desktop_qt' with type 'ros.ament_cmake' and name 'desktop_qt'
[0.319s] Level 1:colcon.colcon_core.package_identification:_identify(src/px4_msgs) by extensions ['ignore', 'ignore_ament_install']
[0.319s] Level 1:colcon.colcon_core.package_identification:_identify(src/px4_msgs) by extension 'ignore'
[0.319s] Level 1:colcon.colcon_core.package_identification:_identify(src/px4_msgs) by extension 'ignore_ament_install'
[0.319s] Level 1:colcon.colcon_core.package_identification:_identify(src/px4_msgs) by extensions ['colcon_pkg']
[0.319s] Level 1:colcon.colcon_core.package_identification:_identify(src/px4_msgs) by extension 'colcon_pkg'
[0.319s] Level 1:colcon.colcon_core.package_identification:_identify(src/px4_msgs) by extensions ['colcon_meta']
[0.319s] Level 1:colcon.colcon_core.package_identification:_identify(src/px4_msgs) by extension 'colcon_meta'
[0.319s] Level 1:colcon.colcon_core.package_identification:_identify(src/px4_msgs) by extensions ['ros']
[0.319s] Level 1:colcon.colcon_core.package_identification:_identify(src/px4_msgs) by extension 'ros'
[0.320s] DEBUG:colcon.colcon_core.package_identification:Package 'src/px4_msgs' with type 'ros.ament_cmake' and name 'px4_msgs'
[0.320s] Level 1:colcon.colcon_core.package_identification:_identify(src/px4_ros_com) by extensions ['ignore', 'ignore_ament_install']
[0.320s] Level 1:colcon.colcon_core.package_identification:_identify(src/px4_ros_com) by extension 'ignore'
[0.320s] Level 1:colcon.colcon_core.package_identification:_identify(src/px4_ros_com) by extension 'ignore_ament_install'
[0.320s] Level 1:colcon.colcon_core.package_identification:_identify(src/px4_ros_com) by extensions ['colcon_pkg']
[0.320s] Level 1:colcon.colcon_core.package_identification:_identify(src/px4_ros_com) by extension 'colcon_pkg'
[0.320s] Level 1:colcon.colcon_core.package_identification:_identify(src/px4_ros_com) by extensions ['colcon_meta']
[0.320s] Level 1:colcon.colcon_core.package_identification:_identify(src/px4_ros_com) by extension 'colcon_meta'
[0.320s] Level 1:colcon.colcon_core.package_identification:_identify(src/px4_ros_com) by extensions ['ros']
[0.321s] Level 1:colcon.colcon_core.package_identification:_identify(src/px4_ros_com) by extension 'ros'
[0.322s] DEBUG:colcon.colcon_core.package_identification:Package 'src/px4_ros_com' with type 'ros.ament_cmake' and name 'px4_ros_com'
[0.322s] Level 1:colcon.colcon_core.package_identification:_identify(src/qt-uic-py) by extensions ['ignore', 'ignore_ament_install']
[0.322s] Level 1:colcon.colcon_core.package_identification:_identify(src/qt-uic-py) by extension 'ignore'
[0.322s] Level 1:colcon.colcon_core.package_identification:_identify(src/qt-uic-py) by extension 'ignore_ament_install'
[0.322s] Level 1:colcon.colcon_core.package_identification:_identify(src/qt-uic-py) by extensions ['colcon_pkg']
[0.322s] Level 1:colcon.colcon_core.package_identification:_identify(src/qt-uic-py) by extension 'colcon_pkg'
[0.322s] Level 1:colcon.colcon_core.package_identification:_identify(src/qt-uic-py) by extensions ['colcon_meta']
[0.322s] Level 1:colcon.colcon_core.package_identification:_identify(src/qt-uic-py) by extension 'colcon_meta'
[0.322s] Level 1:colcon.colcon_core.package_identification:_identify(src/qt-uic-py) by extensions ['ros']
[0.322s] Level 1:colcon.colcon_core.package_identification:_identify(src/qt-uic-py) by extension 'ros'
[0.323s] DEBUG:colcon.colcon_core.package_identification:Package 'src/qt-uic-py' with type 'ros.ament_python' and name 'qt-uic-py'
[0.323s] Level 1:colcon.colcon_core.package_discovery:discover_packages(recursive) using defaults
[0.323s] Level 1:colcon.colcon_core.package_discovery:discover_packages(ignore) discover
[0.323s] Level 1:colcon.colcon_core.package_discovery:discover_packages(ignore) using defaults
[0.323s] Level 1:colcon.colcon_core.package_discovery:discover_packages(path) discover
[0.323s] Level 1:colcon.colcon_core.package_discovery:discover_packages(path) using defaults
[0.352s] Level 1:colcon.colcon_core.package_discovery:discover_packages(prefix_path) check parameters
[0.352s] Level 1:colcon.colcon_core.package_discovery:discover_packages(prefix_path) discover
[0.353s] DEBUG:colcon.colcon_installed_package_information.package_discovery:Found 4 installed packages in /home/uuv/Development/rov-ros2/ws_desktop_qt/install
[0.355s] DEBUG:colcon.colcon_installed_package_information.package_discovery:Found 272 installed packages in /opt/ros/humble
[0.356s] Level 1:colcon.colcon_core.package_discovery:discover_packages(prefix_path) using defaults
[0.395s] Level 5:colcon.colcon_core.verb:set package 'px4_msgs' build argument 'cmake_args' from command line to '['-G', 'CodeBlocks - Unix Makefiles', '-DCMAKE_BUILD_TYPE=Debug']'
[0.395s] Level 5:colcon.colcon_core.verb:set package 'px4_msgs' build argument 'cmake_target' from command line to 'None'
[0.395s] Level 5:colcon.colcon_core.verb:set package 'px4_msgs' build argument 'cmake_target_skip_unavailable' from command line to 'False'
[0.395s] Level 5:colcon.colcon_core.verb:set package 'px4_msgs' build argument 'cmake_clean_cache' from command line to 'False'
[0.395s] Level 5:colcon.colcon_core.verb:set package 'px4_msgs' build argument 'cmake_clean_first' from command line to 'False'
[0.395s] Level 5:colcon.colcon_core.verb:set package 'px4_msgs' build argument 'cmake_force_configure' from command line to 'False'
[0.395s] Level 5:colcon.colcon_core.verb:set package 'px4_msgs' build argument 'ament_cmake_args' from command line to 'None'
[0.395s] Level 5:colcon.colcon_core.verb:set package 'px4_msgs' build argument 'catkin_cmake_args' from command line to 'None'
[0.395s] Level 5:colcon.colcon_core.verb:set package 'px4_msgs' build argument 'catkin_skip_building_tests' from command line to 'False'
[0.395s] DEBUG:colcon.colcon_core.verb:Building package 'px4_msgs' with the following arguments: {'ament_cmake_args': None, 'build_base': '/home/uuv/Development/rov-ros2/ws_desktop_qt/build/px4_msgs', 'catkin_cmake_args': None, 'catkin_skip_building_tests': False, 'cmake_args': ['-G', 'CodeBlocks - Unix Makefiles', '-DCMAKE_BUILD_TYPE=Debug'], 'cmake_clean_cache': False, 'cmake_clean_first': False, 'cmake_force_configure': False, 'cmake_target': None, 'cmake_target_skip_unavailable': False, 'install_base': '/home/uuv/Development/rov-ros2/ws_desktop_qt/install/px4_msgs', 'merge_install': False, 'path': '/home/uuv/Development/rov-ros2/ws_desktop_qt/src/px4_msgs', 'symlink_install': False, 'test_result_base': None}
[0.395s] Level 5:colcon.colcon_core.verb:set package 'qt-uic-py' build argument 'cmake_args' from command line to '['-G', 'CodeBlocks - Unix Makefiles', '-DCMAKE_BUILD_TYPE=Debug']'
[0.395s] Level 5:colcon.colcon_core.verb:set package 'qt-uic-py' build argument 'cmake_target' from command line to 'None'
[0.395s] Level 5:colcon.colcon_core.verb:set package 'qt-uic-py' build argument 'cmake_target_skip_unavailable' from command line to 'False'
[0.396s] Level 5:colcon.colcon_core.verb:set package 'qt-uic-py' build argument 'cmake_clean_cache' from command line to 'False'
[0.396s] Level 5:colcon.colcon_core.verb:set package 'qt-uic-py' build argument 'cmake_clean_first' from command line to 'False'
[0.396s] Level 5:colcon.colcon_core.verb:set package 'qt-uic-py' build argument 'cmake_force_configure' from command line to 'False'
[0.396s] Level 5:colcon.colcon_core.verb:set package 'qt-uic-py' build argument 'ament_cmake_args' from command line to 'None'
[0.396s] Level 5:colcon.colcon_core.verb:set package 'qt-uic-py' build argument 'catkin_cmake_args' from command line to 'None'
[0.396s] Level 5:colcon.colcon_core.verb:set package 'qt-uic-py' build argument 'catkin_skip_building_tests' from command line to 'False'
[0.396s] DEBUG:colcon.colcon_core.verb:Building package 'qt-uic-py' with the following arguments: {'ament_cmake_args': None, 'build_base': '/home/uuv/Development/rov-ros2/ws_desktop_qt/build/qt-uic-py', 'catkin_cmake_args': None, 'catkin_skip_building_tests': False, 'cmake_args': ['-G', 'CodeBlocks - Unix Makefiles', '-DCMAKE_BUILD_TYPE=Debug'], 'cmake_clean_cache': False, 'cmake_clean_first': False, 'cmake_force_configure': False, 'cmake_target': None, 'cmake_target_skip_unavailable': False, 'install_base': '/home/uuv/Development/rov-ros2/ws_desktop_qt/install/qt-uic-py', 'merge_install': False, 'path': '/home/uuv/Development/rov-ros2/ws_desktop_qt/src/qt-uic-py', 'symlink_install': False, 'test_result_base': None}
[0.396s] Level 5:colcon.colcon_core.verb:set package 'desktop_qt' build argument 'cmake_args' from command line to '['-G', 'CodeBlocks - Unix Makefiles', '-DCMAKE_BUILD_TYPE=Debug']'
[0.396s] Level 5:colcon.colcon_core.verb:set package 'desktop_qt' build argument 'cmake_target' from command line to 'None'
[0.396s] Level 5:colcon.colcon_core.verb:set package 'desktop_qt' build argument 'cmake_target_skip_unavailable' from command line to 'False'
[0.396s] Level 5:colcon.colcon_core.verb:set package 'desktop_qt' build argument 'cmake_clean_cache' from command line to 'False'
[0.396s] Level 5:colcon.colcon_core.verb:set package 'desktop_qt' build argument 'cmake_clean_first' from command line to 'False'
[0.396s] Level 5:colcon.colcon_core.verb:set package 'desktop_qt' build argument 'cmake_force_configure' from command line to 'False'
[0.396s] Level 5:colcon.colcon_core.verb:set package 'desktop_qt' build argument 'ament_cmake_args' from command line to 'None'
[0.396s] Level 5:colcon.colcon_core.verb:set package 'desktop_qt' build argument 'catkin_cmake_args' from command line to 'None'
[0.396s] Level 5:colcon.colcon_core.verb:set package 'desktop_qt' build argument 'catkin_skip_building_tests' from command line to 'False'
[0.396s] DEBUG:colcon.colcon_core.verb:Building package 'desktop_qt' with the following arguments: {'ament_cmake_args': None, 'build_base': '/home/uuv/Development/rov-ros2/ws_desktop_qt/build/desktop_qt', 'catkin_cmake_args': None, 'catkin_skip_building_tests': False, 'cmake_args': ['-G', 'CodeBlocks - Unix Makefiles', '-DCMAKE_BUILD_TYPE=Debug'], 'cmake_clean_cache': False, 'cmake_clean_first': False, 'cmake_force_configure': False, 'cmake_target': None, 'cmake_target_skip_unavailable': False, 'install_base': '/home/uuv/Development/rov-ros2/ws_desktop_qt/install/desktop_qt', 'merge_install': False, 'path': '/home/uuv/Development/rov-ros2/ws_desktop_qt/src/desktop_qt', 'symlink_install': False, 'test_result_base': None}
[0.397s] Level 5:colcon.colcon_core.verb:set package 'px4_ros_com' build argument 'cmake_args' from command line to '['-G', 'CodeBlocks - Unix Makefiles', '-DCMAKE_BUILD_TYPE=Debug']'
[0.397s] Level 5:colcon.colcon_core.verb:set package 'px4_ros_com' build argument 'cmake_target' from command line to 'None'
[0.397s] Level 5:colcon.colcon_core.verb:set package 'px4_ros_com' build argument 'cmake_target_skip_unavailable' from command line to 'False'
[0.397s] Level 5:colcon.colcon_core.verb:set package 'px4_ros_com' build argument 'cmake_clean_cache' from command line to 'False'
[0.397s] Level 5:colcon.colcon_core.verb:set package 'px4_ros_com' build argument 'cmake_clean_first' from command line to 'False'
[0.397s] Level 5:colcon.colcon_core.verb:set package 'px4_ros_com' build argument 'cmake_force_configure' from command line to 'False'
[0.397s] Level 5:colcon.colcon_core.verb:set package 'px4_ros_com' build argument 'ament_cmake_args' from command line to 'None'
[0.397s] Level 5:colcon.colcon_core.verb:set package 'px4_ros_com' build argument 'catkin_cmake_args' from command line to 'None'
[0.397s] Level 5:colcon.colcon_core.verb:set package 'px4_ros_com' build argument 'catkin_skip_building_tests' from command line to 'False'
[0.397s] DEBUG:colcon.colcon_core.verb:Building package 'px4_ros_com' with the following arguments: {'ament_cmake_args': None, 'build_base': '/home/uuv/Development/rov-ros2/ws_desktop_qt/build/px4_ros_com', 'catkin_cmake_args': None, 'catkin_skip_building_tests': False, 'cmake_args': ['-G', 'CodeBlocks - Unix Makefiles', '-DCMAKE_BUILD_TYPE=Debug'], 'cmake_clean_cache': False, 'cmake_clean_first': False, 'cmake_force_configure': False, 'cmake_target': None, 'cmake_target_skip_unavailable': False, 'install_base': '/home/uuv/Development/rov-ros2/ws_desktop_qt/install/px4_ros_com', 'merge_install': False, 'path': '/home/uuv/Development/rov-ros2/ws_desktop_qt/src/px4_ros_com', 'symlink_install': False, 'test_result_base': None}
[0.397s] INFO:colcon.colcon_core.executor:Executing jobs using 'parallel' executor
[0.398s] DEBUG:colcon.colcon_parallel_executor.executor.parallel:run_until_complete
[0.398s] INFO:colcon.colcon_ros.task.ament_cmake.build:Building ROS package in '/home/uuv/Development/rov-ros2/ws_desktop_qt/src/px4_msgs' with build type 'ament_cmake'
[0.398s] INFO:colcon.colcon_cmake.task.cmake.build:Building CMake package in '/home/uuv/Development/rov-ros2/ws_desktop_qt/src/px4_msgs'
[0.401s] INFO:colcon.colcon_core.plugin_system:Skipping extension 'colcon_core.shell.bat': Not used on non-Windows systems
[0.401s] INFO:colcon.colcon_core.shell:Skip shell extension 'powershell' for command environment: Not usable outside of PowerShell
[0.401s] DEBUG:colcon.colcon_core.shell:Skip shell extension 'dsv' for command environment
[0.404s] INFO:colcon.colcon_ros.task.ament_python.build:Building ROS package in '/home/uuv/Development/rov-ros2/ws_desktop_qt/src/qt-uic-py' with build type 'ament_python'
[0.404s] Level 1:colcon.colcon_core.shell:create_environment_hook('qt-uic-py', 'ament_prefix_path')
[0.405s] INFO:colcon.colcon_core.shell:Creating environment hook '/home/uuv/Development/rov-ros2/ws_desktop_qt/install/qt-uic-py/share/qt-uic-py/hook/ament_prefix_path.ps1'
[0.405s] INFO:colcon.colcon_core.shell:Creating environment descriptor '/home/uuv/Development/rov-ros2/ws_desktop_qt/install/qt-uic-py/share/qt-uic-py/hook/ament_prefix_path.dsv'
[0.406s] INFO:colcon.colcon_core.shell:Creating environment hook '/home/uuv/Development/rov-ros2/ws_desktop_qt/install/qt-uic-py/share/qt-uic-py/hook/ament_prefix_path.sh'
[0.407s] INFO:colcon.colcon_core.shell:Skip shell extension 'powershell' for command environment: Not usable outside of PowerShell
[0.407s] DEBUG:colcon.colcon_core.shell:Skip shell extension 'dsv' for command environment
[0.416s] DEBUG:colcon.colcon_core.event_handler.log_command:Invoking command in '/home/uuv/Development/rov-ros2/ws_desktop_qt/build/px4_msgs': CMAKE_PREFIX_PATH=${CMAKE_PREFIX_PATH}:/home/uuv/Development/rov-ros2/ws_desktop_qt/install/qt-uic-py:/opt/ros/humble /usr/bin/cmake --build /home/uuv/Development/rov-ros2/ws_desktop_qt/build/px4_msgs -- -j8 -l8
[0.680s] INFO:colcon.colcon_core.task.python.build:Building Python package in '/home/uuv/Development/rov-ros2/ws_desktop_qt/src/qt-uic-py'
[0.680s] INFO:colcon.colcon_core.shell:Skip shell extension 'powershell' for command environment: Not usable outside of PowerShell
[0.680s] DEBUG:colcon.colcon_core.shell:Skip shell extension 'dsv' for command environment
[1.034s] DEBUG:colcon.colcon_core.event_handler.log_command:Invoking command in '/home/uuv/Development/rov-ros2/ws_desktop_qt/src/qt-uic-py': PYTHONPATH=/home/uuv/Development/rov-ros2/ws_desktop_qt/build/qt-uic-py/prefix_override:/usr/lib/python3/dist-packages/colcon_core/task/python/colcon_distutils_commands:/home/uuv/Development/rov-ros2/ws_desktop_qt/install/qt-uic-py/lib/python3.10/site-packages:${PYTHONPATH} /usr/bin/python3 -W ignore:setup.py install is deprecated -W ignore:easy_install command is deprecated setup.py egg_info --egg-base ../../build/qt-uic-py build --build-base /home/uuv/Development/rov-ros2/ws_desktop_qt/build/qt-uic-py/build install --record /home/uuv/Development/rov-ros2/ws_desktop_qt/build/qt-uic-py/install.log --single-version-externally-managed install_data
[1.440s] DEBUG:colcon.colcon_core.event_handler.log_command:Invoked command in '/home/uuv/Development/rov-ros2/ws_desktop_qt/src/qt-uic-py' returned '0': PYTHONPATH=/home/uuv/Development/rov-ros2/ws_desktop_qt/build/qt-uic-py/prefix_override:/usr/lib/python3/dist-packages/colcon_core/task/python/colcon_distutils_commands:/home/uuv/Development/rov-ros2/ws_desktop_qt/install/qt-uic-py/lib/python3.10/site-packages:${PYTHONPATH} /usr/bin/python3 -W ignore:setup.py install is deprecated -W ignore:easy_install command is deprecated setup.py egg_info --egg-base ../../build/qt-uic-py build --build-base /home/uuv/Development/rov-ros2/ws_desktop_qt/build/qt-uic-py/build install --record /home/uuv/Development/rov-ros2/ws_desktop_qt/build/qt-uic-py/install.log --single-version-externally-managed install_data
[1.442s] Level 1:colcon.colcon_core.environment:checking '/home/uuv/Development/rov-ros2/ws_desktop_qt/install/qt-uic-py' for CMake module files
[1.442s] Level 1:colcon.colcon_core.environment:checking '/home/uuv/Development/rov-ros2/ws_desktop_qt/install/qt-uic-py' for CMake config files
[1.443s] Level 1:colcon.colcon_core.environment:checking '/home/uuv/Development/rov-ros2/ws_desktop_qt/install/qt-uic-py/lib'
[1.443s] Level 1:colcon.colcon_core.environment:checking '/home/uuv/Development/rov-ros2/ws_desktop_qt/install/qt-uic-py/bin'
[1.443s] Level 1:colcon.colcon_core.environment:checking '/home/uuv/Development/rov-ros2/ws_desktop_qt/install/qt-uic-py/lib/pkgconfig/qt-uic-py.pc'
[1.444s] Level 1:colcon.colcon_core.environment:checking '/home/uuv/Development/rov-ros2/ws_desktop_qt/install/qt-uic-py/lib/python3.10/site-packages'
[1.444s] Level 1:colcon.colcon_core.shell:create_environment_hook('qt-uic-py', 'pythonpath')
[1.444s] INFO:colcon.colcon_core.shell:Creating environment hook '/home/uuv/Development/rov-ros2/ws_desktop_qt/install/qt-uic-py/share/qt-uic-py/hook/pythonpath.ps1'
[1.444s] INFO:colcon.colcon_core.shell:Creating environment descriptor '/home/uuv/Development/rov-ros2/ws_desktop_qt/install/qt-uic-py/share/qt-uic-py/hook/pythonpath.dsv'
[1.445s] INFO:colcon.colcon_core.shell:Creating environment hook '/home/uuv/Development/rov-ros2/ws_desktop_qt/install/qt-uic-py/share/qt-uic-py/hook/pythonpath.sh'
[1.445s] Level 1:colcon.colcon_core.environment:checking '/home/uuv/Development/rov-ros2/ws_desktop_qt/install/qt-uic-py/bin'
[1.446s] Level 1:colcon.colcon_core.environment:create_environment_scripts_only(qt-uic-py)
[1.446s] INFO:colcon.colcon_core.shell:Creating package script '/home/uuv/Development/rov-ros2/ws_desktop_qt/install/qt-uic-py/share/qt-uic-py/package.ps1'
[1.447s] INFO:colcon.colcon_core.shell:Creating package descriptor '/home/uuv/Development/rov-ros2/ws_desktop_qt/install/qt-uic-py/share/qt-uic-py/package.dsv'
[1.447s] INFO:colcon.colcon_core.shell:Creating package script '/home/uuv/Development/rov-ros2/ws_desktop_qt/install/qt-uic-py/share/qt-uic-py/package.sh'
[1.448s] INFO:colcon.colcon_core.shell:Creating package script '/home/uuv/Development/rov-ros2/ws_desktop_qt/install/qt-uic-py/share/qt-uic-py/package.bash'
[1.449s] INFO:colcon.colcon_core.shell:Creating package script '/home/uuv/Development/rov-ros2/ws_desktop_qt/install/qt-uic-py/share/qt-uic-py/package.zsh'
[1.450s] Level 1:colcon.colcon_core.environment:create_file_with_runtime_dependencies(/home/uuv/Development/rov-ros2/ws_desktop_qt/install/qt-uic-py/share/colcon-core/packages/qt-uic-py)
[1.622s] DEBUG:colcon.colcon_core.event_handler.log_command:Invoked command in '/home/uuv/Development/rov-ros2/ws_desktop_qt/build/px4_msgs' returned '0': CMAKE_PREFIX_PATH=${CMAKE_PREFIX_PATH}:/home/uuv/Development/rov-ros2/ws_desktop_qt/install/qt-uic-py:/opt/ros/humble /usr/bin/cmake --build /home/uuv/Development/rov-ros2/ws_desktop_qt/build/px4_msgs -- -j8 -l8
[1.633s] DEBUG:colcon.colcon_core.event_handler.log_command:Invoking command in '/home/uuv/Development/rov-ros2/ws_desktop_qt/build/px4_msgs': CMAKE_PREFIX_PATH=${CMAKE_PREFIX_PATH}:/home/uuv/Development/rov-ros2/ws_desktop_qt/install/qt-uic-py:/opt/ros/humble /usr/bin/cmake --install /home/uuv/Development/rov-ros2/ws_desktop_qt/build/px4_msgs
[2.065s] Level 1:colcon.colcon_core.environment:create_environment_scripts_only(px4_msgs)
[2.065s] Level 1:colcon.colcon_core.environment:checking '/home/uuv/Development/rov-ros2/ws_desktop_qt/install/px4_msgs' for CMake module files
[2.066s] DEBUG:colcon.colcon_core.event_handler.log_command:Invoked command in '/home/uuv/Development/rov-ros2/ws_desktop_qt/build/px4_msgs' returned '0': CMAKE_PREFIX_PATH=${CMAKE_PREFIX_PATH}:/home/uuv/Development/rov-ros2/ws_desktop_qt/install/qt-uic-py:/opt/ros/humble /usr/bin/cmake --install /home/uuv/Development/rov-ros2/ws_desktop_qt/build/px4_msgs
[2.066s] Level 1:colcon.colcon_core.environment:checking '/home/uuv/Development/rov-ros2/ws_desktop_qt/install/px4_msgs' for CMake config files
[2.072s] Level 1:colcon.colcon_core.shell:create_environment_hook('px4_msgs', 'cmake_prefix_path')
[2.072s] INFO:colcon.colcon_core.shell:Creating environment hook '/home/uuv/Development/rov-ros2/ws_desktop_qt/install/px4_msgs/share/px4_msgs/hook/cmake_prefix_path.ps1'
[2.072s] INFO:colcon.colcon_core.shell:Creating environment descriptor '/home/uuv/Development/rov-ros2/ws_desktop_qt/install/px4_msgs/share/px4_msgs/hook/cmake_prefix_path.dsv'
[2.073s] INFO:colcon.colcon_core.shell:Creating environment hook '/home/uuv/Development/rov-ros2/ws_desktop_qt/install/px4_msgs/share/px4_msgs/hook/cmake_prefix_path.sh'
[2.073s] Level 1:colcon.colcon_core.environment:checking '/home/uuv/Development/rov-ros2/ws_desktop_qt/install/px4_msgs/lib'
[2.073s] Level 1:colcon.colcon_core.shell:create_environment_hook('px4_msgs', 'ld_library_path_lib')
[2.073s] INFO:colcon.colcon_core.shell:Creating environment hook '/home/uuv/Development/rov-ros2/ws_desktop_qt/install/px4_msgs/share/px4_msgs/hook/ld_library_path_lib.ps1'
[2.074s] INFO:colcon.colcon_core.shell:Creating environment descriptor '/home/uuv/Development/rov-ros2/ws_desktop_qt/install/px4_msgs/share/px4_msgs/hook/ld_library_path_lib.dsv'
[2.074s] INFO:colcon.colcon_core.shell:Creating environment hook '/home/uuv/Development/rov-ros2/ws_desktop_qt/install/px4_msgs/share/px4_msgs/hook/ld_library_path_lib.sh'
[2.075s] Level 1:colcon.colcon_core.environment:checking '/home/uuv/Development/rov-ros2/ws_desktop_qt/install/px4_msgs/bin'
[2.075s] Level 1:colcon.colcon_core.environment:checking '/home/uuv/Development/rov-ros2/ws_desktop_qt/install/px4_msgs/lib/pkgconfig/px4_msgs.pc'
[2.075s] Level 1:colcon.colcon_core.environment:checking '/home/uuv/Development/rov-ros2/ws_desktop_qt/install/px4_msgs/lib/python3.10/site-packages'
[2.075s] Level 1:colcon.colcon_core.environment:checking '/home/uuv/Development/rov-ros2/ws_desktop_qt/install/px4_msgs/bin'
[2.075s] INFO:colcon.colcon_core.shell:Creating package script '/home/uuv/Development/rov-ros2/ws_desktop_qt/install/px4_msgs/share/px4_msgs/package.ps1'
[2.076s] INFO:colcon.colcon_core.shell:Creating package descriptor '/home/uuv/Development/rov-ros2/ws_desktop_qt/install/px4_msgs/share/px4_msgs/package.dsv'
[2.076s] INFO:colcon.colcon_core.shell:Creating package script '/home/uuv/Development/rov-ros2/ws_desktop_qt/install/px4_msgs/share/px4_msgs/package.sh'
[2.077s] INFO:colcon.colcon_core.shell:Creating package script '/home/uuv/Development/rov-ros2/ws_desktop_qt/install/px4_msgs/share/px4_msgs/package.bash'
[2.077s] INFO:colcon.colcon_core.shell:Creating package script '/home/uuv/Development/rov-ros2/ws_desktop_qt/install/px4_msgs/share/px4_msgs/package.zsh'
[2.077s] Level 1:colcon.colcon_core.environment:create_file_with_runtime_dependencies(/home/uuv/Development/rov-ros2/ws_desktop_qt/install/px4_msgs/share/colcon-core/packages/px4_msgs)
[2.078s] Level 1:colcon.colcon_core.environment:create_environment_scripts_only(px4_msgs)
[2.078s] Level 1:colcon.colcon_core.environment:checking '/home/uuv/Development/rov-ros2/ws_desktop_qt/install/px4_msgs' for CMake module files
[2.079s] Level 1:colcon.colcon_core.environment:checking '/home/uuv/Development/rov-ros2/ws_desktop_qt/install/px4_msgs' for CMake config files
[2.083s] Level 1:colcon.colcon_core.shell:create_environment_hook('px4_msgs', 'cmake_prefix_path')
[2.084s] INFO:colcon.colcon_core.shell:Creating environment hook '/home/uuv/Development/rov-ros2/ws_desktop_qt/install/px4_msgs/share/px4_msgs/hook/cmake_prefix_path.ps1'
[2.084s] INFO:colcon.colcon_core.shell:Creating environment descriptor '/home/uuv/Development/rov-ros2/ws_desktop_qt/install/px4_msgs/share/px4_msgs/hook/cmake_prefix_path.dsv'
[2.084s] INFO:colcon.colcon_core.shell:Creating environment hook '/home/uuv/Development/rov-ros2/ws_desktop_qt/install/px4_msgs/share/px4_msgs/hook/cmake_prefix_path.sh'
[2.085s] Level 1:colcon.colcon_core.environment:checking '/home/uuv/Development/rov-ros2/ws_desktop_qt/install/px4_msgs/lib'
[2.085s] Level 1:colcon.colcon_core.shell:create_environment_hook('px4_msgs', 'ld_library_path_lib')
[2.085s] INFO:colcon.colcon_core.shell:Creating environment hook '/home/uuv/Development/rov-ros2/ws_desktop_qt/install/px4_msgs/share/px4_msgs/hook/ld_library_path_lib.ps1'
[2.085s] INFO:colcon.colcon_core.shell:Creating environment descriptor '/home/uuv/Development/rov-ros2/ws_desktop_qt/install/px4_msgs/share/px4_msgs/hook/ld_library_path_lib.dsv'
[2.086s] INFO:colcon.colcon_core.shell:Creating environment hook '/home/uuv/Development/rov-ros2/ws_desktop_qt/install/px4_msgs/share/px4_msgs/hook/ld_library_path_lib.sh'
[2.086s] Level 1:colcon.colcon_core.environment:checking '/home/uuv/Development/rov-ros2/ws_desktop_qt/install/px4_msgs/bin'
[2.086s] Level 1:colcon.colcon_core.environment:checking '/home/uuv/Development/rov-ros2/ws_desktop_qt/install/px4_msgs/lib/pkgconfig/px4_msgs.pc'
[2.086s] Level 1:colcon.colcon_core.environment:checking '/home/uuv/Development/rov-ros2/ws_desktop_qt/install/px4_msgs/lib/python3.10/site-packages'
[2.087s] Level 1:colcon.colcon_core.environment:checking '/home/uuv/Development/rov-ros2/ws_desktop_qt/install/px4_msgs/bin'
[2.087s] INFO:colcon.colcon_core.shell:Creating package script '/home/uuv/Development/rov-ros2/ws_desktop_qt/install/px4_msgs/share/px4_msgs/package.ps1'
[2.087s] INFO:colcon.colcon_core.shell:Creating package descriptor '/home/uuv/Development/rov-ros2/ws_desktop_qt/install/px4_msgs/share/px4_msgs/package.dsv'
[2.088s] INFO:colcon.colcon_core.shell:Creating package script '/home/uuv/Development/rov-ros2/ws_desktop_qt/install/px4_msgs/share/px4_msgs/package.sh'
[2.088s] INFO:colcon.colcon_core.shell:Creating package script '/home/uuv/Development/rov-ros2/ws_desktop_qt/install/px4_msgs/share/px4_msgs/package.bash'
[2.089s] INFO:colcon.colcon_core.shell:Creating package script '/home/uuv/Development/rov-ros2/ws_desktop_qt/install/px4_msgs/share/px4_msgs/package.zsh'
[2.089s] Level 1:colcon.colcon_core.environment:create_file_with_runtime_dependencies(/home/uuv/Development/rov-ros2/ws_desktop_qt/install/px4_msgs/share/colcon-core/packages/px4_msgs)
[2.089s] INFO:colcon.colcon_ros.task.ament_cmake.build:Building ROS package in '/home/uuv/Development/rov-ros2/ws_desktop_qt/src/desktop_qt' with build type 'ament_cmake'
[2.089s] INFO:colcon.colcon_cmake.task.cmake.build:Building CMake package in '/home/uuv/Development/rov-ros2/ws_desktop_qt/src/desktop_qt'
[2.090s] INFO:colcon.colcon_core.shell:Skip shell extension 'powershell' for command environment: Not usable outside of PowerShell
[2.090s] DEBUG:colcon.colcon_core.shell:Skip shell extension 'dsv' for command environment
[2.094s] INFO:colcon.colcon_ros.task.ament_cmake.build:Building ROS package in '/home/uuv/Development/rov-ros2/ws_desktop_qt/src/px4_ros_com' with build type 'ament_cmake'
[2.094s] INFO:colcon.colcon_cmake.task.cmake.build:Building CMake package in '/home/uuv/Development/rov-ros2/ws_desktop_qt/src/px4_ros_com'
[2.094s] INFO:colcon.colcon_core.shell:Skip shell extension 'powershell' for command environment: Not usable outside of PowerShell
[2.094s] DEBUG:colcon.colcon_core.shell:Skip shell extension 'dsv' for command environment
[2.103s] DEBUG:colcon.colcon_core.event_handler.log_command:Invoking command in '/home/uuv/Development/rov-ros2/ws_desktop_qt/build/desktop_qt': CMAKE_PREFIX_PATH=/home/uuv/Development/rov-ros2/ws_desktop_qt/install/px4_msgs:/home/uuv/Development/rov-ros2/ws_desktop_qt/install/px4_ros_com:/home/uuv/Development/rov-ros2/ws_desktop_qt/install/qt-uic-py:/opt/ros/humble LD_LIBRARY_PATH=/home/uuv/Development/rov-ros2/ws_desktop_qt/install/px4_msgs/lib:/home/uuv/Development/rov-ros2/ws_desktop_qt/install/px4_ros_com/lib:/opt/ros/humble/opt/rviz_ogre_vendor/lib:/opt/ros/humble/lib/x86_64-linux-gnu:/opt/ros/humble/lib:/snap/qtcreator-ros/116/lib:/snap/qtcreator-ros/116/usr/lib/x86_64-linux-gnu /usr/bin/cmake --build /home/uuv/Development/rov-ros2/ws_desktop_qt/build/desktop_qt -- -j8 -l8
[2.106s] DEBUG:colcon.colcon_core.event_handler.log_command:Invoking command in '/home/uuv/Development/rov-ros2/ws_desktop_qt/build/px4_ros_com': CMAKE_PREFIX_PATH=/home/uuv/Development/rov-ros2/ws_desktop_qt/install/px4_msgs:/home/uuv/Development/rov-ros2/ws_desktop_qt/install/px4_ros_com:/home/uuv/Development/rov-ros2/ws_desktop_qt/install/qt-uic-py:/opt/ros/humble LD_LIBRARY_PATH=/home/uuv/Development/rov-ros2/ws_desktop_qt/install/px4_msgs/lib:/home/uuv/Development/rov-ros2/ws_desktop_qt/install/px4_ros_com/lib:/opt/ros/humble/opt/rviz_ogre_vendor/lib:/opt/ros/humble/lib/x86_64-linux-gnu:/opt/ros/humble/lib:/snap/qtcreator-ros/116/lib:/snap/qtcreator-ros/116/usr/lib/x86_64-linux-gnu /usr/bin/cmake --build /home/uuv/Development/rov-ros2/ws_desktop_qt/build/px4_ros_com -- -j8 -l8
[2.489s] DEBUG:colcon.colcon_core.event_handler.log_command:Invoked command in '/home/uuv/Development/rov-ros2/ws_desktop_qt/build/px4_ros_com' returned '0': CMAKE_PREFIX_PATH=/home/uuv/Development/rov-ros2/ws_desktop_qt/install/px4_msgs:/home/uuv/Development/rov-ros2/ws_desktop_qt/install/px4_ros_com:/home/uuv/Development/rov-ros2/ws_desktop_qt/install/qt-uic-py:/opt/ros/humble LD_LIBRARY_PATH=/home/uuv/Development/rov-ros2/ws_desktop_qt/install/px4_msgs/lib:/home/uuv/Development/rov-ros2/ws_desktop_qt/install/px4_ros_com/lib:/opt/ros/humble/opt/rviz_ogre_vendor/lib:/opt/ros/humble/lib/x86_64-linux-gnu:/opt/ros/humble/lib:/snap/qtcreator-ros/116/lib:/snap/qtcreator-ros/116/usr/lib/x86_64-linux-gnu /usr/bin/cmake --build /home/uuv/Development/rov-ros2/ws_desktop_qt/build/px4_ros_com -- -j8 -l8
[2.490s] DEBUG:colcon.colcon_core.event_handler.log_command:Invoking command in '/home/uuv/Development/rov-ros2/ws_desktop_qt/build/px4_ros_com': CMAKE_PREFIX_PATH=/home/uuv/Development/rov-ros2/ws_desktop_qt/install/px4_msgs:/home/uuv/Development/rov-ros2/ws_desktop_qt/install/px4_ros_com:/home/uuv/Development/rov-ros2/ws_desktop_qt/install/qt-uic-py:/opt/ros/humble LD_LIBRARY_PATH=/home/uuv/Development/rov-ros2/ws_desktop_qt/install/px4_msgs/lib:/home/uuv/Development/rov-ros2/ws_desktop_qt/install/px4_ros_com/lib:/opt/ros/humble/opt/rviz_ogre_vendor/lib:/opt/ros/humble/lib/x86_64-linux-gnu:/opt/ros/humble/lib:/snap/qtcreator-ros/116/lib:/snap/qtcreator-ros/116/usr/lib/x86_64-linux-gnu /usr/bin/cmake --install /home/uuv/Development/rov-ros2/ws_desktop_qt/build/px4_ros_com
[2.545s] Level 1:colcon.colcon_core.environment:create_environment_scripts_only(px4_ros_com)
[2.546s] Level 1:colcon.colcon_core.environment:checking '/home/uuv/Development/rov-ros2/ws_desktop_qt/install/px4_ros_com' for CMake module files
[2.546s] DEBUG:colcon.colcon_core.event_handler.log_command:Invoked command in '/home/uuv/Development/rov-ros2/ws_desktop_qt/build/px4_ros_com' returned '0': CMAKE_PREFIX_PATH=/home/uuv/Development/rov-ros2/ws_desktop_qt/install/px4_msgs:/home/uuv/Development/rov-ros2/ws_desktop_qt/install/px4_ros_com:/home/uuv/Development/rov-ros2/ws_desktop_qt/install/qt-uic-py:/opt/ros/humble LD_LIBRARY_PATH=/home/uuv/Development/rov-ros2/ws_desktop_qt/install/px4_msgs/lib:/home/uuv/Development/rov-ros2/ws_desktop_qt/install/px4_ros_com/lib:/opt/ros/humble/opt/rviz_ogre_vendor/lib:/opt/ros/humble/lib/x86_64-linux-gnu:/opt/ros/humble/lib:/snap/qtcreator-ros/116/lib:/snap/qtcreator-ros/116/usr/lib/x86_64-linux-gnu /usr/bin/cmake --install /home/uuv/Development/rov-ros2/ws_desktop_qt/build/px4_ros_com
[2.547s] Level 1:colcon.colcon_core.environment:checking '/home/uuv/Development/rov-ros2/ws_desktop_qt/install/px4_ros_com' for CMake config files
[2.548s] Level 1:colcon.colcon_core.shell:create_environment_hook('px4_ros_com', 'cmake_prefix_path')
[2.548s] INFO:colcon.colcon_core.shell:Creating environment hook '/home/uuv/Development/rov-ros2/ws_desktop_qt/install/px4_ros_com/share/px4_ros_com/hook/cmake_prefix_path.ps1'
[2.549s] INFO:colcon.colcon_core.shell:Creating environment descriptor '/home/uuv/Development/rov-ros2/ws_desktop_qt/install/px4_ros_com/share/px4_ros_com/hook/cmake_prefix_path.dsv'
[2.549s] INFO:colcon.colcon_core.shell:Creating environment hook '/home/uuv/Development/rov-ros2/ws_desktop_qt/install/px4_ros_com/share/px4_ros_com/hook/cmake_prefix_path.sh'
[2.550s] Level 1:colcon.colcon_core.environment:checking '/home/uuv/Development/rov-ros2/ws_desktop_qt/install/px4_ros_com/lib'
[2.550s] Level 1:colcon.colcon_core.shell:create_environment_hook('px4_ros_com', 'ld_library_path_lib')
[2.550s] INFO:colcon.colcon_core.shell:Creating environment hook '/home/uuv/Development/rov-ros2/ws_desktop_qt/install/px4_ros_com/share/px4_ros_com/hook/ld_library_path_lib.ps1'
[2.551s] INFO:colcon.colcon_core.shell:Creating environment descriptor '/home/uuv/Development/rov-ros2/ws_desktop_qt/install/px4_ros_com/share/px4_ros_com/hook/ld_library_path_lib.dsv'
[2.551s] INFO:colcon.colcon_core.shell:Creating environment hook '/home/uuv/Development/rov-ros2/ws_desktop_qt/install/px4_ros_com/share/px4_ros_com/hook/ld_library_path_lib.sh'
[2.552s] Level 1:colcon.colcon_core.environment:checking '/home/uuv/Development/rov-ros2/ws_desktop_qt/install/px4_ros_com/bin'
[2.552s] Level 1:colcon.colcon_core.environment:checking '/home/uuv/Development/rov-ros2/ws_desktop_qt/install/px4_ros_com/lib/pkgconfig/px4_ros_com.pc'
[2.552s] Level 1:colcon.colcon_core.environment:checking '/home/uuv/Development/rov-ros2/ws_desktop_qt/install/px4_ros_com/lib/python3.10/site-packages'
[2.553s] Level 1:colcon.colcon_core.environment:checking '/home/uuv/Development/rov-ros2/ws_desktop_qt/install/px4_ros_com/bin'
[2.553s] INFO:colcon.colcon_core.shell:Creating package script '/home/uuv/Development/rov-ros2/ws_desktop_qt/install/px4_ros_com/share/px4_ros_com/package.ps1'
[2.554s] INFO:colcon.colcon_core.shell:Creating package descriptor '/home/uuv/Development/rov-ros2/ws_desktop_qt/install/px4_ros_com/share/px4_ros_com/package.dsv'
[2.555s] INFO:colcon.colcon_core.shell:Creating package script '/home/uuv/Development/rov-ros2/ws_desktop_qt/install/px4_ros_com/share/px4_ros_com/package.sh'
[2.556s] INFO:colcon.colcon_core.shell:Creating package script '/home/uuv/Development/rov-ros2/ws_desktop_qt/install/px4_ros_com/share/px4_ros_com/package.bash'
[2.556s] INFO:colcon.colcon_core.shell:Creating package script '/home/uuv/Development/rov-ros2/ws_desktop_qt/install/px4_ros_com/share/px4_ros_com/package.zsh'
[2.557s] Level 1:colcon.colcon_core.environment:create_file_with_runtime_dependencies(/home/uuv/Development/rov-ros2/ws_desktop_qt/install/px4_ros_com/share/colcon-core/packages/px4_ros_com)
[2.557s] Level 1:colcon.colcon_core.environment:create_environment_scripts_only(px4_ros_com)
[2.558s] Level 1:colcon.colcon_core.environment:checking '/home/uuv/Development/rov-ros2/ws_desktop_qt/install/px4_ros_com' for CMake module files
[2.559s] Level 1:colcon.colcon_core.environment:checking '/home/uuv/Development/rov-ros2/ws_desktop_qt/install/px4_ros_com' for CMake config files
[2.560s] Level 1:colcon.colcon_core.shell:create_environment_hook('px4_ros_com', 'cmake_prefix_path')
[2.560s] INFO:colcon.colcon_core.shell:Creating environment hook '/home/uuv/Development/rov-ros2/ws_desktop_qt/install/px4_ros_com/share/px4_ros_com/hook/cmake_prefix_path.ps1'
[2.560s] INFO:colcon.colcon_core.shell:Creating environment descriptor '/home/uuv/Development/rov-ros2/ws_desktop_qt/install/px4_ros_com/share/px4_ros_com/hook/cmake_prefix_path.dsv'
[2.561s] INFO:colcon.colcon_core.shell:Creating environment hook '/home/uuv/Development/rov-ros2/ws_desktop_qt/install/px4_ros_com/share/px4_ros_com/hook/cmake_prefix_path.sh'
[2.562s] Level 1:colcon.colcon_core.environment:checking '/home/uuv/Development/rov-ros2/ws_desktop_qt/install/px4_ros_com/lib'
[2.562s] Level 1:colcon.colcon_core.shell:create_environment_hook('px4_ros_com', 'ld_library_path_lib')
[2.562s] INFO:colcon.colcon_core.shell:Creating environment hook '/home/uuv/Development/rov-ros2/ws_desktop_qt/install/px4_ros_com/share/px4_ros_com/hook/ld_library_path_lib.ps1'
[2.562s] INFO:colcon.colcon_core.shell:Creating environment descriptor '/home/uuv/Development/rov-ros2/ws_desktop_qt/install/px4_ros_com/share/px4_ros_com/hook/ld_library_path_lib.dsv'
[2.563s] INFO:colcon.colcon_core.shell:Creating environment hook '/home/uuv/Development/rov-ros2/ws_desktop_qt/install/px4_ros_com/share/px4_ros_com/hook/ld_library_path_lib.sh'
[2.563s] Level 1:colcon.colcon_core.environment:checking '/home/uuv/Development/rov-ros2/ws_desktop_qt/install/px4_ros_com/bin'
[2.563s] Level 1:colcon.colcon_core.environment:checking '/home/uuv/Development/rov-ros2/ws_desktop_qt/install/px4_ros_com/lib/pkgconfig/px4_ros_com.pc'
[2.563s] Level 1:colcon.colcon_core.environment:checking '/home/uuv/Development/rov-ros2/ws_desktop_qt/install/px4_ros_com/lib/python3.10/site-packages'
[2.564s] Level 1:colcon.colcon_core.environment:checking '/home/uuv/Development/rov-ros2/ws_desktop_qt/install/px4_ros_com/bin'
[2.564s] INFO:colcon.colcon_core.shell:Creating package script '/home/uuv/Development/rov-ros2/ws_desktop_qt/install/px4_ros_com/share/px4_ros_com/package.ps1'
[2.564s] INFO:colcon.colcon_core.shell:Creating package descriptor '/home/uuv/Development/rov-ros2/ws_desktop_qt/install/px4_ros_com/share/px4_ros_com/package.dsv'
[2.565s] INFO:colcon.colcon_core.shell:Creating package script '/home/uuv/Development/rov-ros2/ws_desktop_qt/install/px4_ros_com/share/px4_ros_com/package.sh'
[2.565s] INFO:colcon.colcon_core.shell:Creating package script '/home/uuv/Development/rov-ros2/ws_desktop_qt/install/px4_ros_com/share/px4_ros_com/package.bash'
[2.566s] INFO:colcon.colcon_core.shell:Creating package script '/home/uuv/Development/rov-ros2/ws_desktop_qt/install/px4_ros_com/share/px4_ros_com/package.zsh'
[2.566s] Level 1:colcon.colcon_core.environment:create_file_with_runtime_dependencies(/home/uuv/Development/rov-ros2/ws_desktop_qt/install/px4_ros_com/share/colcon-core/packages/px4_ros_com)
[6.633s] DEBUG:colcon.colcon_core.event_handler.log_command:Invoked command in '/home/uuv/Development/rov-ros2/ws_desktop_qt/build/desktop_qt' returned '0': CMAKE_PREFIX_PATH=/home/uuv/Development/rov-ros2/ws_desktop_qt/install/px4_msgs:/home/uuv/Development/rov-ros2/ws_desktop_qt/install/px4_ros_com:/home/uuv/Development/rov-ros2/ws_desktop_qt/install/qt-uic-py:/opt/ros/humble LD_LIBRARY_PATH=/home/uuv/Development/rov-ros2/ws_desktop_qt/install/px4_msgs/lib:/home/uuv/Development/rov-ros2/ws_desktop_qt/install/px4_ros_com/lib:/opt/ros/humble/opt/rviz_ogre_vendor/lib:/opt/ros/humble/lib/x86_64-linux-gnu:/opt/ros/humble/lib:/snap/qtcreator-ros/116/lib:/snap/qtcreator-ros/116/usr/lib/x86_64-linux-gnu /usr/bin/cmake --build /home/uuv/Development/rov-ros2/ws_desktop_qt/build/desktop_qt -- -j8 -l8
[6.635s] DEBUG:colcon.colcon_core.event_handler.log_command:Invoking command in '/home/uuv/Development/rov-ros2/ws_desktop_qt/build/desktop_qt': CMAKE_PREFIX_PATH=/home/uuv/Development/rov-ros2/ws_desktop_qt/install/px4_msgs:/home/uuv/Development/rov-ros2/ws_desktop_qt/install/px4_ros_com:/home/uuv/Development/rov-ros2/ws_desktop_qt/install/qt-uic-py:/opt/ros/humble LD_LIBRARY_PATH=/home/uuv/Development/rov-ros2/ws_desktop_qt/install/px4_msgs/lib:/home/uuv/Development/rov-ros2/ws_desktop_qt/install/px4_ros_com/lib:/opt/ros/humble/opt/rviz_ogre_vendor/lib:/opt/ros/humble/lib/x86_64-linux-gnu:/opt/ros/humble/lib:/snap/qtcreator-ros/116/lib:/snap/qtcreator-ros/116/usr/lib/x86_64-linux-gnu /usr/bin/cmake --install /home/uuv/Development/rov-ros2/ws_desktop_qt/build/desktop_qt
[6.648s] Level 1:colcon.colcon_core.environment:create_environment_scripts_only(desktop_qt)
[6.648s] Level 1:colcon.colcon_core.environment:checking '/home/uuv/Development/rov-ros2/ws_desktop_qt/install/desktop_qt' for CMake module files
[6.649s] DEBUG:colcon.colcon_core.event_handler.log_command:Invoked command in '/home/uuv/Development/rov-ros2/ws_desktop_qt/build/desktop_qt' returned '0': CMAKE_PREFIX_PATH=/home/uuv/Development/rov-ros2/ws_desktop_qt/install/px4_msgs:/home/uuv/Development/rov-ros2/ws_desktop_qt/install/px4_ros_com:/home/uuv/Development/rov-ros2/ws_desktop_qt/install/qt-uic-py:/opt/ros/humble LD_LIBRARY_PATH=/home/uuv/Development/rov-ros2/ws_desktop_qt/install/px4_msgs/lib:/home/uuv/Development/rov-ros2/ws_desktop_qt/install/px4_ros_com/lib:/opt/ros/humble/opt/rviz_ogre_vendor/lib:/opt/ros/humble/lib/x86_64-linux-gnu:/opt/ros/humble/lib:/snap/qtcreator-ros/116/lib:/snap/qtcreator-ros/116/usr/lib/x86_64-linux-gnu /usr/bin/cmake --install /home/uuv/Development/rov-ros2/ws_desktop_qt/build/desktop_qt
[6.649s] Level 1:colcon.colcon_core.environment:checking '/home/uuv/Development/rov-ros2/ws_desktop_qt/install/desktop_qt' for CMake config files
[6.650s] Level 1:colcon.colcon_core.shell:create_environment_hook('desktop_qt', 'cmake_prefix_path')
[6.650s] INFO:colcon.colcon_core.shell:Creating environment hook '/home/uuv/Development/rov-ros2/ws_desktop_qt/install/desktop_qt/share/desktop_qt/hook/cmake_prefix_path.ps1'
[6.651s] INFO:colcon.colcon_core.shell:Creating environment descriptor '/home/uuv/Development/rov-ros2/ws_desktop_qt/install/desktop_qt/share/desktop_qt/hook/cmake_prefix_path.dsv'
[6.651s] INFO:colcon.colcon_core.shell:Creating environment hook '/home/uuv/Development/rov-ros2/ws_desktop_qt/install/desktop_qt/share/desktop_qt/hook/cmake_prefix_path.sh'
[6.652s] Level 1:colcon.colcon_core.environment:checking '/home/uuv/Development/rov-ros2/ws_desktop_qt/install/desktop_qt/bin'
[6.652s] Level 1:colcon.colcon_core.environment:checking '/home/uuv/Development/rov-ros2/ws_desktop_qt/install/desktop_qt/lib/pkgconfig/desktop_qt.pc'
[6.652s] Level 1:colcon.colcon_core.environment:checking '/home/uuv/Development/rov-ros2/ws_desktop_qt/install/desktop_qt/lib/python3.10/site-packages'
[6.653s] Level 1:colcon.colcon_core.environment:checking '/home/uuv/Development/rov-ros2/ws_desktop_qt/install/desktop_qt/bin'
[6.653s] INFO:colcon.colcon_core.shell:Creating package script '/home/uuv/Development/rov-ros2/ws_desktop_qt/install/desktop_qt/share/desktop_qt/package.ps1'
[6.654s] INFO:colcon.colcon_core.shell:Creating package descriptor '/home/uuv/Development/rov-ros2/ws_desktop_qt/install/desktop_qt/share/desktop_qt/package.dsv'
[6.654s] INFO:colcon.colcon_core.shell:Creating package script '/home/uuv/Development/rov-ros2/ws_desktop_qt/install/desktop_qt/share/desktop_qt/package.sh'
[6.655s] INFO:colcon.colcon_core.shell:Creating package script '/home/uuv/Development/rov-ros2/ws_desktop_qt/install/desktop_qt/share/desktop_qt/package.bash'
[6.655s] INFO:colcon.colcon_core.shell:Creating package script '/home/uuv/Development/rov-ros2/ws_desktop_qt/install/desktop_qt/share/desktop_qt/package.zsh'
[6.655s] Level 1:colcon.colcon_core.environment:create_file_with_runtime_dependencies(/home/uuv/Development/rov-ros2/ws_desktop_qt/install/desktop_qt/share/colcon-core/packages/desktop_qt)
[6.656s] Level 1:colcon.colcon_core.environment:create_environment_scripts_only(desktop_qt)
[6.657s] Level 1:colcon.colcon_core.environment:checking '/home/uuv/Development/rov-ros2/ws_desktop_qt/install/desktop_qt' for CMake module files
[6.657s] Level 1:colcon.colcon_core.environment:checking '/home/uuv/Development/rov-ros2/ws_desktop_qt/install/desktop_qt' for CMake config files
[6.657s] Level 1:colcon.colcon_core.shell:create_environment_hook('desktop_qt', 'cmake_prefix_path')
[6.658s] INFO:colcon.colcon_core.shell:Creating environment hook '/home/uuv/Development/rov-ros2/ws_desktop_qt/install/desktop_qt/share/desktop_qt/hook/cmake_prefix_path.ps1'
[6.658s] INFO:colcon.colcon_core.shell:Creating environment descriptor '/home/uuv/Development/rov-ros2/ws_desktop_qt/install/desktop_qt/share/desktop_qt/hook/cmake_prefix_path.dsv'
[6.658s] INFO:colcon.colcon_core.shell:Creating environment hook '/home/uuv/Development/rov-ros2/ws_desktop_qt/install/desktop_qt/share/desktop_qt/hook/cmake_prefix_path.sh'
[6.659s] Level 1:colcon.colcon_core.environment:checking '/home/uuv/Development/rov-ros2/ws_desktop_qt/install/desktop_qt/bin'
[6.659s] Level 1:colcon.colcon_core.environment:checking '/home/uuv/Development/rov-ros2/ws_desktop_qt/install/desktop_qt/lib/pkgconfig/desktop_qt.pc'
[6.659s] Level 1:colcon.colcon_core.environment:checking '/home/uuv/Development/rov-ros2/ws_desktop_qt/install/desktop_qt/lib/python3.10/site-packages'
[6.660s] Level 1:colcon.colcon_core.environment:checking '/home/uuv/Development/rov-ros2/ws_desktop_qt/install/desktop_qt/bin'
[6.660s] INFO:colcon.colcon_core.shell:Creating package script '/home/uuv/Development/rov-ros2/ws_desktop_qt/install/desktop_qt/share/desktop_qt/package.ps1'
[6.660s] INFO:colcon.colcon_core.shell:Creating package descriptor '/home/uuv/Development/rov-ros2/ws_desktop_qt/install/desktop_qt/share/desktop_qt/package.dsv'
[6.661s] INFO:colcon.colcon_core.shell:Creating package script '/home/uuv/Development/rov-ros2/ws_desktop_qt/install/desktop_qt/share/desktop_qt/package.sh'
[6.661s] INFO:colcon.colcon_core.shell:Creating package script '/home/uuv/Development/rov-ros2/ws_desktop_qt/install/desktop_qt/share/desktop_qt/package.bash'
[6.662s] INFO:colcon.colcon_core.shell:Creating package script '/home/uuv/Development/rov-ros2/ws_desktop_qt/install/desktop_qt/share/desktop_qt/package.zsh'
[6.662s] Level 1:colcon.colcon_core.environment:create_file_with_runtime_dependencies(/home/uuv/Development/rov-ros2/ws_desktop_qt/install/desktop_qt/share/colcon-core/packages/desktop_qt)
[6.662s] DEBUG:colcon.colcon_parallel_executor.executor.parallel:closing loop
[6.663s] DEBUG:colcon.colcon_parallel_executor.executor.parallel:loop closed
[6.663s] DEBUG:colcon.colcon_parallel_executor.executor.parallel:run_until_complete finished with '0'
[6.663s] DEBUG:colcon.colcon_core.event_reactor:joining thread
[6.669s] INFO:colcon.colcon_core.plugin_system:Skipping extension 'colcon_notification.desktop_notification.terminal_notifier': Not used on non-Darwin systems
[6.669s] INFO:colcon.colcon_core.plugin_system:Skipping extension 'colcon_notification.desktop_notification.win32': Not used on non-Windows systems
[6.669s] INFO:colcon.colcon_notification.desktop_notification:Sending desktop notification using 'notify2'
[6.669s] DEBUG:colcon.colcon_notification.desktop_notification.notify2:Failed to initialize notify2: org.freedesktop.DBus.Error.BadAddress: '=' character not found or has no value following it
[6.669s] DEBUG:colcon.colcon_core.event_reactor:joined thread
[6.669s] INFO:colcon.colcon_core.shell:Creating prefix script '/home/uuv/Development/rov-ros2/ws_desktop_qt/install/local_setup.ps1'
[6.671s] INFO:colcon.colcon_core.shell:Creating prefix util module '/home/uuv/Development/rov-ros2/ws_desktop_qt/install/_local_setup_util_ps1.py'
[6.672s] INFO:colcon.colcon_core.shell:Creating prefix chain script '/home/uuv/Development/rov-ros2/ws_desktop_qt/install/setup.ps1'
[6.673s] INFO:colcon.colcon_core.shell:Creating prefix script '/home/uuv/Development/rov-ros2/ws_desktop_qt/install/local_setup.sh'
[6.674s] INFO:colcon.colcon_core.shell:Creating prefix util module '/home/uuv/Development/rov-ros2/ws_desktop_qt/install/_local_setup_util_sh.py'
[6.674s] INFO:colcon.colcon_core.shell:Creating prefix chain script '/home/uuv/Development/rov-ros2/ws_desktop_qt/install/setup.sh'
[6.676s] INFO:colcon.colcon_core.shell:Creating prefix script '/home/uuv/Development/rov-ros2/ws_desktop_qt/install/local_setup.bash'
[6.676s] INFO:colcon.colcon_core.shell:Creating prefix chain script '/home/uuv/Development/rov-ros2/ws_desktop_qt/install/setup.bash'
[6.678s] INFO:colcon.colcon_core.shell:Creating prefix script '/home/uuv/Development/rov-ros2/ws_desktop_qt/install/local_setup.zsh'
[6.678s] INFO:colcon.colcon_core.shell:Creating prefix chain script '/home/uuv/Development/rov-ros2/ws_desktop_qt/install/setup.zsh'
