[0.123s] DEBUG:colcon:Command line arguments: ['/usr/bin/colcon', 'build', '--event-handlers', 'status+', 'console_start_end+', '--cmake-args', '-G', 'CodeBlocks - Unix Makefiles', '-DCMAKE_BUILD_TYPE=Debug']
[0.124s] DEBUG:colcon:Parsed command line arguments: Namespace(log_base=None, log_level=None, verb_name='build', build_base='build', install_base='install', merge_install=False, symlink_install=False, test_result_base=None, continue_on_error=False, executor='parallel', parallel_workers=8, event_handlers=['status+', 'console_start_end+'], ignore_user_meta=False, metas=['./colcon.meta'], base_paths=['.'], packages_ignore=None, packages_ignore_regex=None, paths=None, packages_up_to=None, packages_up_to_regex=None, packages_above=None, packages_above_and_dependencies=None, packages_above_depth=None, packages_select_by_dep=None, packages_skip_by_dep=None, packages_skip_up_to=None, packages_select_build_failed=False, packages_skip_build_finished=False, packages_select_test_failures=False, packages_skip_test_passed=False, packages_select=None, packages_skip=None, packages_select_regex=None, packages_skip_regex=None, packages_start=None, packages_end=None, allow_overriding=[], cmake_args=['-G', 'CodeBlocks - Unix Makefiles', '-DCMAKE_BUILD_TYPE=Debug'], cmake_target=None, cmake_target_skip_unavailable=False, cmake_clean_cache=False, cmake_clean_first=False, cmake_force_configure=False, ament_cmake_args=None, catkin_cmake_args=None, catkin_skip_building_tests=False, mixin_files=None, mixin=None, verb_parser=<colcon_mixin.mixin.mixin_argument.MixinArgumentDecorator object at 0x7f8e0884de40>, verb_extension=<colcon_core.verb.build.BuildVerb object at 0x7f8e08962d40>, main=<bound method BuildVerb.main of <colcon_core.verb.build.BuildVerb object at 0x7f8e08962d40>>, mixin_verb=('build',))
[0.313s] Level 1:colcon.colcon_core.package_discovery:discover_packages(colcon_meta) check parameters
[0.313s] Level 1:colcon.colcon_core.package_discovery:discover_packages(recursive) check parameters
[0.313s] Level 1:colcon.colcon_core.package_discovery:discover_packages(ignore) check parameters
[0.313s] Level 1:colcon.colcon_core.package_discovery:discover_packages(path) check parameters
[0.313s] Level 1:colcon.colcon_core.package_discovery:discover_packages(colcon_meta) discover
[0.313s] Level 1:colcon.colcon_core.package_discovery:discover_packages(recursive) discover
[0.313s] INFO:colcon.colcon_core.package_discovery:Crawling recursively for packages in '/home/uuv/Development/rov-ros2/ws_desktop_qt'
[0.314s] Level 1:colcon.colcon_core.package_identification:_identify(.) by extensions ['ignore', 'ignore_ament_install']
[0.314s] Level 1:colcon.colcon_core.package_identification:_identify(.) by extension 'ignore'
[0.314s] Level 1:colcon.colcon_core.package_identification:_identify(.) by extension 'ignore_ament_install'
[0.314s] Level 1:colcon.colcon_core.package_identification:_identify(.) by extensions ['colcon_pkg']
[0.314s] Level 1:colcon.colcon_core.package_identification:_identify(.) by extension 'colcon_pkg'
[0.314s] Level 1:colcon.colcon_core.package_identification:_identify(.) by extensions ['colcon_meta']
[0.314s] Level 1:colcon.colcon_core.package_identification:_identify(.) by extension 'colcon_meta'
[0.314s] Level 1:colcon.colcon_core.package_identification:_identify(.) by extensions ['ros']
[0.314s] Level 1:colcon.colcon_core.package_identification:_identify(.) by extension 'ros'
[0.325s] Level 1:colcon.colcon_core.package_identification:_identify(.) by extensions ['cmake', 'python']
[0.325s] Level 1:colcon.colcon_core.package_identification:_identify(.) by extension 'cmake'
[0.325s] Level 1:colcon.colcon_core.package_identification:_identify(.) by extension 'python'
[0.326s] Level 1:colcon.colcon_core.package_identification:_identify(.) by extensions ['python_setup_py']
[0.326s] Level 1:colcon.colcon_core.package_identification:_identify(.) by extension 'python_setup_py'
[0.326s] Level 1:colcon.colcon_core.package_identification:_identify(build) by extensions ['ignore', 'ignore_ament_install']
[0.326s] Level 1:colcon.colcon_core.package_identification:_identify(build) by extension 'ignore'
[0.326s] Level 1:colcon.colcon_core.package_identification:_identify(build) ignored
[0.326s] Level 1:colcon.colcon_core.package_identification:_identify(install) by extensions ['ignore', 'ignore_ament_install']
[0.326s] Level 1:colcon.colcon_core.package_identification:_identify(install) by extension 'ignore'
[0.326s] Level 1:colcon.colcon_core.package_identification:_identify(install) ignored
[0.327s] Level 1:colcon.colcon_core.package_identification:_identify(log) by extensions ['ignore', 'ignore_ament_install']
[0.327s] Level 1:colcon.colcon_core.package_identification:_identify(log) by extension 'ignore'
[0.327s] Level 1:colcon.colcon_core.package_identification:_identify(log) ignored
[0.327s] Level 1:colcon.colcon_core.package_identification:_identify(src) by extensions ['ignore', 'ignore_ament_install']
[0.327s] Level 1:colcon.colcon_core.package_identification:_identify(src) by extension 'ignore'
[0.327s] Level 1:colcon.colcon_core.package_identification:_identify(src) by extension 'ignore_ament_install'
[0.327s] Level 1:colcon.colcon_core.package_identification:_identify(src) by extensions ['colcon_pkg']
[0.327s] Level 1:colcon.colcon_core.package_identification:_identify(src) by extension 'colcon_pkg'
[0.327s] Level 1:colcon.colcon_core.package_identification:_identify(src) by extensions ['colcon_meta']
[0.327s] Level 1:colcon.colcon_core.package_identification:_identify(src) by extension 'colcon_meta'
[0.327s] Level 1:colcon.colcon_core.package_identification:_identify(src) by extensions ['ros']
[0.327s] Level 1:colcon.colcon_core.package_identification:_identify(src) by extension 'ros'
[0.327s] Level 1:colcon.colcon_core.package_identification:_identify(src) by extensions ['cmake', 'python']
[0.327s] Level 1:colcon.colcon_core.package_identification:_identify(src) by extension 'cmake'
[0.327s] Level 1:colcon.colcon_core.package_identification:_identify(src) by extension 'python'
[0.328s] Level 1:colcon.colcon_core.package_identification:_identify(src) by extensions ['python_setup_py']
[0.328s] Level 1:colcon.colcon_core.package_identification:_identify(src) by extension 'python_setup_py'
[0.328s] Level 1:colcon.colcon_core.package_identification:_identify(src/desktop_qt) by extensions ['ignore', 'ignore_ament_install']
[0.328s] Level 1:colcon.colcon_core.package_identification:_identify(src/desktop_qt) by extension 'ignore'
[0.328s] Level 1:colcon.colcon_core.package_identification:_identify(src/desktop_qt) by extension 'ignore_ament_install'
[0.328s] Level 1:colcon.colcon_core.package_identification:_identify(src/desktop_qt) by extensions ['colcon_pkg']
[0.328s] Level 1:colcon.colcon_core.package_identification:_identify(src/desktop_qt) by extension 'colcon_pkg'
[0.328s] Level 1:colcon.colcon_core.package_identification:_identify(src/desktop_qt) by extensions ['colcon_meta']
[0.328s] Level 1:colcon.colcon_core.package_identification:_identify(src/desktop_qt) by extension 'colcon_meta'
[0.328s] Level 1:colcon.colcon_core.package_identification:_identify(src/desktop_qt) by extensions ['ros']
[0.328s] Level 1:colcon.colcon_core.package_identification:_identify(src/desktop_qt) by extension 'ros'
[0.331s] DEBUG:colcon.colcon_core.package_identification:Package 'src/desktop_qt' with type 'ros.ament_cmake' and name 'desktop_qt'
[0.331s] Level 1:colcon.colcon_core.package_identification:_identify(src/px4_msgs) by extensions ['ignore', 'ignore_ament_install']
[0.331s] Level 1:colcon.colcon_core.package_identification:_identify(src/px4_msgs) by extension 'ignore'
[0.332s] Level 1:colcon.colcon_core.package_identification:_identify(src/px4_msgs) by extension 'ignore_ament_install'
[0.332s] Level 1:colcon.colcon_core.package_identification:_identify(src/px4_msgs) by extensions ['colcon_pkg']
[0.332s] Level 1:colcon.colcon_core.package_identification:_identify(src/px4_msgs) by extension 'colcon_pkg'
[0.332s] Level 1:colcon.colcon_core.package_identification:_identify(src/px4_msgs) by extensions ['colcon_meta']
[0.332s] Level 1:colcon.colcon_core.package_identification:_identify(src/px4_msgs) by extension 'colcon_meta'
[0.332s] Level 1:colcon.colcon_core.package_identification:_identify(src/px4_msgs) by extensions ['ros']
[0.332s] Level 1:colcon.colcon_core.package_identification:_identify(src/px4_msgs) by extension 'ros'
[0.333s] DEBUG:colcon.colcon_core.package_identification:Package 'src/px4_msgs' with type 'ros.ament_cmake' and name 'px4_msgs'
[0.333s] Level 1:colcon.colcon_core.package_identification:_identify(src/px4_ros_com) by extensions ['ignore', 'ignore_ament_install']
[0.333s] Level 1:colcon.colcon_core.package_identification:_identify(src/px4_ros_com) by extension 'ignore'
[0.333s] Level 1:colcon.colcon_core.package_identification:_identify(src/px4_ros_com) by extension 'ignore_ament_install'
[0.333s] Level 1:colcon.colcon_core.package_identification:_identify(src/px4_ros_com) by extensions ['colcon_pkg']
[0.333s] Level 1:colcon.colcon_core.package_identification:_identify(src/px4_ros_com) by extension 'colcon_pkg'
[0.333s] Level 1:colcon.colcon_core.package_identification:_identify(src/px4_ros_com) by extensions ['colcon_meta']
[0.333s] Level 1:colcon.colcon_core.package_identification:_identify(src/px4_ros_com) by extension 'colcon_meta'
[0.333s] Level 1:colcon.colcon_core.package_identification:_identify(src/px4_ros_com) by extensions ['ros']
[0.333s] Level 1:colcon.colcon_core.package_identification:_identify(src/px4_ros_com) by extension 'ros'
[0.334s] DEBUG:colcon.colcon_core.package_identification:Package 'src/px4_ros_com' with type 'ros.ament_cmake' and name 'px4_ros_com'
[0.335s] Level 1:colcon.colcon_core.package_identification:_identify(src/qt-uic-py) by extensions ['ignore', 'ignore_ament_install']
[0.335s] Level 1:colcon.colcon_core.package_identification:_identify(src/qt-uic-py) by extension 'ignore'
[0.335s] Level 1:colcon.colcon_core.package_identification:_identify(src/qt-uic-py) by extension 'ignore_ament_install'
[0.335s] Level 1:colcon.colcon_core.package_identification:_identify(src/qt-uic-py) by extensions ['colcon_pkg']
[0.335s] Level 1:colcon.colcon_core.package_identification:_identify(src/qt-uic-py) by extension 'colcon_pkg'
[0.335s] Level 1:colcon.colcon_core.package_identification:_identify(src/qt-uic-py) by extensions ['colcon_meta']
[0.335s] Level 1:colcon.colcon_core.package_identification:_identify(src/qt-uic-py) by extension 'colcon_meta'
[0.335s] Level 1:colcon.colcon_core.package_identification:_identify(src/qt-uic-py) by extensions ['ros']
[0.335s] Level 1:colcon.colcon_core.package_identification:_identify(src/qt-uic-py) by extension 'ros'
[0.336s] DEBUG:colcon.colcon_core.package_identification:Package 'src/qt-uic-py' with type 'ros.ament_python' and name 'qt-uic-py'
[0.336s] Level 1:colcon.colcon_core.package_discovery:discover_packages(recursive) using defaults
[0.336s] Level 1:colcon.colcon_core.package_discovery:discover_packages(ignore) discover
[0.336s] Level 1:colcon.colcon_core.package_discovery:discover_packages(ignore) using defaults
[0.336s] Level 1:colcon.colcon_core.package_discovery:discover_packages(path) discover
[0.336s] Level 1:colcon.colcon_core.package_discovery:discover_packages(path) using defaults
[0.367s] Level 1:colcon.colcon_core.package_discovery:discover_packages(prefix_path) check parameters
[0.367s] Level 1:colcon.colcon_core.package_discovery:discover_packages(prefix_path) discover
[0.369s] DEBUG:colcon.colcon_installed_package_information.package_discovery:Found 4 installed packages in /home/uuv/Development/rov-ros2/ws_desktop_qt/install
[0.370s] DEBUG:colcon.colcon_installed_package_information.package_discovery:Found 272 installed packages in /opt/ros/humble
[0.372s] Level 1:colcon.colcon_core.package_discovery:discover_packages(prefix_path) using defaults
[0.415s] Level 5:colcon.colcon_core.verb:set package 'px4_msgs' build argument 'cmake_args' from command line to '['-G', 'CodeBlocks - Unix Makefiles', '-DCMAKE_BUILD_TYPE=Debug']'
[0.415s] Level 5:colcon.colcon_core.verb:set package 'px4_msgs' build argument 'cmake_target' from command line to 'None'
[0.415s] Level 5:colcon.colcon_core.verb:set package 'px4_msgs' build argument 'cmake_target_skip_unavailable' from command line to 'False'
[0.416s] Level 5:colcon.colcon_core.verb:set package 'px4_msgs' build argument 'cmake_clean_cache' from command line to 'False'
[0.416s] Level 5:colcon.colcon_core.verb:set package 'px4_msgs' build argument 'cmake_clean_first' from command line to 'False'
[0.416s] Level 5:colcon.colcon_core.verb:set package 'px4_msgs' build argument 'cmake_force_configure' from command line to 'False'
[0.416s] Level 5:colcon.colcon_core.verb:set package 'px4_msgs' build argument 'ament_cmake_args' from command line to 'None'
[0.416s] Level 5:colcon.colcon_core.verb:set package 'px4_msgs' build argument 'catkin_cmake_args' from command line to 'None'
[0.416s] Level 5:colcon.colcon_core.verb:set package 'px4_msgs' build argument 'catkin_skip_building_tests' from command line to 'False'
[0.416s] DEBUG:colcon.colcon_core.verb:Building package 'px4_msgs' with the following arguments: {'ament_cmake_args': None, 'build_base': '/home/uuv/Development/rov-ros2/ws_desktop_qt/build/px4_msgs', 'catkin_cmake_args': None, 'catkin_skip_building_tests': False, 'cmake_args': ['-G', 'CodeBlocks - Unix Makefiles', '-DCMAKE_BUILD_TYPE=Debug'], 'cmake_clean_cache': False, 'cmake_clean_first': False, 'cmake_force_configure': False, 'cmake_target': None, 'cmake_target_skip_unavailable': False, 'install_base': '/home/uuv/Development/rov-ros2/ws_desktop_qt/install/px4_msgs', 'merge_install': False, 'path': '/home/uuv/Development/rov-ros2/ws_desktop_qt/src/px4_msgs', 'symlink_install': False, 'test_result_base': None}
[0.416s] Level 5:colcon.colcon_core.verb:set package 'qt-uic-py' build argument 'cmake_args' from command line to '['-G', 'CodeBlocks - Unix Makefiles', '-DCMAKE_BUILD_TYPE=Debug']'
[0.416s] Level 5:colcon.colcon_core.verb:set package 'qt-uic-py' build argument 'cmake_target' from command line to 'None'
[0.416s] Level 5:colcon.colcon_core.verb:set package 'qt-uic-py' build argument 'cmake_target_skip_unavailable' from command line to 'False'
[0.416s] Level 5:colcon.colcon_core.verb:set package 'qt-uic-py' build argument 'cmake_clean_cache' from command line to 'False'
[0.416s] Level 5:colcon.colcon_core.verb:set package 'qt-uic-py' build argument 'cmake_clean_first' from command line to 'False'
[0.416s] Level 5:colcon.colcon_core.verb:set package 'qt-uic-py' build argument 'cmake_force_configure' from command line to 'False'
[0.416s] Level 5:colcon.colcon_core.verb:set package 'qt-uic-py' build argument 'ament_cmake_args' from command line to 'None'
[0.416s] Level 5:colcon.colcon_core.verb:set package 'qt-uic-py' build argument 'catkin_cmake_args' from command line to 'None'
[0.416s] Level 5:colcon.colcon_core.verb:set package 'qt-uic-py' build argument 'catkin_skip_building_tests' from command line to 'False'
[0.416s] DEBUG:colcon.colcon_core.verb:Building package 'qt-uic-py' with the following arguments: {'ament_cmake_args': None, 'build_base': '/home/uuv/Development/rov-ros2/ws_desktop_qt/build/qt-uic-py', 'catkin_cmake_args': None, 'catkin_skip_building_tests': False, 'cmake_args': ['-G', 'CodeBlocks - Unix Makefiles', '-DCMAKE_BUILD_TYPE=Debug'], 'cmake_clean_cache': False, 'cmake_clean_first': False, 'cmake_force_configure': False, 'cmake_target': None, 'cmake_target_skip_unavailable': False, 'install_base': '/home/uuv/Development/rov-ros2/ws_desktop_qt/install/qt-uic-py', 'merge_install': False, 'path': '/home/uuv/Development/rov-ros2/ws_desktop_qt/src/qt-uic-py', 'symlink_install': False, 'test_result_base': None}
[0.417s] Level 5:colcon.colcon_core.verb:set package 'desktop_qt' build argument 'cmake_args' from command line to '['-G', 'CodeBlocks - Unix Makefiles', '-DCMAKE_BUILD_TYPE=Debug']'
[0.417s] Level 5:colcon.colcon_core.verb:set package 'desktop_qt' build argument 'cmake_target' from command line to 'None'
[0.417s] Level 5:colcon.colcon_core.verb:set package 'desktop_qt' build argument 'cmake_target_skip_unavailable' from command line to 'False'
[0.417s] Level 5:colcon.colcon_core.verb:set package 'desktop_qt' build argument 'cmake_clean_cache' from command line to 'False'
[0.417s] Level 5:colcon.colcon_core.verb:set package 'desktop_qt' build argument 'cmake_clean_first' from command line to 'False'
[0.417s] Level 5:colcon.colcon_core.verb:set package 'desktop_qt' build argument 'cmake_force_configure' from command line to 'False'
[0.417s] Level 5:colcon.colcon_core.verb:set package 'desktop_qt' build argument 'ament_cmake_args' from command line to 'None'
[0.417s] Level 5:colcon.colcon_core.verb:set package 'desktop_qt' build argument 'catkin_cmake_args' from command line to 'None'
[0.417s] Level 5:colcon.colcon_core.verb:set package 'desktop_qt' build argument 'catkin_skip_building_tests' from command line to 'False'
[0.417s] DEBUG:colcon.colcon_core.verb:Building package 'desktop_qt' with the following arguments: {'ament_cmake_args': None, 'build_base': '/home/uuv/Development/rov-ros2/ws_desktop_qt/build/desktop_qt', 'catkin_cmake_args': None, 'catkin_skip_building_tests': False, 'cmake_args': ['-G', 'CodeBlocks - Unix Makefiles', '-DCMAKE_BUILD_TYPE=Debug'], 'cmake_clean_cache': False, 'cmake_clean_first': False, 'cmake_force_configure': False, 'cmake_target': None, 'cmake_target_skip_unavailable': False, 'install_base': '/home/uuv/Development/rov-ros2/ws_desktop_qt/install/desktop_qt', 'merge_install': False, 'path': '/home/uuv/Development/rov-ros2/ws_desktop_qt/src/desktop_qt', 'symlink_install': False, 'test_result_base': None}
[0.417s] Level 5:colcon.colcon_core.verb:set package 'px4_ros_com' build argument 'cmake_args' from command line to '['-G', 'CodeBlocks - Unix Makefiles', '-DCMAKE_BUILD_TYPE=Debug']'
[0.417s] Level 5:colcon.colcon_core.verb:set package 'px4_ros_com' build argument 'cmake_target' from command line to 'None'
[0.418s] Level 5:colcon.colcon_core.verb:set package 'px4_ros_com' build argument 'cmake_target_skip_unavailable' from command line to 'False'
[0.418s] Level 5:colcon.colcon_core.verb:set package 'px4_ros_com' build argument 'cmake_clean_cache' from command line to 'False'
[0.418s] Level 5:colcon.colcon_core.verb:set package 'px4_ros_com' build argument 'cmake_clean_first' from command line to 'False'
[0.418s] Level 5:colcon.colcon_core.verb:set package 'px4_ros_com' build argument 'cmake_force_configure' from command line to 'False'
[0.418s] Level 5:colcon.colcon_core.verb:set package 'px4_ros_com' build argument 'ament_cmake_args' from command line to 'None'
[0.418s] Level 5:colcon.colcon_core.verb:set package 'px4_ros_com' build argument 'catkin_cmake_args' from command line to 'None'
[0.418s] Level 5:colcon.colcon_core.verb:set package 'px4_ros_com' build argument 'catkin_skip_building_tests' from command line to 'False'
[0.418s] DEBUG:colcon.colcon_core.verb:Building package 'px4_ros_com' with the following arguments: {'ament_cmake_args': None, 'build_base': '/home/uuv/Development/rov-ros2/ws_desktop_qt/build/px4_ros_com', 'catkin_cmake_args': None, 'catkin_skip_building_tests': False, 'cmake_args': ['-G', 'CodeBlocks - Unix Makefiles', '-DCMAKE_BUILD_TYPE=Debug'], 'cmake_clean_cache': False, 'cmake_clean_first': False, 'cmake_force_configure': False, 'cmake_target': None, 'cmake_target_skip_unavailable': False, 'install_base': '/home/uuv/Development/rov-ros2/ws_desktop_qt/install/px4_ros_com', 'merge_install': False, 'path': '/home/uuv/Development/rov-ros2/ws_desktop_qt/src/px4_ros_com', 'symlink_install': False, 'test_result_base': None}
[0.418s] INFO:colcon.colcon_core.executor:Executing jobs using 'parallel' executor
[0.419s] DEBUG:colcon.colcon_parallel_executor.executor.parallel:run_until_complete
[0.419s] INFO:colcon.colcon_ros.task.ament_cmake.build:Building ROS package in '/home/uuv/Development/rov-ros2/ws_desktop_qt/src/px4_msgs' with build type 'ament_cmake'
[0.419s] INFO:colcon.colcon_cmake.task.cmake.build:Building CMake package in '/home/uuv/Development/rov-ros2/ws_desktop_qt/src/px4_msgs'
[0.422s] INFO:colcon.colcon_core.plugin_system:Skipping extension 'colcon_core.shell.bat': Not used on non-Windows systems
[0.422s] INFO:colcon.colcon_core.shell:Skip shell extension 'powershell' for command environment: Not usable outside of PowerShell
[0.422s] DEBUG:colcon.colcon_core.shell:Skip shell extension 'dsv' for command environment
[0.426s] INFO:colcon.colcon_ros.task.ament_python.build:Building ROS package in '/home/uuv/Development/rov-ros2/ws_desktop_qt/src/qt-uic-py' with build type 'ament_python'
[0.426s] Level 1:colcon.colcon_core.shell:create_environment_hook('qt-uic-py', 'ament_prefix_path')
[0.427s] INFO:colcon.colcon_core.shell:Creating environment hook '/home/uuv/Development/rov-ros2/ws_desktop_qt/install/qt-uic-py/share/qt-uic-py/hook/ament_prefix_path.ps1'
[0.427s] INFO:colcon.colcon_core.shell:Creating environment descriptor '/home/uuv/Development/rov-ros2/ws_desktop_qt/install/qt-uic-py/share/qt-uic-py/hook/ament_prefix_path.dsv'
[0.428s] INFO:colcon.colcon_core.shell:Creating environment hook '/home/uuv/Development/rov-ros2/ws_desktop_qt/install/qt-uic-py/share/qt-uic-py/hook/ament_prefix_path.sh'
[0.429s] INFO:colcon.colcon_core.shell:Skip shell extension 'powershell' for command environment: Not usable outside of PowerShell
[0.429s] DEBUG:colcon.colcon_core.shell:Skip shell extension 'dsv' for command environment
[0.440s] DEBUG:colcon.colcon_core.event_handler.log_command:Invoking command in '/home/uuv/Development/rov-ros2/ws_desktop_qt/build/px4_msgs': CMAKE_PREFIX_PATH=${CMAKE_PREFIX_PATH}:/home/uuv/Development/rov-ros2/ws_desktop_qt/install/qt-uic-py:/opt/ros/humble /usr/bin/cmake --build /home/uuv/Development/rov-ros2/ws_desktop_qt/build/px4_msgs -- -j8 -l8
[0.749s] INFO:colcon.colcon_core.task.python.build:Building Python package in '/home/uuv/Development/rov-ros2/ws_desktop_qt/src/qt-uic-py'
[0.749s] INFO:colcon.colcon_core.shell:Skip shell extension 'powershell' for command environment: Not usable outside of PowerShell
[0.749s] DEBUG:colcon.colcon_core.shell:Skip shell extension 'dsv' for command environment
[1.162s] DEBUG:colcon.colcon_core.event_handler.log_command:Invoking command in '/home/uuv/Development/rov-ros2/ws_desktop_qt/src/qt-uic-py': PYTHONPATH=/home/uuv/Development/rov-ros2/ws_desktop_qt/build/qt-uic-py/prefix_override:/usr/lib/python3/dist-packages/colcon_core/task/python/colcon_distutils_commands:/home/uuv/Development/rov-ros2/ws_desktop_qt/install/qt-uic-py/lib/python3.10/site-packages:${PYTHONPATH} /usr/bin/python3 -W ignore:setup.py install is deprecated -W ignore:easy_install command is deprecated setup.py egg_info --egg-base ../../build/qt-uic-py build --build-base /home/uuv/Development/rov-ros2/ws_desktop_qt/build/qt-uic-py/build install --record /home/uuv/Development/rov-ros2/ws_desktop_qt/build/qt-uic-py/install.log --single-version-externally-managed install_data
[1.604s] DEBUG:colcon.colcon_core.event_handler.log_command:Invoked command in '/home/uuv/Development/rov-ros2/ws_desktop_qt/src/qt-uic-py' returned '0': PYTHONPATH=/home/uuv/Development/rov-ros2/ws_desktop_qt/build/qt-uic-py/prefix_override:/usr/lib/python3/dist-packages/colcon_core/task/python/colcon_distutils_commands:/home/uuv/Development/rov-ros2/ws_desktop_qt/install/qt-uic-py/lib/python3.10/site-packages:${PYTHONPATH} /usr/bin/python3 -W ignore:setup.py install is deprecated -W ignore:easy_install command is deprecated setup.py egg_info --egg-base ../../build/qt-uic-py build --build-base /home/uuv/Development/rov-ros2/ws_desktop_qt/build/qt-uic-py/build install --record /home/uuv/Development/rov-ros2/ws_desktop_qt/build/qt-uic-py/install.log --single-version-externally-managed install_data
[1.607s] Level 1:colcon.colcon_core.environment:checking '/home/uuv/Development/rov-ros2/ws_desktop_qt/install/qt-uic-py' for CMake module files
[1.607s] Level 1:colcon.colcon_core.environment:checking '/home/uuv/Development/rov-ros2/ws_desktop_qt/install/qt-uic-py' for CMake config files
[1.608s] Level 1:colcon.colcon_core.environment:checking '/home/uuv/Development/rov-ros2/ws_desktop_qt/install/qt-uic-py/lib'
[1.608s] Level 1:colcon.colcon_core.environment:checking '/home/uuv/Development/rov-ros2/ws_desktop_qt/install/qt-uic-py/bin'
[1.608s] Level 1:colcon.colcon_core.environment:checking '/home/uuv/Development/rov-ros2/ws_desktop_qt/install/qt-uic-py/lib/pkgconfig/qt-uic-py.pc'
[1.609s] Level 1:colcon.colcon_core.environment:checking '/home/uuv/Development/rov-ros2/ws_desktop_qt/install/qt-uic-py/lib/python3.10/site-packages'
[1.609s] Level 1:colcon.colcon_core.shell:create_environment_hook('qt-uic-py', 'pythonpath')
[1.609s] INFO:colcon.colcon_core.shell:Creating environment hook '/home/uuv/Development/rov-ros2/ws_desktop_qt/install/qt-uic-py/share/qt-uic-py/hook/pythonpath.ps1'
[1.610s] INFO:colcon.colcon_core.shell:Creating environment descriptor '/home/uuv/Development/rov-ros2/ws_desktop_qt/install/qt-uic-py/share/qt-uic-py/hook/pythonpath.dsv'
[1.611s] INFO:colcon.colcon_core.shell:Creating environment hook '/home/uuv/Development/rov-ros2/ws_desktop_qt/install/qt-uic-py/share/qt-uic-py/hook/pythonpath.sh'
[1.611s] Level 1:colcon.colcon_core.environment:checking '/home/uuv/Development/rov-ros2/ws_desktop_qt/install/qt-uic-py/bin'
[1.611s] Level 1:colcon.colcon_core.environment:create_environment_scripts_only(qt-uic-py)
[1.612s] INFO:colcon.colcon_core.shell:Creating package script '/home/uuv/Development/rov-ros2/ws_desktop_qt/install/qt-uic-py/share/qt-uic-py/package.ps1'
[1.613s] INFO:colcon.colcon_core.shell:Creating package descriptor '/home/uuv/Development/rov-ros2/ws_desktop_qt/install/qt-uic-py/share/qt-uic-py/package.dsv'
[1.613s] INFO:colcon.colcon_core.shell:Creating package script '/home/uuv/Development/rov-ros2/ws_desktop_qt/install/qt-uic-py/share/qt-uic-py/package.sh'
[1.615s] INFO:colcon.colcon_core.shell:Creating package script '/home/uuv/Development/rov-ros2/ws_desktop_qt/install/qt-uic-py/share/qt-uic-py/package.bash'
[1.615s] INFO:colcon.colcon_core.shell:Creating package script '/home/uuv/Development/rov-ros2/ws_desktop_qt/install/qt-uic-py/share/qt-uic-py/package.zsh'
[1.616s] Level 1:colcon.colcon_core.environment:create_file_with_runtime_dependencies(/home/uuv/Development/rov-ros2/ws_desktop_qt/install/qt-uic-py/share/colcon-core/packages/qt-uic-py)
[1.805s] DEBUG:colcon.colcon_core.event_handler.log_command:Invoked command in '/home/uuv/Development/rov-ros2/ws_desktop_qt/build/px4_msgs' returned '0': CMAKE_PREFIX_PATH=${CMAKE_PREFIX_PATH}:/home/uuv/Development/rov-ros2/ws_desktop_qt/install/qt-uic-py:/opt/ros/humble /usr/bin/cmake --build /home/uuv/Development/rov-ros2/ws_desktop_qt/build/px4_msgs -- -j8 -l8
[1.816s] DEBUG:colcon.colcon_core.event_handler.log_command:Invoking command in '/home/uuv/Development/rov-ros2/ws_desktop_qt/build/px4_msgs': CMAKE_PREFIX_PATH=${CMAKE_PREFIX_PATH}:/home/uuv/Development/rov-ros2/ws_desktop_qt/install/qt-uic-py:/opt/ros/humble /usr/bin/cmake --install /home/uuv/Development/rov-ros2/ws_desktop_qt/build/px4_msgs
[2.291s] Level 1:colcon.colcon_core.environment:create_environment_scripts_only(px4_msgs)
[2.292s] Level 1:colcon.colcon_core.environment:checking '/home/uuv/Development/rov-ros2/ws_desktop_qt/install/px4_msgs' for CMake module files
[2.293s] DEBUG:colcon.colcon_core.event_handler.log_command:Invoked command in '/home/uuv/Development/rov-ros2/ws_desktop_qt/build/px4_msgs' returned '0': CMAKE_PREFIX_PATH=${CMAKE_PREFIX_PATH}:/home/uuv/Development/rov-ros2/ws_desktop_qt/install/qt-uic-py:/opt/ros/humble /usr/bin/cmake --install /home/uuv/Development/rov-ros2/ws_desktop_qt/build/px4_msgs
[2.294s] Level 1:colcon.colcon_core.environment:checking '/home/uuv/Development/rov-ros2/ws_desktop_qt/install/px4_msgs' for CMake config files
[2.300s] Level 1:colcon.colcon_core.shell:create_environment_hook('px4_msgs', 'cmake_prefix_path')
[2.300s] INFO:colcon.colcon_core.shell:Creating environment hook '/home/uuv/Development/rov-ros2/ws_desktop_qt/install/px4_msgs/share/px4_msgs/hook/cmake_prefix_path.ps1'
[2.301s] INFO:colcon.colcon_core.shell:Creating environment descriptor '/home/uuv/Development/rov-ros2/ws_desktop_qt/install/px4_msgs/share/px4_msgs/hook/cmake_prefix_path.dsv'
[2.301s] INFO:colcon.colcon_core.shell:Creating environment hook '/home/uuv/Development/rov-ros2/ws_desktop_qt/install/px4_msgs/share/px4_msgs/hook/cmake_prefix_path.sh'
[2.302s] Level 1:colcon.colcon_core.environment:checking '/home/uuv/Development/rov-ros2/ws_desktop_qt/install/px4_msgs/lib'
[2.302s] Level 1:colcon.colcon_core.shell:create_environment_hook('px4_msgs', 'ld_library_path_lib')
[2.302s] INFO:colcon.colcon_core.shell:Creating environment hook '/home/uuv/Development/rov-ros2/ws_desktop_qt/install/px4_msgs/share/px4_msgs/hook/ld_library_path_lib.ps1'
[2.303s] INFO:colcon.colcon_core.shell:Creating environment descriptor '/home/uuv/Development/rov-ros2/ws_desktop_qt/install/px4_msgs/share/px4_msgs/hook/ld_library_path_lib.dsv'
[2.303s] INFO:colcon.colcon_core.shell:Creating environment hook '/home/uuv/Development/rov-ros2/ws_desktop_qt/install/px4_msgs/share/px4_msgs/hook/ld_library_path_lib.sh'
[2.304s] Level 1:colcon.colcon_core.environment:checking '/home/uuv/Development/rov-ros2/ws_desktop_qt/install/px4_msgs/bin'
[2.304s] Level 1:colcon.colcon_core.environment:checking '/home/uuv/Development/rov-ros2/ws_desktop_qt/install/px4_msgs/lib/pkgconfig/px4_msgs.pc'
[2.304s] Level 1:colcon.colcon_core.environment:checking '/home/uuv/Development/rov-ros2/ws_desktop_qt/install/px4_msgs/lib/python3.10/site-packages'
[2.304s] Level 1:colcon.colcon_core.environment:checking '/home/uuv/Development/rov-ros2/ws_desktop_qt/install/px4_msgs/bin'
[2.305s] INFO:colcon.colcon_core.shell:Creating package script '/home/uuv/Development/rov-ros2/ws_desktop_qt/install/px4_msgs/share/px4_msgs/package.ps1'
[2.305s] INFO:colcon.colcon_core.shell:Creating package descriptor '/home/uuv/Development/rov-ros2/ws_desktop_qt/install/px4_msgs/share/px4_msgs/package.dsv'
[2.306s] INFO:colcon.colcon_core.shell:Creating package script '/home/uuv/Development/rov-ros2/ws_desktop_qt/install/px4_msgs/share/px4_msgs/package.sh'
[2.306s] INFO:colcon.colcon_core.shell:Creating package script '/home/uuv/Development/rov-ros2/ws_desktop_qt/install/px4_msgs/share/px4_msgs/package.bash'
[2.307s] INFO:colcon.colcon_core.shell:Creating package script '/home/uuv/Development/rov-ros2/ws_desktop_qt/install/px4_msgs/share/px4_msgs/package.zsh'
[2.307s] Level 1:colcon.colcon_core.environment:create_file_with_runtime_dependencies(/home/uuv/Development/rov-ros2/ws_desktop_qt/install/px4_msgs/share/colcon-core/packages/px4_msgs)
[2.308s] Level 1:colcon.colcon_core.environment:create_environment_scripts_only(px4_msgs)
[2.308s] Level 1:colcon.colcon_core.environment:checking '/home/uuv/Development/rov-ros2/ws_desktop_qt/install/px4_msgs' for CMake module files
[2.309s] Level 1:colcon.colcon_core.environment:checking '/home/uuv/Development/rov-ros2/ws_desktop_qt/install/px4_msgs' for CMake config files
[2.315s] Level 1:colcon.colcon_core.shell:create_environment_hook('px4_msgs', 'cmake_prefix_path')
[2.316s] INFO:colcon.colcon_core.shell:Creating environment hook '/home/uuv/Development/rov-ros2/ws_desktop_qt/install/px4_msgs/share/px4_msgs/hook/cmake_prefix_path.ps1'
[2.316s] INFO:colcon.colcon_core.shell:Creating environment descriptor '/home/uuv/Development/rov-ros2/ws_desktop_qt/install/px4_msgs/share/px4_msgs/hook/cmake_prefix_path.dsv'
[2.316s] INFO:colcon.colcon_core.shell:Creating environment hook '/home/uuv/Development/rov-ros2/ws_desktop_qt/install/px4_msgs/share/px4_msgs/hook/cmake_prefix_path.sh'
[2.317s] Level 1:colcon.colcon_core.environment:checking '/home/uuv/Development/rov-ros2/ws_desktop_qt/install/px4_msgs/lib'
[2.317s] Level 1:colcon.colcon_core.shell:create_environment_hook('px4_msgs', 'ld_library_path_lib')
[2.317s] INFO:colcon.colcon_core.shell:Creating environment hook '/home/uuv/Development/rov-ros2/ws_desktop_qt/install/px4_msgs/share/px4_msgs/hook/ld_library_path_lib.ps1'
[2.318s] INFO:colcon.colcon_core.shell:Creating environment descriptor '/home/uuv/Development/rov-ros2/ws_desktop_qt/install/px4_msgs/share/px4_msgs/hook/ld_library_path_lib.dsv'
[2.318s] INFO:colcon.colcon_core.shell:Creating environment hook '/home/uuv/Development/rov-ros2/ws_desktop_qt/install/px4_msgs/share/px4_msgs/hook/ld_library_path_lib.sh'
[2.319s] Level 1:colcon.colcon_core.environment:checking '/home/uuv/Development/rov-ros2/ws_desktop_qt/install/px4_msgs/bin'
[2.319s] Level 1:colcon.colcon_core.environment:checking '/home/uuv/Development/rov-ros2/ws_desktop_qt/install/px4_msgs/lib/pkgconfig/px4_msgs.pc'
[2.319s] Level 1:colcon.colcon_core.environment:checking '/home/uuv/Development/rov-ros2/ws_desktop_qt/install/px4_msgs/lib/python3.10/site-packages'
[2.319s] Level 1:colcon.colcon_core.environment:checking '/home/uuv/Development/rov-ros2/ws_desktop_qt/install/px4_msgs/bin'
[2.319s] INFO:colcon.colcon_core.shell:Creating package script '/home/uuv/Development/rov-ros2/ws_desktop_qt/install/px4_msgs/share/px4_msgs/package.ps1'
[2.320s] INFO:colcon.colcon_core.shell:Creating package descriptor '/home/uuv/Development/rov-ros2/ws_desktop_qt/install/px4_msgs/share/px4_msgs/package.dsv'
[2.320s] INFO:colcon.colcon_core.shell:Creating package script '/home/uuv/Development/rov-ros2/ws_desktop_qt/install/px4_msgs/share/px4_msgs/package.sh'
[2.321s] INFO:colcon.colcon_core.shell:Creating package script '/home/uuv/Development/rov-ros2/ws_desktop_qt/install/px4_msgs/share/px4_msgs/package.bash'
[2.321s] INFO:colcon.colcon_core.shell:Creating package script '/home/uuv/Development/rov-ros2/ws_desktop_qt/install/px4_msgs/share/px4_msgs/package.zsh'
[2.322s] Level 1:colcon.colcon_core.environment:create_file_with_runtime_dependencies(/home/uuv/Development/rov-ros2/ws_desktop_qt/install/px4_msgs/share/colcon-core/packages/px4_msgs)
[2.322s] INFO:colcon.colcon_ros.task.ament_cmake.build:Building ROS package in '/home/uuv/Development/rov-ros2/ws_desktop_qt/src/desktop_qt' with build type 'ament_cmake'
[2.323s] INFO:colcon.colcon_cmake.task.cmake.build:Building CMake package in '/home/uuv/Development/rov-ros2/ws_desktop_qt/src/desktop_qt'
[2.323s] INFO:colcon.colcon_core.shell:Skip shell extension 'powershell' for command environment: Not usable outside of PowerShell
[2.323s] DEBUG:colcon.colcon_core.shell:Skip shell extension 'dsv' for command environment
[2.327s] INFO:colcon.colcon_ros.task.ament_cmake.build:Building ROS package in '/home/uuv/Development/rov-ros2/ws_desktop_qt/src/px4_ros_com' with build type 'ament_cmake'
[2.327s] INFO:colcon.colcon_cmake.task.cmake.build:Building CMake package in '/home/uuv/Development/rov-ros2/ws_desktop_qt/src/px4_ros_com'
[2.328s] INFO:colcon.colcon_core.shell:Skip shell extension 'powershell' for command environment: Not usable outside of PowerShell
[2.328s] DEBUG:colcon.colcon_core.shell:Skip shell extension 'dsv' for command environment
[2.337s] DEBUG:colcon.colcon_core.event_handler.log_command:Invoking command in '/home/uuv/Development/rov-ros2/ws_desktop_qt/build/desktop_qt': CMAKE_PREFIX_PATH=/home/uuv/Development/rov-ros2/ws_desktop_qt/install/px4_msgs:/home/uuv/Development/rov-ros2/ws_desktop_qt/install/px4_ros_com:/home/uuv/Development/rov-ros2/ws_desktop_qt/install/desktop_qt:/home/uuv/Development/rov-ros2/ws_desktop_qt/install/qt-uic-py:/opt/ros/humble LD_LIBRARY_PATH=/home/uuv/Development/rov-ros2/ws_desktop_qt/install/px4_msgs/lib:/home/uuv/Development/rov-ros2/ws_desktop_qt/install/px4_ros_com/lib:/opt/ros/humble/opt/rviz_ogre_vendor/lib:/opt/ros/humble/lib/x86_64-linux-gnu:/opt/ros/humble/lib:/snap/qtcreator-ros/116/lib:/snap/qtcreator-ros/116/usr/lib/x86_64-linux-gnu /usr/bin/cmake --build /home/uuv/Development/rov-ros2/ws_desktop_qt/build/desktop_qt -- -j8 -l8
[2.340s] DEBUG:colcon.colcon_core.event_handler.log_command:Invoking command in '/home/uuv/Development/rov-ros2/ws_desktop_qt/build/px4_ros_com': CMAKE_PREFIX_PATH=/home/uuv/Development/rov-ros2/ws_desktop_qt/install/px4_msgs:/home/uuv/Development/rov-ros2/ws_desktop_qt/install/px4_ros_com:/home/uuv/Development/rov-ros2/ws_desktop_qt/install/desktop_qt:/home/uuv/Development/rov-ros2/ws_desktop_qt/install/qt-uic-py:/opt/ros/humble LD_LIBRARY_PATH=/home/uuv/Development/rov-ros2/ws_desktop_qt/install/px4_msgs/lib:/home/uuv/Development/rov-ros2/ws_desktop_qt/install/px4_ros_com/lib:/opt/ros/humble/opt/rviz_ogre_vendor/lib:/opt/ros/humble/lib/x86_64-linux-gnu:/opt/ros/humble/lib:/snap/qtcreator-ros/116/lib:/snap/qtcreator-ros/116/usr/lib/x86_64-linux-gnu /usr/bin/cmake --build /home/uuv/Development/rov-ros2/ws_desktop_qt/build/px4_ros_com -- -j8 -l8
[2.436s] DEBUG:colcon.colcon_core.event_handler.log_command:Invoked command in '/home/uuv/Development/rov-ros2/ws_desktop_qt/build/desktop_qt' returned '2': CMAKE_PREFIX_PATH=/home/uuv/Development/rov-ros2/ws_desktop_qt/install/px4_msgs:/home/uuv/Development/rov-ros2/ws_desktop_qt/install/px4_ros_com:/home/uuv/Development/rov-ros2/ws_desktop_qt/install/desktop_qt:/home/uuv/Development/rov-ros2/ws_desktop_qt/install/qt-uic-py:/opt/ros/humble LD_LIBRARY_PATH=/home/uuv/Development/rov-ros2/ws_desktop_qt/install/px4_msgs/lib:/home/uuv/Development/rov-ros2/ws_desktop_qt/install/px4_ros_com/lib:/opt/ros/humble/opt/rviz_ogre_vendor/lib:/opt/ros/humble/lib/x86_64-linux-gnu:/opt/ros/humble/lib:/snap/qtcreator-ros/116/lib:/snap/qtcreator-ros/116/usr/lib/x86_64-linux-gnu /usr/bin/cmake --build /home/uuv/Development/rov-ros2/ws_desktop_qt/build/desktop_qt -- -j8 -l8
[2.437s] Level 1:colcon.colcon_core.environment:create_environment_scripts_only(desktop_qt)
[2.437s] Level 1:colcon.colcon_core.environment:checking '/home/uuv/Development/rov-ros2/ws_desktop_qt/install/desktop_qt' for CMake module files
[2.437s] Level 1:colcon.colcon_core.environment:checking '/home/uuv/Development/rov-ros2/ws_desktop_qt/install/desktop_qt' for CMake config files
[2.438s] Level 1:colcon.colcon_core.shell:create_environment_hook('desktop_qt', 'cmake_prefix_path')
[2.438s] INFO:colcon.colcon_core.shell:Creating environment hook '/home/uuv/Development/rov-ros2/ws_desktop_qt/install/desktop_qt/share/desktop_qt/hook/cmake_prefix_path.ps1'
[2.438s] INFO:colcon.colcon_core.shell:Creating environment descriptor '/home/uuv/Development/rov-ros2/ws_desktop_qt/install/desktop_qt/share/desktop_qt/hook/cmake_prefix_path.dsv'
[2.439s] INFO:colcon.colcon_core.shell:Creating environment hook '/home/uuv/Development/rov-ros2/ws_desktop_qt/install/desktop_qt/share/desktop_qt/hook/cmake_prefix_path.sh'
[2.439s] Level 1:colcon.colcon_core.environment:checking '/home/uuv/Development/rov-ros2/ws_desktop_qt/install/desktop_qt/bin'
[2.439s] Level 1:colcon.colcon_core.environment:checking '/home/uuv/Development/rov-ros2/ws_desktop_qt/install/desktop_qt/lib/pkgconfig/desktop_qt.pc'
[2.440s] Level 1:colcon.colcon_core.environment:checking '/home/uuv/Development/rov-ros2/ws_desktop_qt/install/desktop_qt/lib/python3.10/site-packages'
[2.440s] Level 1:colcon.colcon_core.environment:checking '/home/uuv/Development/rov-ros2/ws_desktop_qt/install/desktop_qt/bin'
[2.440s] INFO:colcon.colcon_core.shell:Creating package script '/home/uuv/Development/rov-ros2/ws_desktop_qt/install/desktop_qt/share/desktop_qt/package.ps1'
[2.441s] INFO:colcon.colcon_core.shell:Creating package descriptor '/home/uuv/Development/rov-ros2/ws_desktop_qt/install/desktop_qt/share/desktop_qt/package.dsv'
[2.441s] INFO:colcon.colcon_core.shell:Creating package script '/home/uuv/Development/rov-ros2/ws_desktop_qt/install/desktop_qt/share/desktop_qt/package.sh'
[2.442s] INFO:colcon.colcon_core.shell:Creating package script '/home/uuv/Development/rov-ros2/ws_desktop_qt/install/desktop_qt/share/desktop_qt/package.bash'
[2.442s] INFO:colcon.colcon_core.shell:Creating package script '/home/uuv/Development/rov-ros2/ws_desktop_qt/install/desktop_qt/share/desktop_qt/package.zsh'
[2.442s] Level 1:colcon.colcon_core.environment:create_file_with_runtime_dependencies(/home/uuv/Development/rov-ros2/ws_desktop_qt/install/desktop_qt/share/colcon-core/packages/desktop_qt)
[2.780s] DEBUG:colcon.colcon_parallel_executor.executor.parallel:closing loop
[2.780s] DEBUG:colcon.colcon_parallel_executor.executor.parallel:loop closed
[2.780s] DEBUG:colcon.colcon_parallel_executor.executor.parallel:run_until_complete finished with '2'
[2.780s] DEBUG:colcon.colcon_core.event_reactor:joining thread
[2.786s] INFO:colcon.colcon_core.plugin_system:Skipping extension 'colcon_notification.desktop_notification.terminal_notifier': Not used on non-Darwin systems
[2.786s] INFO:colcon.colcon_core.plugin_system:Skipping extension 'colcon_notification.desktop_notification.win32': Not used on non-Windows systems
[2.786s] INFO:colcon.colcon_notification.desktop_notification:Sending desktop notification using 'notify2'
[2.786s] DEBUG:colcon.colcon_notification.desktop_notification.notify2:Failed to initialize notify2: org.freedesktop.DBus.Error.BadAddress: '=' character not found or has no value following it
[2.786s] DEBUG:colcon.colcon_core.event_reactor:joined thread
[2.786s] INFO:colcon.colcon_core.shell:Creating prefix script '/home/uuv/Development/rov-ros2/ws_desktop_qt/install/local_setup.ps1'
[2.787s] INFO:colcon.colcon_core.shell:Creating prefix util module '/home/uuv/Development/rov-ros2/ws_desktop_qt/install/_local_setup_util_ps1.py'
[2.789s] INFO:colcon.colcon_core.shell:Creating prefix chain script '/home/uuv/Development/rov-ros2/ws_desktop_qt/install/setup.ps1'
[2.790s] INFO:colcon.colcon_core.shell:Creating prefix script '/home/uuv/Development/rov-ros2/ws_desktop_qt/install/local_setup.sh'
[2.790s] INFO:colcon.colcon_core.shell:Creating prefix util module '/home/uuv/Development/rov-ros2/ws_desktop_qt/install/_local_setup_util_sh.py'
[2.791s] INFO:colcon.colcon_core.shell:Creating prefix chain script '/home/uuv/Development/rov-ros2/ws_desktop_qt/install/setup.sh'
[2.793s] INFO:colcon.colcon_core.shell:Creating prefix script '/home/uuv/Development/rov-ros2/ws_desktop_qt/install/local_setup.bash'
[2.793s] INFO:colcon.colcon_core.shell:Creating prefix chain script '/home/uuv/Development/rov-ros2/ws_desktop_qt/install/setup.bash'
[2.794s] INFO:colcon.colcon_core.shell:Creating prefix script '/home/uuv/Development/rov-ros2/ws_desktop_qt/install/local_setup.zsh'
[2.795s] INFO:colcon.colcon_core.shell:Creating prefix chain script '/home/uuv/Development/rov-ros2/ws_desktop_qt/install/setup.zsh'
