[0.110s] DEBUG:colcon:Command line arguments: ['/usr/bin/colcon', 'build', '--event-handlers', 'status+', 'console_start_end+', '--cmake-args', '-G', 'CodeBlocks - Unix Makefiles', '-DCMAKE_BUILD_TYPE=Debug']
[0.110s] DEBUG:colcon:Parsed command line arguments: Namespace(log_base=None, log_level=None, verb_name='build', build_base='build', install_base='install', merge_install=False, symlink_install=False, test_result_base=None, continue_on_error=False, executor='parallel', parallel_workers=8, event_handlers=['status+', 'console_start_end+'], ignore_user_meta=False, metas=['./colcon.meta'], base_paths=['.'], packages_ignore=None, packages_ignore_regex=None, paths=None, packages_up_to=None, packages_up_to_regex=None, packages_above=None, packages_above_and_dependencies=None, packages_above_depth=None, packages_select_by_dep=None, packages_skip_by_dep=None, packages_skip_up_to=None, packages_select_build_failed=False, packages_skip_build_finished=False, packages_select_test_failures=False, packages_skip_test_passed=False, packages_select=None, packages_skip=None, packages_select_regex=None, packages_skip_regex=None, packages_start=None, packages_end=None, allow_overriding=[], cmake_args=['-G', 'CodeBlocks - Unix Makefiles', '-DCMAKE_BUILD_TYPE=Debug'], cmake_target=None, cmake_target_skip_unavailable=False, cmake_clean_cache=False, cmake_clean_first=False, cmake_force_configure=False, ament_cmake_args=None, catkin_cmake_args=None, catkin_skip_building_tests=False, mixin_files=None, mixin=None, verb_parser=<colcon_mixin.mixin.mixin_argument.MixinArgumentDecorator object at 0x71bac7c5d1b0>, verb_extension=<colcon_core.verb.build.BuildVerb object at 0x71bac7d66020>, main=<bound method BuildVerb.main of <colcon_core.verb.build.BuildVerb object at 0x71bac7d66020>>, mixin_verb=('build',))
[0.278s] Level 1:colcon.colcon_core.package_discovery:discover_packages(colcon_meta) check parameters
[0.279s] Level 1:colcon.colcon_core.package_discovery:discover_packages(recursive) check parameters
[0.279s] Level 1:colcon.colcon_core.package_discovery:discover_packages(ignore) check parameters
[0.279s] Level 1:colcon.colcon_core.package_discovery:discover_packages(path) check parameters
[0.279s] Level 1:colcon.colcon_core.package_discovery:discover_packages(colcon_meta) discover
[0.279s] Level 1:colcon.colcon_core.package_discovery:discover_packages(recursive) discover
[0.279s] INFO:colcon.colcon_core.package_discovery:Crawling recursively for packages in '/home/uuv/Development/rov-ros2/ws_desktop_qt'
[0.279s] Level 1:colcon.colcon_core.package_identification:_identify(.) by extensions ['ignore', 'ignore_ament_install']
[0.279s] Level 1:colcon.colcon_core.package_identification:_identify(.) by extension 'ignore'
[0.279s] Level 1:colcon.colcon_core.package_identification:_identify(.) by extension 'ignore_ament_install'
[0.279s] Level 1:colcon.colcon_core.package_identification:_identify(.) by extensions ['colcon_pkg']
[0.279s] Level 1:colcon.colcon_core.package_identification:_identify(.) by extension 'colcon_pkg'
[0.279s] Level 1:colcon.colcon_core.package_identification:_identify(.) by extensions ['colcon_meta']
[0.279s] Level 1:colcon.colcon_core.package_identification:_identify(.) by extension 'colcon_meta'
[0.279s] Level 1:colcon.colcon_core.package_identification:_identify(.) by extensions ['ros']
[0.279s] Level 1:colcon.colcon_core.package_identification:_identify(.) by extension 'ros'
[0.290s] Level 1:colcon.colcon_core.package_identification:_identify(.) by extensions ['cmake', 'python']
[0.290s] Level 1:colcon.colcon_core.package_identification:_identify(.) by extension 'cmake'
[0.290s] Level 1:colcon.colcon_core.package_identification:_identify(.) by extension 'python'
[0.290s] Level 1:colcon.colcon_core.package_identification:_identify(.) by extensions ['python_setup_py']
[0.290s] Level 1:colcon.colcon_core.package_identification:_identify(.) by extension 'python_setup_py'
[0.290s] Level 1:colcon.colcon_core.package_identification:_identify(build) by extensions ['ignore', 'ignore_ament_install']
[0.290s] Level 1:colcon.colcon_core.package_identification:_identify(build) by extension 'ignore'
[0.290s] Level 1:colcon.colcon_core.package_identification:_identify(build) ignored
[0.291s] Level 1:colcon.colcon_core.package_identification:_identify(install) by extensions ['ignore', 'ignore_ament_install']
[0.291s] Level 1:colcon.colcon_core.package_identification:_identify(install) by extension 'ignore'
[0.291s] Level 1:colcon.colcon_core.package_identification:_identify(install) ignored
[0.291s] Level 1:colcon.colcon_core.package_identification:_identify(log) by extensions ['ignore', 'ignore_ament_install']
[0.291s] Level 1:colcon.colcon_core.package_identification:_identify(log) by extension 'ignore'
[0.291s] Level 1:colcon.colcon_core.package_identification:_identify(log) ignored
[0.291s] Level 1:colcon.colcon_core.package_identification:_identify(src) by extensions ['ignore', 'ignore_ament_install']
[0.291s] Level 1:colcon.colcon_core.package_identification:_identify(src) by extension 'ignore'
[0.291s] Level 1:colcon.colcon_core.package_identification:_identify(src) by extension 'ignore_ament_install'
[0.291s] Level 1:colcon.colcon_core.package_identification:_identify(src) by extensions ['colcon_pkg']
[0.291s] Level 1:colcon.colcon_core.package_identification:_identify(src) by extension 'colcon_pkg'
[0.291s] Level 1:colcon.colcon_core.package_identification:_identify(src) by extensions ['colcon_meta']
[0.291s] Level 1:colcon.colcon_core.package_identification:_identify(src) by extension 'colcon_meta'
[0.291s] Level 1:colcon.colcon_core.package_identification:_identify(src) by extensions ['ros']
[0.291s] Level 1:colcon.colcon_core.package_identification:_identify(src) by extension 'ros'
[0.291s] Level 1:colcon.colcon_core.package_identification:_identify(src) by extensions ['cmake', 'python']
[0.291s] Level 1:colcon.colcon_core.package_identification:_identify(src) by extension 'cmake'
[0.291s] Level 1:colcon.colcon_core.package_identification:_identify(src) by extension 'python'
[0.292s] Level 1:colcon.colcon_core.package_identification:_identify(src) by extensions ['python_setup_py']
[0.292s] Level 1:colcon.colcon_core.package_identification:_identify(src) by extension 'python_setup_py'
[0.292s] Level 1:colcon.colcon_core.package_identification:_identify(src/desktop_qt) by extensions ['ignore', 'ignore_ament_install']
[0.292s] Level 1:colcon.colcon_core.package_identification:_identify(src/desktop_qt) by extension 'ignore'
[0.292s] Level 1:colcon.colcon_core.package_identification:_identify(src/desktop_qt) by extension 'ignore_ament_install'
[0.292s] Level 1:colcon.colcon_core.package_identification:_identify(src/desktop_qt) by extensions ['colcon_pkg']
[0.292s] Level 1:colcon.colcon_core.package_identification:_identify(src/desktop_qt) by extension 'colcon_pkg'
[0.292s] Level 1:colcon.colcon_core.package_identification:_identify(src/desktop_qt) by extensions ['colcon_meta']
[0.292s] Level 1:colcon.colcon_core.package_identification:_identify(src/desktop_qt) by extension 'colcon_meta'
[0.292s] Level 1:colcon.colcon_core.package_identification:_identify(src/desktop_qt) by extensions ['ros']
[0.292s] Level 1:colcon.colcon_core.package_identification:_identify(src/desktop_qt) by extension 'ros'
[0.294s] DEBUG:colcon.colcon_core.package_identification:Package 'src/desktop_qt' with type 'ros.ament_cmake' and name 'desktop_qt'
[0.295s] Level 1:colcon.colcon_core.package_identification:_identify(src/px4_msgs) by extensions ['ignore', 'ignore_ament_install']
[0.295s] Level 1:colcon.colcon_core.package_identification:_identify(src/px4_msgs) by extension 'ignore'
[0.295s] Level 1:colcon.colcon_core.package_identification:_identify(src/px4_msgs) by extension 'ignore_ament_install'
[0.295s] Level 1:colcon.colcon_core.package_identification:_identify(src/px4_msgs) by extensions ['colcon_pkg']
[0.295s] Level 1:colcon.colcon_core.package_identification:_identify(src/px4_msgs) by extension 'colcon_pkg'
[0.295s] Level 1:colcon.colcon_core.package_identification:_identify(src/px4_msgs) by extensions ['colcon_meta']
[0.295s] Level 1:colcon.colcon_core.package_identification:_identify(src/px4_msgs) by extension 'colcon_meta'
[0.295s] Level 1:colcon.colcon_core.package_identification:_identify(src/px4_msgs) by extensions ['ros']
[0.295s] Level 1:colcon.colcon_core.package_identification:_identify(src/px4_msgs) by extension 'ros'
[0.296s] DEBUG:colcon.colcon_core.package_identification:Package 'src/px4_msgs' with type 'ros.ament_cmake' and name 'px4_msgs'
[0.296s] Level 1:colcon.colcon_core.package_identification:_identify(src/px4_ros_com) by extensions ['ignore', 'ignore_ament_install']
[0.296s] Level 1:colcon.colcon_core.package_identification:_identify(src/px4_ros_com) by extension 'ignore'
[0.296s] Level 1:colcon.colcon_core.package_identification:_identify(src/px4_ros_com) by extension 'ignore_ament_install'
[0.296s] Level 1:colcon.colcon_core.package_identification:_identify(src/px4_ros_com) by extensions ['colcon_pkg']
[0.296s] Level 1:colcon.colcon_core.package_identification:_identify(src/px4_ros_com) by extension 'colcon_pkg'
[0.296s] Level 1:colcon.colcon_core.package_identification:_identify(src/px4_ros_com) by extensions ['colcon_meta']
[0.296s] Level 1:colcon.colcon_core.package_identification:_identify(src/px4_ros_com) by extension 'colcon_meta'
[0.296s] Level 1:colcon.colcon_core.package_identification:_identify(src/px4_ros_com) by extensions ['ros']
[0.296s] Level 1:colcon.colcon_core.package_identification:_identify(src/px4_ros_com) by extension 'ros'
[0.297s] DEBUG:colcon.colcon_core.package_identification:Package 'src/px4_ros_com' with type 'ros.ament_cmake' and name 'px4_ros_com'
[0.297s] Level 1:colcon.colcon_core.package_identification:_identify(src/qt-uic-py) by extensions ['ignore', 'ignore_ament_install']
[0.297s] Level 1:colcon.colcon_core.package_identification:_identify(src/qt-uic-py) by extension 'ignore'
[0.298s] Level 1:colcon.colcon_core.package_identification:_identify(src/qt-uic-py) by extension 'ignore_ament_install'
[0.298s] Level 1:colcon.colcon_core.package_identification:_identify(src/qt-uic-py) by extensions ['colcon_pkg']
[0.298s] Level 1:colcon.colcon_core.package_identification:_identify(src/qt-uic-py) by extension 'colcon_pkg'
[0.298s] Level 1:colcon.colcon_core.package_identification:_identify(src/qt-uic-py) by extensions ['colcon_meta']
[0.298s] Level 1:colcon.colcon_core.package_identification:_identify(src/qt-uic-py) by extension 'colcon_meta'
[0.298s] Level 1:colcon.colcon_core.package_identification:_identify(src/qt-uic-py) by extensions ['ros']
[0.298s] Level 1:colcon.colcon_core.package_identification:_identify(src/qt-uic-py) by extension 'ros'
[0.298s] DEBUG:colcon.colcon_core.package_identification:Package 'src/qt-uic-py' with type 'ros.ament_python' and name 'qt-uic-py'
[0.298s] Level 1:colcon.colcon_core.package_discovery:discover_packages(recursive) using defaults
[0.298s] Level 1:colcon.colcon_core.package_discovery:discover_packages(ignore) discover
[0.299s] Level 1:colcon.colcon_core.package_discovery:discover_packages(ignore) using defaults
[0.299s] Level 1:colcon.colcon_core.package_discovery:discover_packages(path) discover
[0.299s] Level 1:colcon.colcon_core.package_discovery:discover_packages(path) using defaults
[0.327s] Level 1:colcon.colcon_core.package_discovery:discover_packages(prefix_path) check parameters
[0.327s] Level 1:colcon.colcon_core.package_discovery:discover_packages(prefix_path) discover
[0.329s] DEBUG:colcon.colcon_installed_package_information.package_discovery:Found 1 installed packages in /home/uuv/Development/rov-ros2/ws_desktop_qt/install
[0.330s] DEBUG:colcon.colcon_installed_package_information.package_discovery:Found 272 installed packages in /opt/ros/humble
[0.331s] Level 1:colcon.colcon_core.package_discovery:discover_packages(prefix_path) using defaults
[0.369s] Level 5:colcon.colcon_core.verb:set package 'px4_msgs' build argument 'cmake_args' from command line to '['-G', 'CodeBlocks - Unix Makefiles', '-DCMAKE_BUILD_TYPE=Debug']'
[0.369s] Level 5:colcon.colcon_core.verb:set package 'px4_msgs' build argument 'cmake_target' from command line to 'None'
[0.369s] Level 5:colcon.colcon_core.verb:set package 'px4_msgs' build argument 'cmake_target_skip_unavailable' from command line to 'False'
[0.369s] Level 5:colcon.colcon_core.verb:set package 'px4_msgs' build argument 'cmake_clean_cache' from command line to 'False'
[0.369s] Level 5:colcon.colcon_core.verb:set package 'px4_msgs' build argument 'cmake_clean_first' from command line to 'False'
[0.369s] Level 5:colcon.colcon_core.verb:set package 'px4_msgs' build argument 'cmake_force_configure' from command line to 'False'
[0.369s] Level 5:colcon.colcon_core.verb:set package 'px4_msgs' build argument 'ament_cmake_args' from command line to 'None'
[0.369s] Level 5:colcon.colcon_core.verb:set package 'px4_msgs' build argument 'catkin_cmake_args' from command line to 'None'
[0.369s] Level 5:colcon.colcon_core.verb:set package 'px4_msgs' build argument 'catkin_skip_building_tests' from command line to 'False'
[0.369s] DEBUG:colcon.colcon_core.verb:Building package 'px4_msgs' with the following arguments: {'ament_cmake_args': None, 'build_base': '/home/uuv/Development/rov-ros2/ws_desktop_qt/build/px4_msgs', 'catkin_cmake_args': None, 'catkin_skip_building_tests': False, 'cmake_args': ['-G', 'CodeBlocks - Unix Makefiles', '-DCMAKE_BUILD_TYPE=Debug'], 'cmake_clean_cache': False, 'cmake_clean_first': False, 'cmake_force_configure': False, 'cmake_target': None, 'cmake_target_skip_unavailable': False, 'install_base': '/home/uuv/Development/rov-ros2/ws_desktop_qt/install/px4_msgs', 'merge_install': False, 'path': '/home/uuv/Development/rov-ros2/ws_desktop_qt/src/px4_msgs', 'symlink_install': False, 'test_result_base': None}
[0.370s] Level 5:colcon.colcon_core.verb:set package 'qt-uic-py' build argument 'cmake_args' from command line to '['-G', 'CodeBlocks - Unix Makefiles', '-DCMAKE_BUILD_TYPE=Debug']'
[0.370s] Level 5:colcon.colcon_core.verb:set package 'qt-uic-py' build argument 'cmake_target' from command line to 'None'
[0.370s] Level 5:colcon.colcon_core.verb:set package 'qt-uic-py' build argument 'cmake_target_skip_unavailable' from command line to 'False'
[0.370s] Level 5:colcon.colcon_core.verb:set package 'qt-uic-py' build argument 'cmake_clean_cache' from command line to 'False'
[0.370s] Level 5:colcon.colcon_core.verb:set package 'qt-uic-py' build argument 'cmake_clean_first' from command line to 'False'
[0.370s] Level 5:colcon.colcon_core.verb:set package 'qt-uic-py' build argument 'cmake_force_configure' from command line to 'False'
[0.370s] Level 5:colcon.colcon_core.verb:set package 'qt-uic-py' build argument 'ament_cmake_args' from command line to 'None'
[0.370s] Level 5:colcon.colcon_core.verb:set package 'qt-uic-py' build argument 'catkin_cmake_args' from command line to 'None'
[0.370s] Level 5:colcon.colcon_core.verb:set package 'qt-uic-py' build argument 'catkin_skip_building_tests' from command line to 'False'
[0.370s] DEBUG:colcon.colcon_core.verb:Building package 'qt-uic-py' with the following arguments: {'ament_cmake_args': None, 'build_base': '/home/uuv/Development/rov-ros2/ws_desktop_qt/build/qt-uic-py', 'catkin_cmake_args': None, 'catkin_skip_building_tests': False, 'cmake_args': ['-G', 'CodeBlocks - Unix Makefiles', '-DCMAKE_BUILD_TYPE=Debug'], 'cmake_clean_cache': False, 'cmake_clean_first': False, 'cmake_force_configure': False, 'cmake_target': None, 'cmake_target_skip_unavailable': False, 'install_base': '/home/uuv/Development/rov-ros2/ws_desktop_qt/install/qt-uic-py', 'merge_install': False, 'path': '/home/uuv/Development/rov-ros2/ws_desktop_qt/src/qt-uic-py', 'symlink_install': False, 'test_result_base': None}
[0.370s] Level 5:colcon.colcon_core.verb:set package 'desktop_qt' build argument 'cmake_args' from command line to '['-G', 'CodeBlocks - Unix Makefiles', '-DCMAKE_BUILD_TYPE=Debug']'
[0.370s] Level 5:colcon.colcon_core.verb:set package 'desktop_qt' build argument 'cmake_target' from command line to 'None'
[0.370s] Level 5:colcon.colcon_core.verb:set package 'desktop_qt' build argument 'cmake_target_skip_unavailable' from command line to 'False'
[0.371s] Level 5:colcon.colcon_core.verb:set package 'desktop_qt' build argument 'cmake_clean_cache' from command line to 'False'
[0.371s] Level 5:colcon.colcon_core.verb:set package 'desktop_qt' build argument 'cmake_clean_first' from command line to 'False'
[0.371s] Level 5:colcon.colcon_core.verb:set package 'desktop_qt' build argument 'cmake_force_configure' from command line to 'False'
[0.371s] Level 5:colcon.colcon_core.verb:set package 'desktop_qt' build argument 'ament_cmake_args' from command line to 'None'
[0.371s] Level 5:colcon.colcon_core.verb:set package 'desktop_qt' build argument 'catkin_cmake_args' from command line to 'None'
[0.371s] Level 5:colcon.colcon_core.verb:set package 'desktop_qt' build argument 'catkin_skip_building_tests' from command line to 'False'
[0.371s] DEBUG:colcon.colcon_core.verb:Building package 'desktop_qt' with the following arguments: {'ament_cmake_args': None, 'build_base': '/home/uuv/Development/rov-ros2/ws_desktop_qt/build/desktop_qt', 'catkin_cmake_args': None, 'catkin_skip_building_tests': False, 'cmake_args': ['-G', 'CodeBlocks - Unix Makefiles', '-DCMAKE_BUILD_TYPE=Debug'], 'cmake_clean_cache': False, 'cmake_clean_first': False, 'cmake_force_configure': False, 'cmake_target': None, 'cmake_target_skip_unavailable': False, 'install_base': '/home/uuv/Development/rov-ros2/ws_desktop_qt/install/desktop_qt', 'merge_install': False, 'path': '/home/uuv/Development/rov-ros2/ws_desktop_qt/src/desktop_qt', 'symlink_install': False, 'test_result_base': None}
[0.371s] Level 5:colcon.colcon_core.verb:set package 'px4_ros_com' build argument 'cmake_args' from command line to '['-G', 'CodeBlocks - Unix Makefiles', '-DCMAKE_BUILD_TYPE=Debug']'
[0.371s] Level 5:colcon.colcon_core.verb:set package 'px4_ros_com' build argument 'cmake_target' from command line to 'None'
[0.371s] Level 5:colcon.colcon_core.verb:set package 'px4_ros_com' build argument 'cmake_target_skip_unavailable' from command line to 'False'
[0.371s] Level 5:colcon.colcon_core.verb:set package 'px4_ros_com' build argument 'cmake_clean_cache' from command line to 'False'
[0.371s] Level 5:colcon.colcon_core.verb:set package 'px4_ros_com' build argument 'cmake_clean_first' from command line to 'False'
[0.371s] Level 5:colcon.colcon_core.verb:set package 'px4_ros_com' build argument 'cmake_force_configure' from command line to 'False'
[0.371s] Level 5:colcon.colcon_core.verb:set package 'px4_ros_com' build argument 'ament_cmake_args' from command line to 'None'
[0.371s] Level 5:colcon.colcon_core.verb:set package 'px4_ros_com' build argument 'catkin_cmake_args' from command line to 'None'
[0.371s] Level 5:colcon.colcon_core.verb:set package 'px4_ros_com' build argument 'catkin_skip_building_tests' from command line to 'False'
[0.371s] DEBUG:colcon.colcon_core.verb:Building package 'px4_ros_com' with the following arguments: {'ament_cmake_args': None, 'build_base': '/home/uuv/Development/rov-ros2/ws_desktop_qt/build/px4_ros_com', 'catkin_cmake_args': None, 'catkin_skip_building_tests': False, 'cmake_args': ['-G', 'CodeBlocks - Unix Makefiles', '-DCMAKE_BUILD_TYPE=Debug'], 'cmake_clean_cache': False, 'cmake_clean_first': False, 'cmake_force_configure': False, 'cmake_target': None, 'cmake_target_skip_unavailable': False, 'install_base': '/home/uuv/Development/rov-ros2/ws_desktop_qt/install/px4_ros_com', 'merge_install': False, 'path': '/home/uuv/Development/rov-ros2/ws_desktop_qt/src/px4_ros_com', 'symlink_install': False, 'test_result_base': None}
[0.371s] INFO:colcon.colcon_core.executor:Executing jobs using 'parallel' executor
[0.373s] DEBUG:colcon.colcon_parallel_executor.executor.parallel:run_until_complete
[0.373s] INFO:colcon.colcon_ros.task.ament_cmake.build:Building ROS package in '/home/uuv/Development/rov-ros2/ws_desktop_qt/src/px4_msgs' with build type 'ament_cmake'
[0.373s] INFO:colcon.colcon_cmake.task.cmake.build:Building CMake package in '/home/uuv/Development/rov-ros2/ws_desktop_qt/src/px4_msgs'
[0.375s] INFO:colcon.colcon_core.plugin_system:Skipping extension 'colcon_core.shell.bat': Not used on non-Windows systems
[0.375s] INFO:colcon.colcon_core.shell:Skip shell extension 'powershell' for command environment: Not usable outside of PowerShell
[0.375s] DEBUG:colcon.colcon_core.shell:Skip shell extension 'dsv' for command environment
[0.378s] INFO:colcon.colcon_ros.task.ament_python.build:Building ROS package in '/home/uuv/Development/rov-ros2/ws_desktop_qt/src/qt-uic-py' with build type 'ament_python'
[0.379s] Level 1:colcon.colcon_core.shell:create_environment_hook('qt-uic-py', 'ament_prefix_path')
[0.379s] INFO:colcon.colcon_core.shell:Creating environment hook '/home/uuv/Development/rov-ros2/ws_desktop_qt/install/qt-uic-py/share/qt-uic-py/hook/ament_prefix_path.ps1'
[0.380s] INFO:colcon.colcon_core.shell:Creating environment descriptor '/home/uuv/Development/rov-ros2/ws_desktop_qt/install/qt-uic-py/share/qt-uic-py/hook/ament_prefix_path.dsv'
[0.380s] INFO:colcon.colcon_core.shell:Creating environment hook '/home/uuv/Development/rov-ros2/ws_desktop_qt/install/qt-uic-py/share/qt-uic-py/hook/ament_prefix_path.sh'
[0.381s] INFO:colcon.colcon_core.shell:Skip shell extension 'powershell' for command environment: Not usable outside of PowerShell
[0.381s] DEBUG:colcon.colcon_core.shell:Skip shell extension 'dsv' for command environment
[0.388s] DEBUG:colcon.colcon_core.event_handler.log_command:Invoking command in '/home/uuv/Development/rov-ros2/ws_desktop_qt/build/px4_msgs': CMAKE_PREFIX_PATH=/opt/ros/humble /usr/bin/cmake /home/uuv/Development/rov-ros2/ws_desktop_qt/src/px4_msgs -G CodeBlocks - Unix Makefiles -DCMAKE_BUILD_TYPE=Debug -DCMAKE_INSTALL_PREFIX=/home/uuv/Development/rov-ros2/ws_desktop_qt/install/px4_msgs
[0.675s] INFO:colcon.colcon_core.task.python.build:Building Python package in '/home/uuv/Development/rov-ros2/ws_desktop_qt/src/qt-uic-py'
[0.676s] INFO:colcon.colcon_core.shell:Skip shell extension 'powershell' for command environment: Not usable outside of PowerShell
[0.676s] DEBUG:colcon.colcon_core.shell:Skip shell extension 'dsv' for command environment
[1.034s] DEBUG:colcon.colcon_core.event_handler.log_command:Invoking command in '/home/uuv/Development/rov-ros2/ws_desktop_qt/src/qt-uic-py': PYTHONPATH=/home/uuv/Development/rov-ros2/ws_desktop_qt/build/qt-uic-py/prefix_override:/usr/lib/python3/dist-packages/colcon_core/task/python/colcon_distutils_commands:/home/uuv/Development/rov-ros2/ws_desktop_qt/install/qt-uic-py/lib/python3.10/site-packages:${PYTHONPATH} /usr/bin/python3 -W ignore:setup.py install is deprecated -W ignore:easy_install command is deprecated setup.py egg_info --egg-base ../../build/qt-uic-py build --build-base /home/uuv/Development/rov-ros2/ws_desktop_qt/build/qt-uic-py/build install --record /home/uuv/Development/rov-ros2/ws_desktop_qt/build/qt-uic-py/install.log --single-version-externally-managed install_data
[1.333s] DEBUG:colcon.colcon_core.event_handler.log_command:Invoked command in '/home/uuv/Development/rov-ros2/ws_desktop_qt/src/qt-uic-py' returned '0': PYTHONPATH=/home/uuv/Development/rov-ros2/ws_desktop_qt/build/qt-uic-py/prefix_override:/usr/lib/python3/dist-packages/colcon_core/task/python/colcon_distutils_commands:/home/uuv/Development/rov-ros2/ws_desktop_qt/install/qt-uic-py/lib/python3.10/site-packages:${PYTHONPATH} /usr/bin/python3 -W ignore:setup.py install is deprecated -W ignore:easy_install command is deprecated setup.py egg_info --egg-base ../../build/qt-uic-py build --build-base /home/uuv/Development/rov-ros2/ws_desktop_qt/build/qt-uic-py/build install --record /home/uuv/Development/rov-ros2/ws_desktop_qt/build/qt-uic-py/install.log --single-version-externally-managed install_data
[1.336s] Level 1:colcon.colcon_core.environment:checking '/home/uuv/Development/rov-ros2/ws_desktop_qt/install/qt-uic-py' for CMake module files
[1.337s] Level 1:colcon.colcon_core.environment:checking '/home/uuv/Development/rov-ros2/ws_desktop_qt/install/qt-uic-py' for CMake config files
[1.338s] Level 1:colcon.colcon_core.environment:checking '/home/uuv/Development/rov-ros2/ws_desktop_qt/install/qt-uic-py/lib'
[1.338s] Level 1:colcon.colcon_core.environment:checking '/home/uuv/Development/rov-ros2/ws_desktop_qt/install/qt-uic-py/bin'
[1.338s] Level 1:colcon.colcon_core.environment:checking '/home/uuv/Development/rov-ros2/ws_desktop_qt/install/qt-uic-py/lib/pkgconfig/qt-uic-py.pc'
[1.338s] Level 1:colcon.colcon_core.environment:checking '/home/uuv/Development/rov-ros2/ws_desktop_qt/install/qt-uic-py/lib/python3.10/site-packages'
[1.338s] Level 1:colcon.colcon_core.shell:create_environment_hook('qt-uic-py', 'pythonpath')
[1.339s] INFO:colcon.colcon_core.shell:Creating environment hook '/home/uuv/Development/rov-ros2/ws_desktop_qt/install/qt-uic-py/share/qt-uic-py/hook/pythonpath.ps1'
[1.339s] INFO:colcon.colcon_core.shell:Creating environment descriptor '/home/uuv/Development/rov-ros2/ws_desktop_qt/install/qt-uic-py/share/qt-uic-py/hook/pythonpath.dsv'
[1.340s] INFO:colcon.colcon_core.shell:Creating environment hook '/home/uuv/Development/rov-ros2/ws_desktop_qt/install/qt-uic-py/share/qt-uic-py/hook/pythonpath.sh'
[1.341s] Level 1:colcon.colcon_core.environment:checking '/home/uuv/Development/rov-ros2/ws_desktop_qt/install/qt-uic-py/bin'
[1.341s] Level 1:colcon.colcon_core.environment:create_environment_scripts_only(qt-uic-py)
[1.341s] INFO:colcon.colcon_core.shell:Creating package script '/home/uuv/Development/rov-ros2/ws_desktop_qt/install/qt-uic-py/share/qt-uic-py/package.ps1'
[1.343s] INFO:colcon.colcon_core.shell:Creating package descriptor '/home/uuv/Development/rov-ros2/ws_desktop_qt/install/qt-uic-py/share/qt-uic-py/package.dsv'
[1.343s] INFO:colcon.colcon_core.shell:Creating package script '/home/uuv/Development/rov-ros2/ws_desktop_qt/install/qt-uic-py/share/qt-uic-py/package.sh'
[1.345s] INFO:colcon.colcon_core.shell:Creating package script '/home/uuv/Development/rov-ros2/ws_desktop_qt/install/qt-uic-py/share/qt-uic-py/package.bash'
[1.346s] INFO:colcon.colcon_core.shell:Creating package script '/home/uuv/Development/rov-ros2/ws_desktop_qt/install/qt-uic-py/share/qt-uic-py/package.zsh'
[1.347s] Level 1:colcon.colcon_core.environment:create_file_with_runtime_dependencies(/home/uuv/Development/rov-ros2/ws_desktop_qt/install/qt-uic-py/share/colcon-core/packages/qt-uic-py)
[3.900s] DEBUG:colcon.colcon_core.event_handler.log_command:Invoked command in '/home/uuv/Development/rov-ros2/ws_desktop_qt/build/px4_msgs' returned '0': CMAKE_PREFIX_PATH=/opt/ros/humble /usr/bin/cmake /home/uuv/Development/rov-ros2/ws_desktop_qt/src/px4_msgs -G CodeBlocks - Unix Makefiles -DCMAKE_BUILD_TYPE=Debug -DCMAKE_INSTALL_PREFIX=/home/uuv/Development/rov-ros2/ws_desktop_qt/install/px4_msgs
[3.903s] DEBUG:colcon.colcon_core.event_handler.log_command:Invoking command in '/home/uuv/Development/rov-ros2/ws_desktop_qt/build/px4_msgs': CMAKE_PREFIX_PATH=/opt/ros/humble /usr/bin/cmake --build /home/uuv/Development/rov-ros2/ws_desktop_qt/build/px4_msgs -- -j8 -l8
[248.049s] DEBUG:colcon.colcon_core.event_handler.log_command:Invoked command in '/home/uuv/Development/rov-ros2/ws_desktop_qt/build/px4_msgs' returned '0': CMAKE_PREFIX_PATH=/opt/ros/humble /usr/bin/cmake --build /home/uuv/Development/rov-ros2/ws_desktop_qt/build/px4_msgs -- -j8 -l8
[248.059s] DEBUG:colcon.colcon_core.event_handler.log_command:Invoking command in '/home/uuv/Development/rov-ros2/ws_desktop_qt/build/px4_msgs': CMAKE_PREFIX_PATH=/opt/ros/humble /usr/bin/cmake --install /home/uuv/Development/rov-ros2/ws_desktop_qt/build/px4_msgs
[249.467s] Level 1:colcon.colcon_core.environment:create_environment_scripts_only(px4_msgs)
[249.468s] Level 1:colcon.colcon_core.environment:checking '/home/uuv/Development/rov-ros2/ws_desktop_qt/install/px4_msgs' for CMake module files
[249.468s] DEBUG:colcon.colcon_core.event_handler.log_command:Invoked command in '/home/uuv/Development/rov-ros2/ws_desktop_qt/build/px4_msgs' returned '0': CMAKE_PREFIX_PATH=/opt/ros/humble /usr/bin/cmake --install /home/uuv/Development/rov-ros2/ws_desktop_qt/build/px4_msgs
[249.469s] Level 1:colcon.colcon_core.environment:checking '/home/uuv/Development/rov-ros2/ws_desktop_qt/install/px4_msgs' for CMake config files
[249.474s] Level 1:colcon.colcon_core.shell:create_environment_hook('px4_msgs', 'cmake_prefix_path')
[249.474s] INFO:colcon.colcon_core.shell:Creating environment hook '/home/uuv/Development/rov-ros2/ws_desktop_qt/install/px4_msgs/share/px4_msgs/hook/cmake_prefix_path.ps1'
[249.475s] INFO:colcon.colcon_core.shell:Creating environment descriptor '/home/uuv/Development/rov-ros2/ws_desktop_qt/install/px4_msgs/share/px4_msgs/hook/cmake_prefix_path.dsv'
[249.475s] INFO:colcon.colcon_core.shell:Creating environment hook '/home/uuv/Development/rov-ros2/ws_desktop_qt/install/px4_msgs/share/px4_msgs/hook/cmake_prefix_path.sh'
[249.476s] Level 1:colcon.colcon_core.environment:checking '/home/uuv/Development/rov-ros2/ws_desktop_qt/install/px4_msgs/lib'
[249.476s] Level 1:colcon.colcon_core.shell:create_environment_hook('px4_msgs', 'ld_library_path_lib')
[249.476s] INFO:colcon.colcon_core.shell:Creating environment hook '/home/uuv/Development/rov-ros2/ws_desktop_qt/install/px4_msgs/share/px4_msgs/hook/ld_library_path_lib.ps1'
[249.476s] INFO:colcon.colcon_core.shell:Creating environment descriptor '/home/uuv/Development/rov-ros2/ws_desktop_qt/install/px4_msgs/share/px4_msgs/hook/ld_library_path_lib.dsv'
[249.476s] INFO:colcon.colcon_core.shell:Creating environment hook '/home/uuv/Development/rov-ros2/ws_desktop_qt/install/px4_msgs/share/px4_msgs/hook/ld_library_path_lib.sh'
[249.477s] Level 1:colcon.colcon_core.environment:checking '/home/uuv/Development/rov-ros2/ws_desktop_qt/install/px4_msgs/bin'
[249.477s] Level 1:colcon.colcon_core.environment:checking '/home/uuv/Development/rov-ros2/ws_desktop_qt/install/px4_msgs/lib/pkgconfig/px4_msgs.pc'
[249.477s] Level 1:colcon.colcon_core.environment:checking '/home/uuv/Development/rov-ros2/ws_desktop_qt/install/px4_msgs/lib/python3.10/site-packages'
[249.477s] Level 1:colcon.colcon_core.environment:checking '/home/uuv/Development/rov-ros2/ws_desktop_qt/install/px4_msgs/bin'
[249.478s] INFO:colcon.colcon_core.shell:Creating package script '/home/uuv/Development/rov-ros2/ws_desktop_qt/install/px4_msgs/share/px4_msgs/package.ps1'
[249.478s] INFO:colcon.colcon_core.shell:Creating package descriptor '/home/uuv/Development/rov-ros2/ws_desktop_qt/install/px4_msgs/share/px4_msgs/package.dsv'
[249.479s] INFO:colcon.colcon_core.shell:Creating package script '/home/uuv/Development/rov-ros2/ws_desktop_qt/install/px4_msgs/share/px4_msgs/package.sh'
[249.479s] INFO:colcon.colcon_core.shell:Creating package script '/home/uuv/Development/rov-ros2/ws_desktop_qt/install/px4_msgs/share/px4_msgs/package.bash'
[249.479s] INFO:colcon.colcon_core.shell:Creating package script '/home/uuv/Development/rov-ros2/ws_desktop_qt/install/px4_msgs/share/px4_msgs/package.zsh'
[249.480s] Level 1:colcon.colcon_core.environment:create_file_with_runtime_dependencies(/home/uuv/Development/rov-ros2/ws_desktop_qt/install/px4_msgs/share/colcon-core/packages/px4_msgs)
[249.480s] Level 1:colcon.colcon_core.environment:create_environment_scripts_only(px4_msgs)
[249.480s] Level 1:colcon.colcon_core.environment:checking '/home/uuv/Development/rov-ros2/ws_desktop_qt/install/px4_msgs' for CMake module files
[249.481s] Level 1:colcon.colcon_core.environment:checking '/home/uuv/Development/rov-ros2/ws_desktop_qt/install/px4_msgs' for CMake config files
[249.486s] Level 1:colcon.colcon_core.shell:create_environment_hook('px4_msgs', 'cmake_prefix_path')
[249.486s] INFO:colcon.colcon_core.shell:Creating environment hook '/home/uuv/Development/rov-ros2/ws_desktop_qt/install/px4_msgs/share/px4_msgs/hook/cmake_prefix_path.ps1'
[249.486s] INFO:colcon.colcon_core.shell:Creating environment descriptor '/home/uuv/Development/rov-ros2/ws_desktop_qt/install/px4_msgs/share/px4_msgs/hook/cmake_prefix_path.dsv'
[249.487s] INFO:colcon.colcon_core.shell:Creating environment hook '/home/uuv/Development/rov-ros2/ws_desktop_qt/install/px4_msgs/share/px4_msgs/hook/cmake_prefix_path.sh'
[249.487s] Level 1:colcon.colcon_core.environment:checking '/home/uuv/Development/rov-ros2/ws_desktop_qt/install/px4_msgs/lib'
[249.487s] Level 1:colcon.colcon_core.shell:create_environment_hook('px4_msgs', 'ld_library_path_lib')
[249.487s] INFO:colcon.colcon_core.shell:Creating environment hook '/home/uuv/Development/rov-ros2/ws_desktop_qt/install/px4_msgs/share/px4_msgs/hook/ld_library_path_lib.ps1'
[249.488s] INFO:colcon.colcon_core.shell:Creating environment descriptor '/home/uuv/Development/rov-ros2/ws_desktop_qt/install/px4_msgs/share/px4_msgs/hook/ld_library_path_lib.dsv'
[249.488s] INFO:colcon.colcon_core.shell:Creating environment hook '/home/uuv/Development/rov-ros2/ws_desktop_qt/install/px4_msgs/share/px4_msgs/hook/ld_library_path_lib.sh'
[249.488s] Level 1:colcon.colcon_core.environment:checking '/home/uuv/Development/rov-ros2/ws_desktop_qt/install/px4_msgs/bin'
[249.489s] Level 1:colcon.colcon_core.environment:checking '/home/uuv/Development/rov-ros2/ws_desktop_qt/install/px4_msgs/lib/pkgconfig/px4_msgs.pc'
[249.489s] Level 1:colcon.colcon_core.environment:checking '/home/uuv/Development/rov-ros2/ws_desktop_qt/install/px4_msgs/lib/python3.10/site-packages'
[249.489s] Level 1:colcon.colcon_core.environment:checking '/home/uuv/Development/rov-ros2/ws_desktop_qt/install/px4_msgs/bin'
[249.490s] INFO:colcon.colcon_core.shell:Creating package script '/home/uuv/Development/rov-ros2/ws_desktop_qt/install/px4_msgs/share/px4_msgs/package.ps1'
[249.491s] INFO:colcon.colcon_core.shell:Creating package descriptor '/home/uuv/Development/rov-ros2/ws_desktop_qt/install/px4_msgs/share/px4_msgs/package.dsv'
[249.491s] INFO:colcon.colcon_core.shell:Creating package script '/home/uuv/Development/rov-ros2/ws_desktop_qt/install/px4_msgs/share/px4_msgs/package.sh'
[249.492s] INFO:colcon.colcon_core.shell:Creating package script '/home/uuv/Development/rov-ros2/ws_desktop_qt/install/px4_msgs/share/px4_msgs/package.bash'
[249.492s] INFO:colcon.colcon_core.shell:Creating package script '/home/uuv/Development/rov-ros2/ws_desktop_qt/install/px4_msgs/share/px4_msgs/package.zsh'
[249.492s] Level 1:colcon.colcon_core.environment:create_file_with_runtime_dependencies(/home/uuv/Development/rov-ros2/ws_desktop_qt/install/px4_msgs/share/colcon-core/packages/px4_msgs)
[249.493s] INFO:colcon.colcon_ros.task.ament_cmake.build:Building ROS package in '/home/uuv/Development/rov-ros2/ws_desktop_qt/src/desktop_qt' with build type 'ament_cmake'
[249.493s] INFO:colcon.colcon_cmake.task.cmake.build:Building CMake package in '/home/uuv/Development/rov-ros2/ws_desktop_qt/src/desktop_qt'
[249.493s] INFO:colcon.colcon_core.shell:Skip shell extension 'powershell' for command environment: Not usable outside of PowerShell
[249.493s] DEBUG:colcon.colcon_core.shell:Skip shell extension 'dsv' for command environment
[249.497s] INFO:colcon.colcon_ros.task.ament_cmake.build:Building ROS package in '/home/uuv/Development/rov-ros2/ws_desktop_qt/src/px4_ros_com' with build type 'ament_cmake'
[249.497s] INFO:colcon.colcon_cmake.task.cmake.build:Building CMake package in '/home/uuv/Development/rov-ros2/ws_desktop_qt/src/px4_ros_com'
[249.497s] INFO:colcon.colcon_core.shell:Skip shell extension 'powershell' for command environment: Not usable outside of PowerShell
[249.497s] DEBUG:colcon.colcon_core.shell:Skip shell extension 'dsv' for command environment
[249.504s] DEBUG:colcon.colcon_core.event_handler.log_command:Invoking command in '/home/uuv/Development/rov-ros2/ws_desktop_qt/build/desktop_qt': AMENT_PREFIX_PATH=/home/uuv/Development/rov-ros2/ws_desktop_qt/install/px4_msgs:${AMENT_PREFIX_PATH} CMAKE_PREFIX_PATH=/home/uuv/Development/rov-ros2/ws_desktop_qt/install/px4_msgs:/opt/ros/humble LD_LIBRARY_PATH=/home/uuv/Development/rov-ros2/ws_desktop_qt/install/px4_msgs/lib:${LD_LIBRARY_PATH} PYTHONPATH=/home/uuv/Development/rov-ros2/ws_desktop_qt/install/px4_msgs/local/lib/python3.10/dist-packages:${PYTHONPATH} /usr/bin/cmake /home/uuv/Development/rov-ros2/ws_desktop_qt/src/desktop_qt -G CodeBlocks - Unix Makefiles -DCMAKE_BUILD_TYPE=Debug -DCMAKE_INSTALL_PREFIX=/home/uuv/Development/rov-ros2/ws_desktop_qt/install/desktop_qt
[249.508s] DEBUG:colcon.colcon_core.event_handler.log_command:Invoking command in '/home/uuv/Development/rov-ros2/ws_desktop_qt/build/px4_ros_com': AMENT_PREFIX_PATH=/home/uuv/Development/rov-ros2/ws_desktop_qt/install/px4_msgs:${AMENT_PREFIX_PATH} CMAKE_PREFIX_PATH=/home/uuv/Development/rov-ros2/ws_desktop_qt/install/px4_msgs:/opt/ros/humble LD_LIBRARY_PATH=/home/uuv/Development/rov-ros2/ws_desktop_qt/install/px4_msgs/lib:${LD_LIBRARY_PATH} PYTHONPATH=/home/uuv/Development/rov-ros2/ws_desktop_qt/install/px4_msgs/local/lib/python3.10/dist-packages:${PYTHONPATH} /usr/bin/cmake /home/uuv/Development/rov-ros2/ws_desktop_qt/src/px4_ros_com -G CodeBlocks - Unix Makefiles -DCMAKE_BUILD_TYPE=Debug -DCMAKE_INSTALL_PREFIX=/home/uuv/Development/rov-ros2/ws_desktop_qt/install/px4_ros_com
[250.834s] DEBUG:colcon.colcon_core.event_handler.log_command:Invoked command in '/home/uuv/Development/rov-ros2/ws_desktop_qt/build/desktop_qt' returned '0': AMENT_PREFIX_PATH=/home/uuv/Development/rov-ros2/ws_desktop_qt/install/px4_msgs:${AMENT_PREFIX_PATH} CMAKE_PREFIX_PATH=/home/uuv/Development/rov-ros2/ws_desktop_qt/install/px4_msgs:/opt/ros/humble LD_LIBRARY_PATH=/home/uuv/Development/rov-ros2/ws_desktop_qt/install/px4_msgs/lib:${LD_LIBRARY_PATH} PYTHONPATH=/home/uuv/Development/rov-ros2/ws_desktop_qt/install/px4_msgs/local/lib/python3.10/dist-packages:${PYTHONPATH} /usr/bin/cmake /home/uuv/Development/rov-ros2/ws_desktop_qt/src/desktop_qt -G CodeBlocks - Unix Makefiles -DCMAKE_BUILD_TYPE=Debug -DCMAKE_INSTALL_PREFIX=/home/uuv/Development/rov-ros2/ws_desktop_qt/install/desktop_qt
[250.836s] DEBUG:colcon.colcon_core.event_handler.log_command:Invoking command in '/home/uuv/Development/rov-ros2/ws_desktop_qt/build/desktop_qt': AMENT_PREFIX_PATH=/home/uuv/Development/rov-ros2/ws_desktop_qt/install/px4_msgs:${AMENT_PREFIX_PATH} CMAKE_PREFIX_PATH=/home/uuv/Development/rov-ros2/ws_desktop_qt/install/px4_msgs:/opt/ros/humble LD_LIBRARY_PATH=/home/uuv/Development/rov-ros2/ws_desktop_qt/install/px4_msgs/lib:${LD_LIBRARY_PATH} PYTHONPATH=/home/uuv/Development/rov-ros2/ws_desktop_qt/install/px4_msgs/local/lib/python3.10/dist-packages:${PYTHONPATH} /usr/bin/cmake --build /home/uuv/Development/rov-ros2/ws_desktop_qt/build/desktop_qt -- -j8 -l8
[250.910s] DEBUG:colcon.colcon_core.event_handler.log_command:Invoked command in '/home/uuv/Development/rov-ros2/ws_desktop_qt/build/px4_ros_com' returned '0': AMENT_PREFIX_PATH=/home/uuv/Development/rov-ros2/ws_desktop_qt/install/px4_msgs:${AMENT_PREFIX_PATH} CMAKE_PREFIX_PATH=/home/uuv/Development/rov-ros2/ws_desktop_qt/install/px4_msgs:/opt/ros/humble LD_LIBRARY_PATH=/home/uuv/Development/rov-ros2/ws_desktop_qt/install/px4_msgs/lib:${LD_LIBRARY_PATH} PYTHONPATH=/home/uuv/Development/rov-ros2/ws_desktop_qt/install/px4_msgs/local/lib/python3.10/dist-packages:${PYTHONPATH} /usr/bin/cmake /home/uuv/Development/rov-ros2/ws_desktop_qt/src/px4_ros_com -G CodeBlocks - Unix Makefiles -DCMAKE_BUILD_TYPE=Debug -DCMAKE_INSTALL_PREFIX=/home/uuv/Development/rov-ros2/ws_desktop_qt/install/px4_ros_com
[250.912s] DEBUG:colcon.colcon_core.event_handler.log_command:Invoking command in '/home/uuv/Development/rov-ros2/ws_desktop_qt/build/px4_ros_com': AMENT_PREFIX_PATH=/home/uuv/Development/rov-ros2/ws_desktop_qt/install/px4_msgs:${AMENT_PREFIX_PATH} CMAKE_PREFIX_PATH=/home/uuv/Development/rov-ros2/ws_desktop_qt/install/px4_msgs:/opt/ros/humble LD_LIBRARY_PATH=/home/uuv/Development/rov-ros2/ws_desktop_qt/install/px4_msgs/lib:${LD_LIBRARY_PATH} PYTHONPATH=/home/uuv/Development/rov-ros2/ws_desktop_qt/install/px4_msgs/local/lib/python3.10/dist-packages:${PYTHONPATH} /usr/bin/cmake --build /home/uuv/Development/rov-ros2/ws_desktop_qt/build/px4_ros_com -- -j8 -l8
[251.202s] DEBUG:colcon.colcon_core.event_handler.log_command:Invoked command in '/home/uuv/Development/rov-ros2/ws_desktop_qt/build/desktop_qt' returned '2': AMENT_PREFIX_PATH=/home/uuv/Development/rov-ros2/ws_desktop_qt/install/px4_msgs:${AMENT_PREFIX_PATH} CMAKE_PREFIX_PATH=/home/uuv/Development/rov-ros2/ws_desktop_qt/install/px4_msgs:/opt/ros/humble LD_LIBRARY_PATH=/home/uuv/Development/rov-ros2/ws_desktop_qt/install/px4_msgs/lib:${LD_LIBRARY_PATH} PYTHONPATH=/home/uuv/Development/rov-ros2/ws_desktop_qt/install/px4_msgs/local/lib/python3.10/dist-packages:${PYTHONPATH} /usr/bin/cmake --build /home/uuv/Development/rov-ros2/ws_desktop_qt/build/desktop_qt -- -j8 -l8
[251.203s] Level 1:colcon.colcon_core.environment:create_environment_scripts_only(desktop_qt)
[251.204s] Level 1:colcon.colcon_core.environment:checking '/home/uuv/Development/rov-ros2/ws_desktop_qt/install/desktop_qt' for CMake module files
[251.204s] Level 1:colcon.colcon_core.environment:checking '/home/uuv/Development/rov-ros2/ws_desktop_qt/install/desktop_qt' for CMake config files
[251.204s] Level 1:colcon.colcon_core.environment:checking '/home/uuv/Development/rov-ros2/ws_desktop_qt/install/desktop_qt/bin'
[251.205s] Level 1:colcon.colcon_core.environment:checking '/home/uuv/Development/rov-ros2/ws_desktop_qt/install/desktop_qt/lib/pkgconfig/desktop_qt.pc'
[251.205s] Level 1:colcon.colcon_core.environment:checking '/home/uuv/Development/rov-ros2/ws_desktop_qt/install/desktop_qt/lib/python3.10/site-packages'
[251.205s] Level 1:colcon.colcon_core.environment:checking '/home/uuv/Development/rov-ros2/ws_desktop_qt/install/desktop_qt/bin'
[251.206s] INFO:colcon.colcon_core.shell:Creating package script '/home/uuv/Development/rov-ros2/ws_desktop_qt/install/desktop_qt/share/desktop_qt/package.ps1'
[251.206s] INFO:colcon.colcon_core.shell:Creating package descriptor '/home/uuv/Development/rov-ros2/ws_desktop_qt/install/desktop_qt/share/desktop_qt/package.dsv'
[251.207s] INFO:colcon.colcon_core.shell:Creating package script '/home/uuv/Development/rov-ros2/ws_desktop_qt/install/desktop_qt/share/desktop_qt/package.sh'
[251.208s] INFO:colcon.colcon_core.shell:Creating package script '/home/uuv/Development/rov-ros2/ws_desktop_qt/install/desktop_qt/share/desktop_qt/package.bash'
[251.208s] INFO:colcon.colcon_core.shell:Creating package script '/home/uuv/Development/rov-ros2/ws_desktop_qt/install/desktop_qt/share/desktop_qt/package.zsh'
[251.209s] Level 1:colcon.colcon_core.environment:create_file_with_runtime_dependencies(/home/uuv/Development/rov-ros2/ws_desktop_qt/install/desktop_qt/share/colcon-core/packages/desktop_qt)
[264.818s] DEBUG:colcon.colcon_parallel_executor.executor.parallel:closing loop
[264.818s] DEBUG:colcon.colcon_parallel_executor.executor.parallel:loop closed
[264.819s] DEBUG:colcon.colcon_parallel_executor.executor.parallel:run_until_complete finished with '2'
[264.819s] DEBUG:colcon.colcon_core.event_reactor:joining thread
[264.825s] INFO:colcon.colcon_core.plugin_system:Skipping extension 'colcon_notification.desktop_notification.terminal_notifier': Not used on non-Darwin systems
[264.825s] INFO:colcon.colcon_core.plugin_system:Skipping extension 'colcon_notification.desktop_notification.win32': Not used on non-Windows systems
[264.825s] INFO:colcon.colcon_notification.desktop_notification:Sending desktop notification using 'notify2'
[264.826s] DEBUG:colcon.colcon_notification.desktop_notification.notify2:Failed to initialize notify2: org.freedesktop.DBus.Error.BadAddress: '=' character not found or has no value following it
[264.826s] DEBUG:colcon.colcon_core.event_reactor:joined thread
[264.826s] INFO:colcon.colcon_core.shell:Creating prefix script '/home/uuv/Development/rov-ros2/ws_desktop_qt/install/local_setup.ps1'
[264.827s] INFO:colcon.colcon_core.shell:Creating prefix util module '/home/uuv/Development/rov-ros2/ws_desktop_qt/install/_local_setup_util_ps1.py'
[264.829s] INFO:colcon.colcon_core.shell:Creating prefix chain script '/home/uuv/Development/rov-ros2/ws_desktop_qt/install/setup.ps1'
[264.830s] INFO:colcon.colcon_core.shell:Creating prefix script '/home/uuv/Development/rov-ros2/ws_desktop_qt/install/local_setup.sh'
[264.830s] INFO:colcon.colcon_core.shell:Creating prefix util module '/home/uuv/Development/rov-ros2/ws_desktop_qt/install/_local_setup_util_sh.py'
[264.831s] INFO:colcon.colcon_core.shell:Creating prefix chain script '/home/uuv/Development/rov-ros2/ws_desktop_qt/install/setup.sh'
[264.832s] INFO:colcon.colcon_core.shell:Creating prefix script '/home/uuv/Development/rov-ros2/ws_desktop_qt/install/local_setup.bash'
[264.833s] INFO:colcon.colcon_core.shell:Creating prefix chain script '/home/uuv/Development/rov-ros2/ws_desktop_qt/install/setup.bash'
[264.834s] INFO:colcon.colcon_core.shell:Creating prefix script '/home/uuv/Development/rov-ros2/ws_desktop_qt/install/local_setup.zsh'
[264.834s] INFO:colcon.colcon_core.shell:Creating prefix chain script '/home/uuv/Development/rov-ros2/ws_desktop_qt/install/setup.zsh'
