[ 20%] Automatic MOC and UIC for target qt_c_node
[ 20%] Built target qt_c_node_autogen
Consolidate compiler generated dependencies of target qt_c_node
[100%] Built target qt_c_node
-- Install configuration: "Debug"
-- Up-to-date: /home/uuv/Development/rov-ros2/ws_desktop_qt/install/desktop_qt/share/ament_index/resource_index/package_run_dependencies/desktop_qt
-- Up-to-date: /home/uuv/Development/rov-ros2/ws_desktop_qt/install/desktop_qt/share/ament_index/resource_index/parent_prefix_path/desktop_qt
-- Up-to-date: /home/uuv/Development/rov-ros2/ws_desktop_qt/install/desktop_qt/share/desktop_qt/environment/ament_prefix_path.sh
-- Up-to-date: /home/uuv/Development/rov-ros2/ws_desktop_qt/install/desktop_qt/share/desktop_qt/environment/ament_prefix_path.dsv
-- Up-to-date: /home/uuv/Development/rov-ros2/ws_desktop_qt/install/desktop_qt/share/desktop_qt/environment/path.sh
-- Up-to-date: /home/uuv/Development/rov-ros2/ws_desktop_qt/install/desktop_qt/share/desktop_qt/environment/path.dsv
-- Up-to-date: /home/uuv/Development/rov-ros2/ws_desktop_qt/install/desktop_qt/share/desktop_qt/local_setup.bash
-- Up-to-date: /home/uuv/Development/rov-ros2/ws_desktop_qt/install/desktop_qt/share/desktop_qt/local_setup.sh
-- Up-to-date: /home/uuv/Development/rov-ros2/ws_desktop_qt/install/desktop_qt/share/desktop_qt/local_setup.zsh
-- Up-to-date: /home/uuv/Development/rov-ros2/ws_desktop_qt/install/desktop_qt/share/desktop_qt/local_setup.dsv
-- Installing: /home/uuv/Development/rov-ros2/ws_desktop_qt/install/desktop_qt/share/desktop_qt/package.dsv
-- Up-to-date: /home/uuv/Development/rov-ros2/ws_desktop_qt/install/desktop_qt/share/ament_index/resource_index/packages/desktop_qt
-- Up-to-date: /home/uuv/Development/rov-ros2/ws_desktop_qt/install/desktop_qt/share/desktop_qt/cmake/desktop_qtConfig.cmake
-- Up-to-date: /home/uuv/Development/rov-ros2/ws_desktop_qt/install/desktop_qt/share/desktop_qt/cmake/desktop_qtConfig-version.cmake
-- Up-to-date: /home/uuv/Development/rov-ros2/ws_desktop_qt/install/desktop_qt/share/desktop_qt/package.xml
