[0.654s] Invoking command in '/home/uuv/Development/rov-ros2/ws_desktop_qt/src/qt-uic-py': PYTHONPATH=/home/uuv/Development/rov-ros2/ws_desktop_qt/build/qt-uic-py/prefix_override:/usr/lib/python3/dist-packages/colcon_core/task/python/colcon_distutils_commands:/home/uuv/Development/rov-ros2/ws_desktop_qt/install/qt-uic-py/lib/python3.10/site-packages:${PYTHONPATH} /usr/bin/python3 -W ignore:setup.py install is deprecated -W ignore:easy_install command is deprecated setup.py egg_info --egg-base ../../build/qt-uic-py build --build-base /home/uuv/Development/rov-ros2/ws_desktop_qt/build/qt-uic-py/build install --record /home/uuv/Development/rov-ros2/ws_desktop_qt/build/qt-uic-py/install.log --single-version-externally-managed install_data
[0.901s] running egg_info
[0.901s] creating ../../build/qt-uic-py/qt_uic_py.egg-info
[0.901s] writing ../../build/qt-uic-py/qt_uic_py.egg-info/PKG-INFO
[0.902s] writing dependency_links to ../../build/qt-uic-py/qt_uic_py.egg-info/dependency_links.txt
[0.902s] writing entry points to ../../build/qt-uic-py/qt_uic_py.egg-info/entry_points.txt
[0.902s] writing requirements to ../../build/qt-uic-py/qt_uic_py.egg-info/requires.txt
[0.902s] writing top-level names to ../../build/qt-uic-py/qt_uic_py.egg-info/top_level.txt
[0.902s] writing manifest file '../../build/qt-uic-py/qt_uic_py.egg-info/SOURCES.txt'
[0.903s] reading manifest file '../../build/qt-uic-py/qt_uic_py.egg-info/SOURCES.txt'
[0.904s] writing manifest file '../../build/qt-uic-py/qt_uic_py.egg-info/SOURCES.txt'
[0.905s] running build
[0.905s] running build_py
[0.905s] creating /home/uuv/Development/rov-ros2/ws_desktop_qt/build/qt-uic-py/build
[0.905s] creating /home/uuv/Development/rov-ros2/ws_desktop_qt/build/qt-uic-py/build/lib
[0.905s] creating /home/uuv/Development/rov-ros2/ws_desktop_qt/build/qt-uic-py/build/lib/qt-uic-py
[0.905s] copying qt-uic-py/__init__.py -> /home/uuv/Development/rov-ros2/ws_desktop_qt/build/qt-uic-py/build/lib/qt-uic-py
[0.905s] running install
[0.905s] running install_lib
[0.906s] creating /home/uuv/Development/rov-ros2/ws_desktop_qt/install/qt-uic-py/lib/python3.10/site-packages/qt-uic-py
[0.906s] copying /home/uuv/Development/rov-ros2/ws_desktop_qt/build/qt-uic-py/build/lib/qt-uic-py/__init__.py -> /home/uuv/Development/rov-ros2/ws_desktop_qt/install/qt-uic-py/lib/python3.10/site-packages/qt-uic-py
[0.907s] byte-compiling /home/uuv/Development/rov-ros2/ws_desktop_qt/install/qt-uic-py/lib/python3.10/site-packages/qt-uic-py/__init__.py to __init__.cpython-310.pyc
[0.907s] running install_data
[0.907s] creating /home/uuv/Development/rov-ros2/ws_desktop_qt/install/qt-uic-py/share/ament_index
[0.907s] creating /home/uuv/Development/rov-ros2/ws_desktop_qt/install/qt-uic-py/share/ament_index/resource_index
[0.907s] creating /home/uuv/Development/rov-ros2/ws_desktop_qt/install/qt-uic-py/share/ament_index/resource_index/packages
[0.907s] copying resource/qt-uic-py -> /home/uuv/Development/rov-ros2/ws_desktop_qt/install/qt-uic-py/share/ament_index/resource_index/packages
[0.907s] copying package.xml -> /home/uuv/Development/rov-ros2/ws_desktop_qt/install/qt-uic-py/share/qt-uic-py
[0.907s] running install_egg_info
[0.909s] Copying ../../build/qt-uic-py/qt_uic_py.egg-info to /home/uuv/Development/rov-ros2/ws_desktop_qt/install/qt-uic-py/lib/python3.10/site-packages/qt_uic_py-0.0.0-py3.10.egg-info
[0.910s] running install_scripts
[0.931s] writing list of installed files to '/home/uuv/Development/rov-ros2/ws_desktop_qt/build/qt-uic-py/install.log'
[0.954s] Invoked command in '/home/uuv/Development/rov-ros2/ws_desktop_qt/src/qt-uic-py' returned '0': PYTHONPATH=/home/uuv/Development/rov-ros2/ws_desktop_qt/build/qt-uic-py/prefix_override:/usr/lib/python3/dist-packages/colcon_core/task/python/colcon_distutils_commands:/home/uuv/Development/rov-ros2/ws_desktop_qt/install/qt-uic-py/lib/python3.10/site-packages:${PYTHONPATH} /usr/bin/python3 -W ignore:setup.py install is deprecated -W ignore:easy_install command is deprecated setup.py egg_info --egg-base ../../build/qt-uic-py build --build-base /home/uuv/Development/rov-ros2/ws_desktop_qt/build/qt-uic-py/build install --record /home/uuv/Development/rov-ros2/ws_desktop_qt/build/qt-uic-py/install.log --single-version-externally-managed install_data
