[0.010s] Invoking command in '/home/uuv/Development/rov-ros2/ws_desktop_qt/build/px4_ros_com': AMENT_PREFIX_PATH=/home/uuv/Development/rov-ros2/ws_desktop_qt/install/px4_msgs:${AMENT_PREFIX_PATH} CMAKE_PREFIX_PATH=/home/uuv/Development/rov-ros2/ws_desktop_qt/install/px4_msgs:/opt/ros/humble LD_LIBRARY_PATH=/home/uuv/Development/rov-ros2/ws_desktop_qt/install/px4_msgs/lib:${LD_LIBRARY_PATH} PYTHONPATH=/home/uuv/Development/rov-ros2/ws_desktop_qt/install/px4_msgs/local/lib/python3.10/dist-packages:${PYTHONPATH} /usr/bin/cmake /home/uuv/Development/rov-ros2/ws_desktop_qt/src/px4_ros_com -G CodeBlocks - Unix Makefiles -DCMAKE_BUILD_TYPE=Debug -DCMAKE_INSTALL_PREFIX=/home/uuv/Development/rov-ros2/ws_desktop_qt/install/px4_ros_com
[0.067s] -- The C compiler identification is GNU 11.4.0
[0.127s] -- The CXX compiler identification is GNU 11.4.0
[0.171s] -- Detecting C compiler ABI info
[0.245s] -- Detecting C compiler ABI info - done
[0.253s] -- Check for working C compiler: /usr/bin/cc - skipped
[0.253s] -- Detecting C compile features
[0.254s] -- Detecting C compile features - done
[0.257s] -- Detecting CXX compiler ABI info
[0.345s] -- Detecting CXX compiler ABI info - done
[0.353s] -- Check for working CXX compiler: /usr/bin/c++ - skipped
[0.353s] -- Detecting CXX compile features
[0.354s] -- Detecting CXX compile features - done
[0.357s] -- Found ament_cmake: 1.3.10 (/opt/ros/humble/share/ament_cmake/cmake)
[0.517s] -- Found Python3: /usr/bin/python3 (found version "3.10.12") found components: Interpreter 
[0.611s] -- Found builtin_interfaces: 1.2.1 (/opt/ros/humble/share/builtin_interfaces/cmake)
[0.643s] -- Found rosidl_generator_c: 3.1.5 (/opt/ros/humble/share/rosidl_generator_c/cmake)
[0.648s] -- Found rosidl_adapter: 3.1.5 (/opt/ros/humble/share/rosidl_adapter/cmake)
[0.656s] -- Found rosidl_generator_cpp: 3.1.5 (/opt/ros/humble/share/rosidl_generator_cpp/cmake)
[0.668s] -- Using all available rosidl_typesupport_c: rosidl_typesupport_fastrtps_c;rosidl_typesupport_introspection_c
[0.684s] -- Using all available rosidl_typesupport_cpp: rosidl_typesupport_fastrtps_cpp;rosidl_typesupport_introspection_cpp
[0.699s] -- Found eigen3_cmake_module: 0.1.1 (/opt/ros/humble/share/eigen3_cmake_module/cmake)
[0.717s] -- Found Eigen3: TRUE (found version "3.4.0") 
[0.718s] -- Found geometry_msgs: 4.2.4 (/opt/ros/humble/share/geometry_msgs/cmake)
[0.747s] -- Found px4_msgs: 2.0.1 (/home/uuv/Development/rov-ros2/ws_desktop_qt/install/px4_msgs/share/px4_msgs/cmake)
[0.760s] -- Found rclcpp: 16.0.10 (/opt/ros/humble/share/rclcpp/cmake)
[0.799s] -- Found rmw_implementation_cmake: 6.1.2 (/opt/ros/humble/share/rmw_implementation_cmake/cmake)
[0.802s] -- Found rmw_fastrtps_cpp: 6.2.7 (/opt/ros/humble/share/rmw_fastrtps_cpp/cmake)
[0.895s] -- Found OpenSSL: /usr/lib/x86_64-linux-gnu/libcrypto.so (found version "3.0.2")  
[0.925s] -- Found FastRTPS: /opt/ros/humble/include  
[0.973s] -- Using RMW implementation 'rmw_fastrtps_cpp' as default
[0.982s] -- Looking for pthread.h
[1.061s] -- Looking for pthread.h - found
[1.062s] -- Performing Test CMAKE_HAVE_LIBC_PTHREAD
[1.140s] -- Performing Test CMAKE_HAVE_LIBC_PTHREAD - Success
[1.142s] -- Found Threads: TRUE  
[1.184s] -- Found sensor_msgs: 4.2.4 (/opt/ros/humble/share/sensor_msgs/cmake)
[1.204s] -- Found rclpy: 3.3.14 (/opt/ros/humble/share/rclpy/cmake)
[1.212s] -- Found ament_lint_auto: 0.12.11 (/opt/ros/humble/share/ament_lint_auto/cmake)
[1.324s] -- Added test 'copyright' to check source files copyright and LICENSE
[1.328s] -- Added test 'cppcheck' to perform static code analysis on C / C++ code
[1.329s] -- Configured cppcheck include dirs: /home/uuv/Development/rov-ros2/ws_desktop_qt/src/px4_ros_com/include;$<BUILD_INTERFACE:/home/uuv/Development/rov-ros2/ws_desktop_qt/src/px4_ros_com/include/px4_ros_com>
[1.329s] -- Configured cppcheck exclude dirs and/or files: 
[1.334s] -- Added test 'cpplint' to check C / C++ code against the Google style
[1.334s] -- Configured cpplint exclude dirs and/or files: 
[1.335s] -- Added test 'flake8' to check Python code syntax and style conventions
[1.336s] -- Added test 'lint_cmake' to check CMake code style
[1.339s] -- Added test 'pep257' to check Python code against some of the docstring style conventions in PEP 257
[1.342s] -- Added test 'uncrustify' to check C / C++ code style
[1.342s] -- Configured uncrustify additional arguments: 
[1.343s] -- Added test 'xmllint' to check XML markup files
[1.346s] -- Configuring done
[1.389s] -- Generating done
[1.400s] -- Build files have been written to: /home/uuv/Development/rov-ros2/ws_desktop_qt/build/px4_ros_com
[1.412s] Invoked command in '/home/uuv/Development/rov-ros2/ws_desktop_qt/build/px4_ros_com' returned '0': AMENT_PREFIX_PATH=/home/uuv/Development/rov-ros2/ws_desktop_qt/install/px4_msgs:${AMENT_PREFIX_PATH} CMAKE_PREFIX_PATH=/home/uuv/Development/rov-ros2/ws_desktop_qt/install/px4_msgs:/opt/ros/humble LD_LIBRARY_PATH=/home/uuv/Development/rov-ros2/ws_desktop_qt/install/px4_msgs/lib:${LD_LIBRARY_PATH} PYTHONPATH=/home/uuv/Development/rov-ros2/ws_desktop_qt/install/px4_msgs/local/lib/python3.10/dist-packages:${PYTHONPATH} /usr/bin/cmake /home/uuv/Development/rov-ros2/ws_desktop_qt/src/px4_ros_com -G CodeBlocks - Unix Makefiles -DCMAKE_BUILD_TYPE=Debug -DCMAKE_INSTALL_PREFIX=/home/uuv/Development/rov-ros2/ws_desktop_qt/install/px4_ros_com
[1.414s] Invoking command in '/home/uuv/Development/rov-ros2/ws_desktop_qt/build/px4_ros_com': AMENT_PREFIX_PATH=/home/uuv/Development/rov-ros2/ws_desktop_qt/install/px4_msgs:${AMENT_PREFIX_PATH} CMAKE_PREFIX_PATH=/home/uuv/Development/rov-ros2/ws_desktop_qt/install/px4_msgs:/opt/ros/humble LD_LIBRARY_PATH=/home/uuv/Development/rov-ros2/ws_desktop_qt/install/px4_msgs/lib:${LD_LIBRARY_PATH} PYTHONPATH=/home/uuv/Development/rov-ros2/ws_desktop_qt/install/px4_msgs/local/lib/python3.10/dist-packages:${PYTHONPATH} /usr/bin/cmake --build /home/uuv/Development/rov-ros2/ws_desktop_qt/build/px4_ros_com -- -j8 -l8
[1.482s] [ 33%] Building CXX object CMakeFiles/vehicle_gps_position_listener.dir/src/examples/listeners/vehicle_gps_position_listener.cpp.o
[1.482s] [ 33%] Building CXX object CMakeFiles/frame_transforms.dir/src/lib/frame_transforms.cpp.o
[1.482s] [ 33%] Building CXX object CMakeFiles/sensor_combined_listener.dir/src/examples/listeners/sensor_combined_listener.cpp.o
[1.482s] [ 33%] Building CXX object CMakeFiles/debug_vect_advertiser.dir/src/examples/advertisers/debug_vect_advertiser.cpp.o
[1.483s] [ 41%] Building CXX object CMakeFiles/offboard_control_srv.dir/src/examples/offboard/offboard_control_srv.cpp.o
[1.484s] [ 50%] Building CXX object CMakeFiles/offboard_control.dir/src/examples/offboard/offboard_control.cpp.o
[1.499s] [ 50%] Built target ament_cmake_python_copy_px4_ros_com
[1.889s] running egg_info
[1.890s] creating px4_ros_com.egg-info
[1.890s] writing px4_ros_com.egg-info/PKG-INFO
[1.890s] writing dependency_links to px4_ros_com.egg-info/dependency_links.txt
[1.891s] writing top-level names to px4_ros_com.egg-info/top_level.txt
[1.891s] writing manifest file 'px4_ros_com.egg-info/SOURCES.txt'
[1.895s] reading manifest file 'px4_ros_com.egg-info/SOURCES.txt'
[1.896s] writing manifest file 'px4_ros_com.egg-info/SOURCES.txt'
[1.942s] [ 50%] Built target ament_cmake_python_build_px4_ros_com_egg
[9.673s] [ 58%] Linking CXX executable offboard_control
[10.148s] [ 58%] Built target offboard_control
[10.647s] [ 66%] Linking CXX executable debug_vect_advertiser
[11.034s] [ 66%] Built target debug_vect_advertiser
[11.679s] [ 75%] Linking CXX executable offboard_control_srv
[12.016s] [ 75%] Built target offboard_control_srv
[13.715s] [ 83%] Linking CXX shared library libframe_transforms.so
[13.887s] [ 91%] Linking CXX executable sensor_combined_listener
[14.199s] [ 91%] Built target frame_transforms
[14.388s] [ 91%] Built target sensor_combined_listener
[14.867s] [100%] Linking CXX executable vehicle_gps_position_listener
[15.298s] [100%] Built target vehicle_gps_position_listener
