[0.015s] Invoking command in '/home/uuv/Development/rov-ros2/ws_desktop_qt/build/desktop_qt': CMAKE_PREFIX_PATH=/home/uuv/Development/rov-ros2/ws_desktop_qt/install/px4_msgs:/home/uuv/Development/rov-ros2/ws_desktop_qt/install/px4_ros_com:/home/uuv/Development/rov-ros2/ws_desktop_qt/install/desktop_qt:/home/uuv/Development/rov-ros2/ws_desktop_qt/install/qt-uic-py:/opt/ros/humble LD_LIBRARY_PATH=/home/uuv/Development/rov-ros2/ws_desktop_qt/install/px4_msgs/lib:/home/uuv/Development/rov-ros2/ws_desktop_qt/install/px4_ros_com/lib:/opt/ros/humble/opt/rviz_ogre_vendor/lib:/opt/ros/humble/lib/x86_64-linux-gnu:/opt/ros/humble/lib:/snap/qtcreator-ros/116/lib:/snap/qtcreator-ros/116/usr/lib/x86_64-linux-gnu /usr/bin/cmake --build /home/uuv/Development/rov-ros2/ws_desktop_qt/build/desktop_qt -- -j8 -l8
[0.084s] [ 16%] Automatic MOC and UIC for target qt_c_node
[0.117s] 
[0.117s] AutoUic subprocess error
[0.117s] ------------------------
[0.117s] The uic process failed to compile
[0.117s]   "SRC:/src/mainwindow.ui"
[0.118s] into
[0.118s]   "BIN:/qt_c_node_autogen/include/ui_mainwindow.h"
[0.118s] included by
[0.118s]   "SRC:/src/mainwindow.cpp"
[0.118s] 
[0.118s] Command
[0.118s] -------
[0.119s] /usr/lib/qt5/bin/uic -o /home/uuv/Development/rov-ros2/ws_desktop_qt/build/desktop_qt/qt_c_node_autogen/include/ui_mainwindow.h /home/uuv/Development/rov-ros2/ws_desktop_qt/src/desktop_qt/src/mainwindow.ui
[0.119s] 
[0.119s] Output
[0.119s] ------
[0.119s] /usr/lib/qt5/bin/uic: symbol lookup error: /snap/core20/current/lib/x86_64-linux-gnu/libpthread.so.0: undefined symbol: __libc_pthread_init, version GLIBC_PRIVATE
[0.119s] 
[0.119s] gmake[2]: *** [CMakeFiles/qt_c_node_autogen.dir/build.make:71: CMakeFiles/qt_c_node_autogen] Error 1
[0.119s] gmake[1]: *** [CMakeFiles/Makefile2:164: CMakeFiles/qt_c_node_autogen.dir/all] Error 2
[0.120s] gmake: *** [Makefile:146: all] Error 2
[0.121s] Invoked command in '/home/uuv/Development/rov-ros2/ws_desktop_qt/build/desktop_qt' returned '2': CMAKE_PREFIX_PATH=/home/uuv/Development/rov-ros2/ws_desktop_qt/install/px4_msgs:/home/uuv/Development/rov-ros2/ws_desktop_qt/install/px4_ros_com:/home/uuv/Development/rov-ros2/ws_desktop_qt/install/desktop_qt:/home/uuv/Development/rov-ros2/ws_desktop_qt/install/qt-uic-py:/opt/ros/humble LD_LIBRARY_PATH=/home/uuv/Development/rov-ros2/ws_desktop_qt/install/px4_msgs/lib:/home/uuv/Development/rov-ros2/ws_desktop_qt/install/px4_ros_com/lib:/opt/ros/humble/opt/rviz_ogre_vendor/lib:/opt/ros/humble/lib/x86_64-linux-gnu:/opt/ros/humble/lib:/snap/qtcreator-ros/116/lib:/snap/qtcreator-ros/116/usr/lib/x86_64-linux-gnu /usr/bin/cmake --build /home/uuv/Development/rov-ros2/ws_desktop_qt/build/desktop_qt -- -j8 -l8
